gpasm-1.0.0 #932 (Jan 21 2013) firmware2-objs   4-9-2021  17:01:40          PAGE  1


LOC  OBJECT CODE     LINE SOURCE TEXT
  VALUE

                      00001 ;--------------------------------------------------------
                      00002 ; File Created by SDCC : free open source ANSI-C Compiler
                      00003 ; Version 3.6.5 #9830 (MINGW32)
                      00004 ;--------------------------------------------------------
                      00005 ; PIC16 port for the Microchip 16-bit core micros
                      00006 ;--------------------------------------------------------
                      00007         list    p=18f26k22
                      00008         radix   dec
                      00009 
                      00010 
                      00011 ;--------------------------------------------------------
                      00012 ; public variables in this module
                      00013 ;--------------------------------------------------------
  0000                00014         global  _EEdeclareChar
  0000                00015         global  _EEdeclareInt
  0000                00016         global  _EEdeclareLong
  0000                00017         global  _EEwriteMain
  0000                00018         global  _EEreadMain
  0000                00019         global  _eeaddress
  0000                00020         global  _eeoperation
  0000                00021         global  _EELoadChar
  0000                00022         global  _EELoadInt
  0000                00023         global  _EELoadLong
  0000                00024         global  _EESaveChar
  0000                00025         global  _EESaveInt
  0000                00026         global  _EESaveLong
                      00027 
                      00028 ;--------------------------------------------------------
                      00029 ; extern variables in this module
                      00030 ;--------------------------------------------------------
  0000                00031         extern  __gptrput1
  0000                00032         extern  __gptrget1
  0000                00033         extern  __gptrput2
  0000                00034         extern  __gptrget2
  0000                00035         extern  __gptrput4
  0000                00036         extern  __gptrget4
  0000                00037         extern  _ANSELAbits
  0000                00038         extern  _ANSELBbits
  0000                00039         extern  _ANSELCbits
  0000                00040         extern  _PMD2bits
  0000                00041         extern  _PMD1bits
  0000                00042         extern  _PMD0bits
  0000                00043         extern  _DACCON1bits
  0000                00044         extern  _VREFCON2bits
  0000                00045         extern  _DACCON0bits
  0000                00046         extern  _VREFCON1bits
  0000                00047         extern  _FVRCONbits
  0000                00048         extern  _VREFCON0bits
  0000                00049         extern  _CTMUICONbits
  0000                00050         extern  _CTMUICONHbits
  0000                00051         extern  _CTMUCON1bits
  0000                00052         extern  _CTMUCONLbits
  0000                00053         extern  _CTMUCON0bits
gpasm-1.0.0 #932 (Jan 21 2013) firmware2-objs   4-9-2021  17:01:40          PAGE  2


LOC  OBJECT CODE     LINE SOURCE TEXT
  VALUE

  0000                00054         extern  _CTMUCONHbits
  0000                00055         extern  _SRCON1bits
  0000                00056         extern  _SRCON0bits
  0000                00057         extern  _CCPTMRS1bits
  0000                00058         extern  _CCPTMRS0bits
  0000                00059         extern  _T6CONbits
  0000                00060         extern  _T5GCONbits
  0000                00061         extern  _T5CONbits
  0000                00062         extern  _T4CONbits
  0000                00063         extern  _CCP5CONbits
  0000                00064         extern  _CCP4CONbits
  0000                00065         extern  _PSTR3CONbits
  0000                00066         extern  _CCP3ASbits
  0000                00067         extern  _ECCP3ASbits
  0000                00068         extern  _PWM3CONbits
  0000                00069         extern  _CCP3CONbits
  0000                00070         extern  _SLRCONbits
  0000                00071         extern  _WPUBbits
  0000                00072         extern  _IOCBbits
  0000                00073         extern  _PSTR2CONbits
  0000                00074         extern  _CCP2ASbits
  0000                00075         extern  _ECCP2ASbits
  0000                00076         extern  _PWM2CONbits
  0000                00077         extern  _CCP2CONbits
  0000                00078         extern  _SSP2CON3bits
  0000                00079         extern  _SSP2MSKbits
  0000                00080         extern  _SSP2CON2bits
  0000                00081         extern  _SSP2CON1bits
  0000                00082         extern  _SSP2STATbits
  0000                00083         extern  _BAUD2CONbits
  0000                00084         extern  _BAUDCON2bits
  0000                00085         extern  _RC2STAbits
  0000                00086         extern  _RCSTA2bits
  0000                00087         extern  _TX2STAbits
  0000                00088         extern  _TXSTA2bits
  0000                00089         extern  _CM12CONbits
  0000                00090         extern  _CM2CON1bits
  0000                00091         extern  _CM2CONbits
  0000                00092         extern  _CM2CON0bits
  0000                00093         extern  _CM1CONbits
  0000                00094         extern  _CM1CON0bits
  0000                00095         extern  _PIE4bits
  0000                00096         extern  _PIR4bits
  0000                00097         extern  _IPR4bits
  0000                00098         extern  _PIE5bits
  0000                00099         extern  _PIR5bits
  0000                00100         extern  _IPR5bits
  0000                00101         extern  _PORTAbits
  0000                00102         extern  _PORTBbits
  0000                00103         extern  _PORTCbits
  0000                00104         extern  _PORTEbits
  0000                00105         extern  _LATAbits
  0000                00106         extern  _LATBbits
gpasm-1.0.0 #932 (Jan 21 2013) firmware2-objs   4-9-2021  17:01:40          PAGE  3


LOC  OBJECT CODE     LINE SOURCE TEXT
  VALUE

  0000                00107         extern  _LATCbits
  0000                00108         extern  _DDRAbits
  0000                00109         extern  _TRISAbits
  0000                00110         extern  _DDRBbits
  0000                00111         extern  _TRISBbits
  0000                00112         extern  _DDRCbits
  0000                00113         extern  _TRISCbits
  0000                00114         extern  _TRISEbits
  0000                00115         extern  _OSCTUNEbits
  0000                00116         extern  _HLVDCONbits
  0000                00117         extern  _LVDCONbits
  0000                00118         extern  _PIE1bits
  0000                00119         extern  _PIR1bits
  0000                00120         extern  _IPR1bits
  0000                00121         extern  _PIE2bits
  0000                00122         extern  _PIR2bits
  0000                00123         extern  _IPR2bits
  0000                00124         extern  _PIE3bits
  0000                00125         extern  _PIR3bits
  0000                00126         extern  _IPR3bits
  0000                00127         extern  _EECON1bits
  0000                00128         extern  _EEADRbits
  0000                00129         extern  _EEADRHbits
  0000                00130         extern  _RC1STAbits
  0000                00131         extern  _RCSTAbits
  0000                00132         extern  _RCSTA1bits
  0000                00133         extern  _TX1STAbits
  0000                00134         extern  _TXSTAbits
  0000                00135         extern  _TXSTA1bits
  0000                00136         extern  _T3CONbits
  0000                00137         extern  _T3GCONbits
  0000                00138         extern  _ECCP1ASbits
  0000                00139         extern  _ECCPASbits
  0000                00140         extern  _PWM1CONbits
  0000                00141         extern  _PWMCONbits
  0000                00142         extern  _BAUD1CONbits
  0000                00143         extern  _BAUDCONbits
  0000                00144         extern  _BAUDCON1bits
  0000                00145         extern  _BAUDCTLbits
  0000                00146         extern  _PSTR1CONbits
  0000                00147         extern  _PSTRCONbits
  0000                00148         extern  _T2CONbits
  0000                00149         extern  _CCP1CONbits
  0000                00150         extern  _ADCON2bits
  0000                00151         extern  _ADCON1bits
  0000                00152         extern  _ADCON0bits
  0000                00153         extern  _SSP1CON2bits
  0000                00154         extern  _SSPCON2bits
  0000                00155         extern  _SSP1CON1bits
  0000                00156         extern  _SSPCON1bits
  0000                00157         extern  _SSP1STATbits
  0000                00158         extern  _SSPSTATbits
  0000                00159         extern  _SSP1MSKbits
gpasm-1.0.0 #932 (Jan 21 2013) firmware2-objs   4-9-2021  17:01:40          PAGE  4


LOC  OBJECT CODE     LINE SOURCE TEXT
  VALUE

  0000                00160         extern  _SSPMSKbits
  0000                00161         extern  _SSP1CON3bits
  0000                00162         extern  _SSPCON3bits
  0000                00163         extern  _T1GCONbits
  0000                00164         extern  _T1CONbits
  0000                00165         extern  _RCONbits
  0000                00166         extern  _WDTCONbits
  0000                00167         extern  _OSCCON2bits
  0000                00168         extern  _OSCCONbits
  0000                00169         extern  _T0CONbits
  0000                00170         extern  _STATUSbits
  0000                00171         extern  _INTCON3bits
  0000                00172         extern  _INTCON2bits
  0000                00173         extern  _INTCONbits
  0000                00174         extern  _STKPTRbits
  0000                00175         extern  _stdin
  0000                00176         extern  _stdout
  0000                00177         extern  _Now
  0000                00178         extern  _PORTZ
  0000                00179         extern  _PORTZbits
  0000                00180         extern  _LATZ
  0000                00181         extern  _LATZbits
  0000                00182         extern  _TRICZ
  0000                00183         extern  _TRISZbits
  0000                00184         extern  _ANSELZ
  0000                00185         extern  _ANSELZbits
  0000                00186         extern  _ANSELA
  0000                00187         extern  _ANSELB
  0000                00188         extern  _ANSELC
  0000                00189         extern  _PMD2
  0000                00190         extern  _PMD1
  0000                00191         extern  _PMD0
  0000                00192         extern  _DACCON1
  0000                00193         extern  _VREFCON2
  0000                00194         extern  _DACCON0
  0000                00195         extern  _VREFCON1
  0000                00196         extern  _FVRCON
  0000                00197         extern  _VREFCON0
  0000                00198         extern  _CTMUICON
  0000                00199         extern  _CTMUICONH
  0000                00200         extern  _CTMUCON1
  0000                00201         extern  _CTMUCONL
  0000                00202         extern  _CTMUCON0
  0000                00203         extern  _CTMUCONH
  0000                00204         extern  _SRCON1
  0000                00205         extern  _SRCON0
  0000                00206         extern  _CCPTMRS1
  0000                00207         extern  _CCPTMRS0
  0000                00208         extern  _T6CON
  0000                00209         extern  _PR6
  0000                00210         extern  _TMR6
  0000                00211         extern  _T5GCON
  0000                00212         extern  _T5CON
gpasm-1.0.0 #932 (Jan 21 2013) firmware2-objs   4-9-2021  17:01:40          PAGE  5


LOC  OBJECT CODE     LINE SOURCE TEXT
  VALUE

  0000                00213         extern  _TMR5
  0000                00214         extern  _TMR5L
  0000                00215         extern  _TMR5H
  0000                00216         extern  _T4CON
  0000                00217         extern  _PR4
  0000                00218         extern  _TMR4
  0000                00219         extern  _CCP5CON
  0000                00220         extern  _CCPR5
  0000                00221         extern  _CCPR5L
  0000                00222         extern  _CCPR5H
  0000                00223         extern  _CCP4CON
  0000                00224         extern  _CCPR4
  0000                00225         extern  _CCPR4L
  0000                00226         extern  _CCPR4H
  0000                00227         extern  _PSTR3CON
  0000                00228         extern  _CCP3AS
  0000                00229         extern  _ECCP3AS
  0000                00230         extern  _PWM3CON
  0000                00231         extern  _CCP3CON
  0000                00232         extern  _CCPR3
  0000                00233         extern  _CCPR3L
  0000                00234         extern  _CCPR3H
  0000                00235         extern  _SLRCON
  0000                00236         extern  _WPUB
  0000                00237         extern  _IOCB
  0000                00238         extern  _PSTR2CON
  0000                00239         extern  _CCP2AS
  0000                00240         extern  _ECCP2AS
  0000                00241         extern  _PWM2CON
  0000                00242         extern  _CCP2CON
  0000                00243         extern  _CCPR2
  0000                00244         extern  _CCPR2L
  0000                00245         extern  _CCPR2H
  0000                00246         extern  _SSP2CON3
  0000                00247         extern  _SSP2MSK
  0000                00248         extern  _SSP2CON2
  0000                00249         extern  _SSP2CON1
  0000                00250         extern  _SSP2STAT
  0000                00251         extern  _SSP2ADD
  0000                00252         extern  _SSP2BUF
  0000                00253         extern  _BAUD2CON
  0000                00254         extern  _BAUDCON2
  0000                00255         extern  _RC2STA
  0000                00256         extern  _RCSTA2
  0000                00257         extern  _TX2STA
  0000                00258         extern  _TXSTA2
  0000                00259         extern  _TX2REG
  0000                00260         extern  _TXREG2
  0000                00261         extern  _RC2REG
  0000                00262         extern  _RCREG2
  0000                00263         extern  _SP2BRG
  0000                00264         extern  _SPBRG2
  0000                00265         extern  _SP2BRGH
gpasm-1.0.0 #932 (Jan 21 2013) firmware2-objs   4-9-2021  17:01:40          PAGE  6


LOC  OBJECT CODE     LINE SOURCE TEXT
  VALUE

  0000                00266         extern  _SPBRGH2
  0000                00267         extern  _CM12CON
  0000                00268         extern  _CM2CON1
  0000                00269         extern  _CM2CON
  0000                00270         extern  _CM2CON0
  0000                00271         extern  _CM1CON
  0000                00272         extern  _CM1CON0
  0000                00273         extern  _PIE4
  0000                00274         extern  _PIR4
  0000                00275         extern  _IPR4
  0000                00276         extern  _PIE5
  0000                00277         extern  _PIR5
  0000                00278         extern  _IPR5
  0000                00279         extern  _PORTA
  0000                00280         extern  _PORTB
  0000                00281         extern  _PORTC
  0000                00282         extern  _PORTE
  0000                00283         extern  _LATA
  0000                00284         extern  _LATB
  0000                00285         extern  _LATC
  0000                00286         extern  _DDRA
  0000                00287         extern  _TRISA
  0000                00288         extern  _DDRB
  0000                00289         extern  _TRISB
  0000                00290         extern  _DDRC
  0000                00291         extern  _TRISC
  0000                00292         extern  _TRISE
  0000                00293         extern  _OSCTUNE
  0000                00294         extern  _HLVDCON
  0000                00295         extern  _LVDCON
  0000                00296         extern  _PIE1
  0000                00297         extern  _PIR1
  0000                00298         extern  _IPR1
  0000                00299         extern  _PIE2
  0000                00300         extern  _PIR2
  0000                00301         extern  _IPR2
  0000                00302         extern  _PIE3
  0000                00303         extern  _PIR3
  0000                00304         extern  _IPR3
  0000                00305         extern  _EECON1
  0000                00306         extern  _EECON2
  0000                00307         extern  _EEDATA
  0000                00308         extern  _EEADR
  0000                00309         extern  _EEADRH
  0000                00310         extern  _RC1STA
  0000                00311         extern  _RCSTA
  0000                00312         extern  _RCSTA1
  0000                00313         extern  _TX1STA
  0000                00314         extern  _TXSTA
  0000                00315         extern  _TXSTA1
  0000                00316         extern  _TX1REG
  0000                00317         extern  _TXREG
  0000                00318         extern  _TXREG1
gpasm-1.0.0 #932 (Jan 21 2013) firmware2-objs   4-9-2021  17:01:40          PAGE  7


LOC  OBJECT CODE     LINE SOURCE TEXT
  VALUE

  0000                00319         extern  _RC1REG
  0000                00320         extern  _RCREG
  0000                00321         extern  _RCREG1
  0000                00322         extern  _SP1BRG
  0000                00323         extern  _SPBRG
  0000                00324         extern  _SPBRG1
  0000                00325         extern  _SP1BRGH
  0000                00326         extern  _SPBRGH
  0000                00327         extern  _SPBRGH1
  0000                00328         extern  _T3CON
  0000                00329         extern  _TMR3
  0000                00330         extern  _TMR3L
  0000                00331         extern  _TMR3H
  0000                00332         extern  _T3GCON
  0000                00333         extern  _ECCP1AS
  0000                00334         extern  _ECCPAS
  0000                00335         extern  _PWM1CON
  0000                00336         extern  _PWMCON
  0000                00337         extern  _BAUD1CON
  0000                00338         extern  _BAUDCON
  0000                00339         extern  _BAUDCON1
  0000                00340         extern  _BAUDCTL
  0000                00341         extern  _PSTR1CON
  0000                00342         extern  _PSTRCON
  0000                00343         extern  _T2CON
  0000                00344         extern  _PR2
  0000                00345         extern  _TMR2
  0000                00346         extern  _CCP1CON
  0000                00347         extern  _CCPR1
  0000                00348         extern  _CCPR1L
  0000                00349         extern  _CCPR1H
  0000                00350         extern  _ADCON2
  0000                00351         extern  _ADCON1
  0000                00352         extern  _ADCON0
  0000                00353         extern  _ADRES
  0000                00354         extern  _ADRESL
  0000                00355         extern  _ADRESH
  0000                00356         extern  _SSP1CON2
  0000                00357         extern  _SSPCON2
  0000                00358         extern  _SSP1CON1
  0000                00359         extern  _SSPCON1
  0000                00360         extern  _SSP1STAT
  0000                00361         extern  _SSPSTAT
  0000                00362         extern  _SSP1ADD
  0000                00363         extern  _SSPADD
  0000                00364         extern  _SSP1BUF
  0000                00365         extern  _SSPBUF
  0000                00366         extern  _SSP1MSK
  0000                00367         extern  _SSPMSK
  0000                00368         extern  _SSP1CON3
  0000                00369         extern  _SSPCON3
  0000                00370         extern  _T1GCON
  0000                00371         extern  _T1CON
gpasm-1.0.0 #932 (Jan 21 2013) firmware2-objs   4-9-2021  17:01:40          PAGE  8


LOC  OBJECT CODE     LINE SOURCE TEXT
  VALUE

  0000                00372         extern  _TMR1
  0000                00373         extern  _TMR1L
  0000                00374         extern  _TMR1H
  0000                00375         extern  _RCON
  0000                00376         extern  _WDTCON
  0000                00377         extern  _OSCCON2
  0000                00378         extern  _OSCCON
  0000                00379         extern  _T0CON
  0000                00380         extern  _TMR0
  0000                00381         extern  _TMR0L
  0000                00382         extern  _TMR0H
  0000                00383         extern  _STATUS
  0000                00384         extern  _FSR2L
  0000                00385         extern  _FSR2H
  0000                00386         extern  _PLUSW2
  0000                00387         extern  _PREINC2
  0000                00388         extern  _POSTDEC2
  0000                00389         extern  _POSTINC2
  0000                00390         extern  _INDF2
  0000                00391         extern  _BSR
  0000                00392         extern  _FSR1L
  0000                00393         extern  _FSR1H
  0000                00394         extern  _PLUSW1
  0000                00395         extern  _PREINC1
  0000                00396         extern  _POSTDEC1
  0000                00397         extern  _POSTINC1
  0000                00398         extern  _INDF1
  0000                00399         extern  _WREG
  0000                00400         extern  _FSR0L
  0000                00401         extern  _FSR0H
  0000                00402         extern  _PLUSW0
  0000                00403         extern  _PREINC0
  0000                00404         extern  _POSTDEC0
  0000                00405         extern  _POSTINC0
  0000                00406         extern  _INDF0
  0000                00407         extern  _INTCON3
  0000                00408         extern  _INTCON2
  0000                00409         extern  _INTCON
  0000                00410         extern  _PROD
  0000                00411         extern  _PRODL
  0000                00412         extern  _PRODH
  0000                00413         extern  _TABLAT
  0000                00414         extern  _TBLPTR
  0000                00415         extern  _TBLPTRL
  0000                00416         extern  _TBLPTRH
  0000                00417         extern  _TBLPTRU
  0000                00418         extern  _PC
  0000                00419         extern  _PCL
  0000                00420         extern  _PCLATH
  0000                00421         extern  _PCLATU
  0000                00422         extern  _STKPTR
  0000                00423         extern  _TOS
  0000                00424         extern  _TOSL
gpasm-1.0.0 #932 (Jan 21 2013) firmware2-objs   4-9-2021  17:01:40          PAGE  9


LOC  OBJECT CODE     LINE SOURCE TEXT
  VALUE

  0000                00425         extern  _TOSH
  0000                00426         extern  _TOSU
  0000                00427         extern  _eeWriteByte
  0000                00428         extern  _eeReadByte
                      00429 
                      00430 ;--------------------------------------------------------
                      00431 ;       Equates to used internal registers
                      00432 ;--------------------------------------------------------
  00000FD8            00433 STATUS  equ     0xfd8
  00000FE8            00434 WREG    equ     0xfe8
  00000FF6            00435 TBLPTRL equ     0xff6
  00000FF7            00436 TBLPTRH equ     0xff7
  00000FE9            00437 FSR0L   equ     0xfe9
  00000FE1            00438 FSR1L   equ     0xfe1
  00000FD9            00439 FSR2L   equ     0xfd9
  00000FE6            00440 POSTINC1        equ     0xfe6
  00000FE5            00441 POSTDEC1        equ     0xfe5
  00000FE4            00442 PREINC1 equ     0xfe4
  00000FDB            00443 PLUSW2  equ     0xfdb
  00000FF3            00444 PRODL   equ     0xff3
  00000FF4            00445 PRODH   equ     0xff4
                      00446 
                      00447 
                      00448 ; Internal registers
                      00449 .registers      udata_ovr       0x0000
000000                00450 r0x00   res     1
000001                00451 r0x01   res     1
000002                00452 r0x02   res     1
000003                00453 r0x03   res     1
000004                00454 r0x04   res     1
000005                00455 r0x05   res     1
000006                00456 r0x06   res     1
000007                00457 r0x07   res     1
000008                00458 r0x08   res     1
000009                00459 r0x09   res     1
00000A                00460 r0x0a   res     1
00000B                00461 r0x0b   res     1
                      00462 
                      00463 udata_eeparams_0        udata
000000                00464 _eeaddress      res     2
                      00465 
                      00466 udata_eeparams_1        udata
000000                00467 _eeoperation    res     1
                      00468 
                      00469 ;--------------------------------------------------------
                      00470 ; global & static initialisations
                      00471 ;--------------------------------------------------------
                      00472 ; I code from now on!
                      00473 ; ; Starting pCode block
                      00474 S_eeparams__EEreadMain  code
000000                00475 _EEreadMain:
000000 ????           00476         BANKSEL _eeoperation
                      00477 ;       .line   112; C:/Users/sarto/Documents/Pd/externals/Fraise/eeparams/eeparams.c   eeoperation=EE_R
gpasm-1.0.0 #932 (Jan 21 2013) firmware2-objs   4-9-2021  17:01:40          PAGE 10


LOC  OBJECT CODE     LINE SOURCE TEXT
  VALUE

                            D;
000002 6B??           00478         CLRF    _eeoperation, B
                      00479 ;       .line   113; C:/Users/sarto/Documents/Pd/externals/Fraise/eeparams/eeparams.c   eeaddress=EEUSER
                            ;
000004 0E1C           00480         MOVLW   0x1c
000006 ????           00481         BANKSEL _eeaddress
000008 6F??           00482         MOVWF   _eeaddress, B
                      00483 ; removed redundant BANKSEL
00000A 6B??           00484         CLRF    (_eeaddress + 1), B
00000C 0012           00485         RETURN  
                      00486 
                      00487 ; ; Starting pCode block
                      00488 S_eeparams__EEwriteMain code
000000                00489 _EEwriteMain:
                      00490 ;       .line   103; C:/Users/sarto/Documents/Pd/externals/Fraise/eeparams/eeparams.c   eeoperation=EE_W
                            R;
000000 0E01           00491         MOVLW   0x01
000002 ????           00492         BANKSEL _eeoperation
000004 6F??           00493         MOVWF   _eeoperation, B
                      00494 ;       .line   104; C:/Users/sarto/Documents/Pd/externals/Fraise/eeparams/eeparams.c   eeaddress=EEUSER
                            ;
000006 0E1C           00495         MOVLW   0x1c
000008 ????           00496         BANKSEL _eeaddress
00000A 6F??           00497         MOVWF   _eeaddress, B
                      00498 ; removed redundant BANKSEL
00000C 6B??           00499         CLRF    (_eeaddress + 1), B
00000E 0012           00500         RETURN  
                      00501 
                      00502 ; ; Starting pCode block
                      00503 S_eeparams__EEdeclareLong       code
000000                00504 _EEdeclareLong:
                      00505 ;       .line   92; C:/Users/sarto/Documents/Pd/externals/Fraise/eeparams/eeparams.c    void EEdeclareLo
                            ng(unsigned long *data)
000000 CFD9 FFE5      00506         MOVFF   FSR2L, POSTDEC1
000004 CFE1 FFD9      00507         MOVFF   FSR1L, FSR2L
000008 C??? F???      00508         MOVFF   r0x00, POSTDEC1
00000C C??? F???      00509         MOVFF   r0x01, POSTDEC1
000010 C??? F???      00510         MOVFF   r0x02, POSTDEC1
000014 C??? F???      00511         MOVFF   r0x03, POSTDEC1
000018 C??? F???      00512         MOVFF   r0x04, POSTDEC1
00001C C??? F???      00513         MOVFF   r0x05, POSTDEC1
000020 C??? F???      00514         MOVFF   r0x06, POSTDEC1
000024 0E02           00515         MOVLW   0x02
000026 CFDB F000      00516         MOVFF   PLUSW2, r0x00
00002A 0E03           00517         MOVLW   0x03
00002C CFDB F000      00518         MOVFF   PLUSW2, r0x01
000030 0E04           00519         MOVLW   0x04
000032 CFDB F000      00520         MOVFF   PLUSW2, r0x02
000036 ????           00521         BANKSEL _eeoperation
                      00522 ;       .line   94; C:/Users/sarto/Documents/Pd/externals/Fraise/eeparams/eeparams.c    if(eeoperation==
                            EE_RD) *data=EELoadLong();
000038 51??           00523         MOVF    _eeoperation, W, B
00003A E1??           00524         BNZ     _00176_DS_
gpasm-1.0.0 #932 (Jan 21 2013) firmware2-objs   4-9-2021  17:01:40          PAGE 11


LOC  OBJECT CODE     LINE SOURCE TEXT
  VALUE

00003C EC?? F0??      00525         CALL    _EELoadLong
000040 6E??           00526         MOVWF   r0x03
000042 CFF3 F000      00527         MOVFF   PRODL, r0x04
000046 CFF4 F000      00528         MOVFF   PRODH, r0x05
00004A CFE9 F000      00529         MOVFF   FSR0L, r0x06
00004E C??? F???      00530         MOVFF   r0x03, POSTDEC1
000052 C??? F???      00531         MOVFF   r0x04, PRODH
000056 C??? F???      00532         MOVFF   r0x05, TBLPTRL
00005A C??? F???      00533         MOVFF   r0x06, TBLPTRH
00005E C??? F???      00534         MOVFF   r0x00, FSR0L
000062 C??? F???      00535         MOVFF   r0x01, PRODL
000066 50??           00536         MOVF    r0x02, W
000068 EC?? F0??      00537         CALL    __gptrput4
00006C D???           00538         BRA     _00178_DS_
00006E                00539 _00176_DS_:
00006E ????           00540         BANKSEL _eeoperation
                      00541 ;       .line   95; C:/Users/sarto/Documents/Pd/externals/Fraise/eeparams/eeparams.c    else if(eeoperat
                            ion==EE_WR) EESaveLong(*data);
000070 51??           00542         MOVF    _eeoperation, W, B
000072 0A01           00543         XORLW   0x01
000074 E1??           00544         BNZ     _00178_DS_
000076 C??? F???      00545         MOVFF   r0x00, FSR0L
00007A C??? F???      00546         MOVFF   r0x01, PRODL
00007E 50??           00547         MOVF    r0x02, W
000080 EC?? F0??      00548         CALL    __gptrget4
000084 6E??           00549         MOVWF   r0x00
000086 CFF3 F000      00550         MOVFF   PRODL, r0x01
00008A CFF4 F000      00551         MOVFF   PRODH, r0x02
00008E CFE9 F000      00552         MOVFF   FSR0L, r0x03
000092 50??           00553         MOVF    r0x03, W
000094 6EE5           00554         MOVWF   POSTDEC1
000096 50??           00555         MOVF    r0x02, W
000098 6EE5           00556         MOVWF   POSTDEC1
00009A 50??           00557         MOVF    r0x01, W
00009C 6EE5           00558         MOVWF   POSTDEC1
00009E 50??           00559         MOVF    r0x00, W
0000A0 6EE5           00560         MOVWF   POSTDEC1
0000A2 EC?? F0??      00561         CALL    _EESaveLong
0000A6 0E04           00562         MOVLW   0x04
0000A8 26E1           00563         ADDWF   FSR1L, F
0000AA                00564 _00178_DS_:
0000AA CFE4 F000      00565         MOVFF   PREINC1, r0x06
0000AE CFE4 F000      00566         MOVFF   PREINC1, r0x05
0000B2 CFE4 F000      00567         MOVFF   PREINC1, r0x04
0000B6 CFE4 F000      00568         MOVFF   PREINC1, r0x03
0000BA CFE4 F000      00569         MOVFF   PREINC1, r0x02
0000BE CFE4 F000      00570         MOVFF   PREINC1, r0x01
0000C2 CFE4 F000      00571         MOVFF   PREINC1, r0x00
0000C6 CFE4 FFD9      00572         MOVFF   PREINC1, FSR2L
0000CA 0012           00573         RETURN  
                      00574 
                      00575 ; ; Starting pCode block
                      00576 S_eeparams__EEdeclareInt        code
gpasm-1.0.0 #932 (Jan 21 2013) firmware2-objs   4-9-2021  17:01:40          PAGE 12


LOC  OBJECT CODE     LINE SOURCE TEXT
  VALUE

000000                00577 _EEdeclareInt:
                      00578 ;       .line   86; C:/Users/sarto/Documents/Pd/externals/Fraise/eeparams/eeparams.c    void EEdeclareIn
                            t(unsigned int *data)
000000 CFD9 FFE5      00579         MOVFF   FSR2L, POSTDEC1
000004 CFE1 FFD9      00580         MOVFF   FSR1L, FSR2L
000008 C??? F???      00581         MOVFF   r0x00, POSTDEC1
00000C C??? F???      00582         MOVFF   r0x01, POSTDEC1
000010 C??? F???      00583         MOVFF   r0x02, POSTDEC1
000014 C??? F???      00584         MOVFF   r0x03, POSTDEC1
000018 C??? F???      00585         MOVFF   r0x04, POSTDEC1
00001C 0E02           00586         MOVLW   0x02
00001E CFDB F000      00587         MOVFF   PLUSW2, r0x00
000022 0E03           00588         MOVLW   0x03
000024 CFDB F000      00589         MOVFF   PLUSW2, r0x01
000028 0E04           00590         MOVLW   0x04
00002A CFDB F000      00591         MOVFF   PLUSW2, r0x02
00002E ????           00592         BANKSEL _eeoperation
                      00593 ;       .line   88; C:/Users/sarto/Documents/Pd/externals/Fraise/eeparams/eeparams.c    if(eeoperation==
                            EE_RD) *data=EELoadInt();
000030 51??           00594         MOVF    _eeoperation, W, B
000032 E1??           00595         BNZ     _00157_DS_
000034 EC?? F0??      00596         CALL    _EELoadInt
000038 6E??           00597         MOVWF   r0x03
00003A CFF3 F000      00598         MOVFF   PRODL, r0x04
00003E C??? F???      00599         MOVFF   r0x03, POSTDEC1
000042 C??? F???      00600         MOVFF   r0x04, PRODH
000046 C??? F???      00601         MOVFF   r0x00, FSR0L
00004A C??? F???      00602         MOVFF   r0x01, PRODL
00004E 50??           00603         MOVF    r0x02, W
000050 EC?? F0??      00604         CALL    __gptrput2
000054 D???           00605         BRA     _00159_DS_
000056                00606 _00157_DS_:
000056 ????           00607         BANKSEL _eeoperation
                      00608 ;       .line   89; C:/Users/sarto/Documents/Pd/externals/Fraise/eeparams/eeparams.c    else if(eeoperat
                            ion==EE_WR) EESaveInt(*data);
000058 51??           00609         MOVF    _eeoperation, W, B
00005A 0A01           00610         XORLW   0x01
00005C E1??           00611         BNZ     _00159_DS_
00005E C??? F???      00612         MOVFF   r0x00, FSR0L
000062 C??? F???      00613         MOVFF   r0x01, PRODL
000066 50??           00614         MOVF    r0x02, W
000068 EC?? F0??      00615         CALL    __gptrget2
00006C 6E??           00616         MOVWF   r0x00
00006E CFF3 F000      00617         MOVFF   PRODL, r0x01
000072 50??           00618         MOVF    r0x01, W
000074 6EE5           00619         MOVWF   POSTDEC1
000076 50??           00620         MOVF    r0x00, W
000078 6EE5           00621         MOVWF   POSTDEC1
00007A EC?? F0??      00622         CALL    _EESaveInt
00007E 52E6           00623         MOVF    POSTINC1, F
000080 52E6           00624         MOVF    POSTINC1, F
000082                00625 _00159_DS_:
000082 CFE4 F000      00626         MOVFF   PREINC1, r0x04
gpasm-1.0.0 #932 (Jan 21 2013) firmware2-objs   4-9-2021  17:01:40          PAGE 13


LOC  OBJECT CODE     LINE SOURCE TEXT
  VALUE

000086 CFE4 F000      00627         MOVFF   PREINC1, r0x03
00008A CFE4 F000      00628         MOVFF   PREINC1, r0x02
00008E CFE4 F000      00629         MOVFF   PREINC1, r0x01
000092 CFE4 F000      00630         MOVFF   PREINC1, r0x00
000096 CFE4 FFD9      00631         MOVFF   PREINC1, FSR2L
00009A 0012           00632         RETURN  
                      00633 
                      00634 ; ; Starting pCode block
                      00635 S_eeparams__EEdeclareChar       code
000000                00636 _EEdeclareChar:
                      00637 ;       .line   80; C:/Users/sarto/Documents/Pd/externals/Fraise/eeparams/eeparams.c    void EEdeclareCh
                            ar(unsigned char *data)
000000 CFD9 FFE5      00638         MOVFF   FSR2L, POSTDEC1
000004 CFE1 FFD9      00639         MOVFF   FSR1L, FSR2L
000008 C??? F???      00640         MOVFF   r0x00, POSTDEC1
00000C C??? F???      00641         MOVFF   r0x01, POSTDEC1
000010 C??? F???      00642         MOVFF   r0x02, POSTDEC1
000014 C??? F???      00643         MOVFF   r0x03, POSTDEC1
000018 0E02           00644         MOVLW   0x02
00001A CFDB F000      00645         MOVFF   PLUSW2, r0x00
00001E 0E03           00646         MOVLW   0x03
000020 CFDB F000      00647         MOVFF   PLUSW2, r0x01
000024 0E04           00648         MOVLW   0x04
000026 CFDB F000      00649         MOVFF   PLUSW2, r0x02
00002A ????           00650         BANKSEL _eeoperation
                      00651 ;       .line   82; C:/Users/sarto/Documents/Pd/externals/Fraise/eeparams/eeparams.c    if(eeoperation==
                            EE_RD) *data=EELoadChar();
00002C 51??           00652         MOVF    _eeoperation, W, B
00002E E1??           00653         BNZ     _00138_DS_
000030 EC?? F0??      00654         CALL    _EELoadChar
000034 6E??           00655         MOVWF   r0x03
000036 C??? F???      00656         MOVFF   r0x03, POSTDEC1
00003A C??? F???      00657         MOVFF   r0x00, FSR0L
00003E C??? F???      00658         MOVFF   r0x01, PRODL
000042 50??           00659         MOVF    r0x02, W
000044 EC?? F0??      00660         CALL    __gptrput1
000048 D???           00661         BRA     _00140_DS_
00004A                00662 _00138_DS_:
00004A ????           00663         BANKSEL _eeoperation
                      00664 ;       .line   83; C:/Users/sarto/Documents/Pd/externals/Fraise/eeparams/eeparams.c    else if(eeoperat
                            ion==EE_WR) EESaveChar(*data);
00004C 51??           00665         MOVF    _eeoperation, W, B
00004E 0A01           00666         XORLW   0x01
000050 E1??           00667         BNZ     _00140_DS_
000052 C??? F???      00668         MOVFF   r0x00, FSR0L
000056 C??? F???      00669         MOVFF   r0x01, PRODL
00005A 50??           00670         MOVF    r0x02, W
00005C EC?? F0??      00671         CALL    __gptrget1
                      00672 ; #     MOVWF   r0x00
                      00673 ; #     MOVF    r0x00, W
000060 6EE5           00674         MOVWF   POSTDEC1
000062 EC?? F0??      00675         CALL    _EESaveChar
000066 52E6           00676         MOVF    POSTINC1, F
gpasm-1.0.0 #932 (Jan 21 2013) firmware2-objs   4-9-2021  17:01:40          PAGE 14


LOC  OBJECT CODE     LINE SOURCE TEXT
  VALUE

000068                00677 _00140_DS_:
000068 CFE4 F000      00678         MOVFF   PREINC1, r0x03
00006C CFE4 F000      00679         MOVFF   PREINC1, r0x02
000070 CFE4 F000      00680         MOVFF   PREINC1, r0x01
000074 CFE4 F000      00681         MOVFF   PREINC1, r0x00
000078 CFE4 FFD9      00682         MOVFF   PREINC1, FSR2L
00007C 0012           00683         RETURN  
                      00684 
                      00685 ; ; Starting pCode block
                      00686 S_eeparams__EESaveLong  code
000000                00687 _EESaveLong:
                      00688 ;       .line   69; C:/Users/sarto/Documents/Pd/externals/Fraise/eeparams/eeparams.c    void EESaveLong(
                            long data) //untested
000000 CFD9 FFE5      00689         MOVFF   FSR2L, POSTDEC1
000004 CFE1 FFD9      00690         MOVFF   FSR1L, FSR2L
000008 C??? F???      00691         MOVFF   r0x00, POSTDEC1
00000C C??? F???      00692         MOVFF   r0x01, POSTDEC1
000010 C??? F???      00693         MOVFF   r0x02, POSTDEC1
000014 C??? F???      00694         MOVFF   r0x03, POSTDEC1
000018 C??? F???      00695         MOVFF   r0x04, POSTDEC1
00001C C??? F???      00696         MOVFF   r0x05, POSTDEC1
000020 0E02           00697         MOVLW   0x02
000022 CFDB F000      00698         MOVFF   PLUSW2, r0x00
000026 0E03           00699         MOVLW   0x03
000028 CFDB F000      00700         MOVFF   PLUSW2, r0x01
00002C 0E04           00701         MOVLW   0x04
00002E CFDB F000      00702         MOVFF   PLUSW2, r0x02
000032 0E05           00703         MOVLW   0x05
000034 CFDB F000      00704         MOVFF   PLUSW2, r0x03
                      00705 ;       .line   71; C:/Users/sarto/Documents/Pd/externals/Fraise/eeparams/eeparams.c    EE_WRITEBYTE_NEX
                            T(data>>24);
000038 C??? F???      00706         MOVFF   _eeaddress, r0x04
00003C C??? F???      00707         MOVFF   (_eeaddress + 1), r0x05
000040 ????           00708         BANKSEL _eeaddress
000042 3F??           00709         INCFSZ  _eeaddress, F, B
000044 D???           00710         BRA     _10197_DS_
                      00711 ; removed redundant BANKSEL
000046 2B??           00712         INCF    (_eeaddress + 1), F, B
000048                00713 _10197_DS_:
000048 50??           00714         MOVF    r0x03, W
00004A 6EE5           00715         MOVWF   POSTDEC1
00004C 50??           00716         MOVF    r0x04, W
00004E 6EE5           00717         MOVWF   POSTDEC1
000050 EC?? F0??      00718         CALL    _eeWriteByte
000054 52E6           00719         MOVF    POSTINC1, F
000056 52E6           00720         MOVF    POSTINC1, F
                      00721 ;       .line   72; C:/Users/sarto/Documents/Pd/externals/Fraise/eeparams/eeparams.c    EE_WRITEBYTE_NEX
                            T(data>>16);
000058 C??? F???      00722         MOVFF   _eeaddress, r0x04
00005C C??? F???      00723         MOVFF   (_eeaddress + 1), r0x05
000060 ????           00724         BANKSEL _eeaddress
000062 3F??           00725         INCFSZ  _eeaddress, F, B
000064 D???           00726         BRA     _20198_DS_
gpasm-1.0.0 #932 (Jan 21 2013) firmware2-objs   4-9-2021  17:01:40          PAGE 15


LOC  OBJECT CODE     LINE SOURCE TEXT
  VALUE

                      00727 ; removed redundant BANKSEL
000066 2B??           00728         INCF    (_eeaddress + 1), F, B
000068                00729 _20198_DS_:
                      00730 ; #     MOVF    r0x02, W
                      00731 ; #     MOVWF   r0x05
                      00732 ; #     MOVF    r0x05, W
000068 50??           00733         MOVF    r0x02, W
00006A 6E??           00734         MOVWF   r0x05
00006C 6EE5           00735         MOVWF   POSTDEC1
00006E 50??           00736         MOVF    r0x04, W
000070 6EE5           00737         MOVWF   POSTDEC1
000072 EC?? F0??      00738         CALL    _eeWriteByte
000076 52E6           00739         MOVF    POSTINC1, F
000078 52E6           00740         MOVF    POSTINC1, F
                      00741 ;       .line   73; C:/Users/sarto/Documents/Pd/externals/Fraise/eeparams/eeparams.c    EE_WRITEBYTE_NEX
                            T(data>>8);
00007A C??? F???      00742         MOVFF   _eeaddress, r0x04
00007E C??? F???      00743         MOVFF   (_eeaddress + 1), r0x05
000082 ????           00744         BANKSEL _eeaddress
000084 3F??           00745         INCFSZ  _eeaddress, F, B
000086 D???           00746         BRA     _30199_DS_
                      00747 ; removed redundant BANKSEL
000088 2B??           00748         INCF    (_eeaddress + 1), F, B
00008A                00749 _30199_DS_:
                      00750 ; #     MOVF    r0x01, W
                      00751 ; #     MOVWF   r0x05
                      00752 ; #     MOVF    r0x05, W
00008A 50??           00753         MOVF    r0x01, W
00008C 6E??           00754         MOVWF   r0x05
00008E 6EE5           00755         MOVWF   POSTDEC1
000090 50??           00756         MOVF    r0x04, W
000092 6EE5           00757         MOVWF   POSTDEC1
000094 EC?? F0??      00758         CALL    _eeWriteByte
000098 52E6           00759         MOVF    POSTINC1, F
00009A 52E6           00760         MOVF    POSTINC1, F
                      00761 ;       .line   74; C:/Users/sarto/Documents/Pd/externals/Fraise/eeparams/eeparams.c    EE_WRITEBYTE_NEX
                            T(data);
00009C C??? F???      00762         MOVFF   _eeaddress, r0x04
0000A0 C??? F???      00763         MOVFF   (_eeaddress + 1), r0x05
0000A4 ????           00764         BANKSEL _eeaddress
0000A6 3F??           00765         INCFSZ  _eeaddress, F, B
0000A8 D???           00766         BRA     _40200_DS_
                      00767 ; removed redundant BANKSEL
0000AA 2B??           00768         INCF    (_eeaddress + 1), F, B
0000AC                00769 _40200_DS_:
0000AC 50??           00770         MOVF    r0x00, W
0000AE 6EE5           00771         MOVWF   POSTDEC1
0000B0 50??           00772         MOVF    r0x04, W
0000B2 6EE5           00773         MOVWF   POSTDEC1
0000B4 EC?? F0??      00774         CALL    _eeWriteByte
0000B8 52E6           00775         MOVF    POSTINC1, F
0000BA 52E6           00776         MOVF    POSTINC1, F
0000BC CFE4 F000      00777         MOVFF   PREINC1, r0x05
gpasm-1.0.0 #932 (Jan 21 2013) firmware2-objs   4-9-2021  17:01:40          PAGE 16


LOC  OBJECT CODE     LINE SOURCE TEXT
  VALUE

0000C0 CFE4 F000      00778         MOVFF   PREINC1, r0x04
0000C4 CFE4 F000      00779         MOVFF   PREINC1, r0x03
0000C8 CFE4 F000      00780         MOVFF   PREINC1, r0x02
0000CC CFE4 F000      00781         MOVFF   PREINC1, r0x01
0000D0 CFE4 F000      00782         MOVFF   PREINC1, r0x00
0000D4 CFE4 FFD9      00783         MOVFF   PREINC1, FSR2L
0000D8 0012           00784         RETURN  
                      00785 
                      00786 ; ; Starting pCode block
                      00787 S_eeparams__EESaveInt   code
000000                00788 _EESaveInt:
                      00789 ;       .line   63; C:/Users/sarto/Documents/Pd/externals/Fraise/eeparams/eeparams.c    void EESaveInt(i
                            nt data)
000000 CFD9 FFE5      00790         MOVFF   FSR2L, POSTDEC1
000004 CFE1 FFD9      00791         MOVFF   FSR1L, FSR2L
000008 C??? F???      00792         MOVFF   r0x00, POSTDEC1
00000C C??? F???      00793         MOVFF   r0x01, POSTDEC1
000010 C??? F???      00794         MOVFF   r0x02, POSTDEC1
000014 C??? F???      00795         MOVFF   r0x03, POSTDEC1
000018 0E02           00796         MOVLW   0x02
00001A CFDB F000      00797         MOVFF   PLUSW2, r0x00
00001E 0E03           00798         MOVLW   0x03
000020 CFDB F000      00799         MOVFF   PLUSW2, r0x01
                      00800 ;       .line   65; C:/Users/sarto/Documents/Pd/externals/Fraise/eeparams/eeparams.c    EE_WRITEBYTE_NEX
                            T(data>>8);
000024 C??? F???      00801         MOVFF   _eeaddress, r0x02
000028 C??? F???      00802         MOVFF   (_eeaddress + 1), r0x03
00002C ????           00803         BANKSEL _eeaddress
00002E 3F??           00804         INCFSZ  _eeaddress, F, B
000030 D???           00805         BRA     _50201_DS_
                      00806 ; removed redundant BANKSEL
000032 2B??           00807         INCF    (_eeaddress + 1), F, B
000034                00808 _50201_DS_:
000034 50??           00809         MOVF    r0x01, W
000036 6EE5           00810         MOVWF   POSTDEC1
000038 50??           00811         MOVF    r0x02, W
00003A 6EE5           00812         MOVWF   POSTDEC1
00003C EC?? F0??      00813         CALL    _eeWriteByte
000040 52E6           00814         MOVF    POSTINC1, F
000042 52E6           00815         MOVF    POSTINC1, F
                      00816 ;       .line   66; C:/Users/sarto/Documents/Pd/externals/Fraise/eeparams/eeparams.c    EE_WRITEBYTE_NEX
                            T(data&255);
000044 C??? F???      00817         MOVFF   _eeaddress, r0x02
000048 C??? F???      00818         MOVFF   (_eeaddress + 1), r0x03
00004C ????           00819         BANKSEL _eeaddress
00004E 3F??           00820         INCFSZ  _eeaddress, F, B
000050 D???           00821         BRA     _60202_DS_
                      00822 ; removed redundant BANKSEL
000052 2B??           00823         INCF    (_eeaddress + 1), F, B
000054                00824 _60202_DS_:
000054 50??           00825         MOVF    r0x00, W
000056 6EE5           00826         MOVWF   POSTDEC1
000058 50??           00827         MOVF    r0x02, W
gpasm-1.0.0 #932 (Jan 21 2013) firmware2-objs   4-9-2021  17:01:40          PAGE 17


LOC  OBJECT CODE     LINE SOURCE TEXT
  VALUE

00005A 6EE5           00828         MOVWF   POSTDEC1
00005C EC?? F0??      00829         CALL    _eeWriteByte
000060 52E6           00830         MOVF    POSTINC1, F
000062 52E6           00831         MOVF    POSTINC1, F
000064 CFE4 F000      00832         MOVFF   PREINC1, r0x03
000068 CFE4 F000      00833         MOVFF   PREINC1, r0x02
00006C CFE4 F000      00834         MOVFF   PREINC1, r0x01
000070 CFE4 F000      00835         MOVFF   PREINC1, r0x00
000074 CFE4 FFD9      00836         MOVFF   PREINC1, FSR2L
000078 0012           00837         RETURN  
                      00838 
                      00839 ; ; Starting pCode block
                      00840 S_eeparams__EESaveChar  code
000000                00841 _EESaveChar:
                      00842 ;       .line   58; C:/Users/sarto/Documents/Pd/externals/Fraise/eeparams/eeparams.c    void EESaveChar(
                            unsigned char data)
000000 CFD9 FFE5      00843         MOVFF   FSR2L, POSTDEC1
000004 CFE1 FFD9      00844         MOVFF   FSR1L, FSR2L
000008 C??? F???      00845         MOVFF   r0x00, POSTDEC1
00000C C??? F???      00846         MOVFF   r0x01, POSTDEC1
000010 C??? F???      00847         MOVFF   r0x02, POSTDEC1
000014 0E02           00848         MOVLW   0x02
000016 CFDB F000      00849         MOVFF   PLUSW2, r0x00
                      00850 ;       .line   60; C:/Users/sarto/Documents/Pd/externals/Fraise/eeparams/eeparams.c    EE_WRITEBYTE_NEX
                            T(data);
00001A C??? F???      00851         MOVFF   _eeaddress, r0x01
00001E C??? F???      00852         MOVFF   (_eeaddress + 1), r0x02
000022 ????           00853         BANKSEL _eeaddress
000024 3F??           00854         INCFSZ  _eeaddress, F, B
000026 D???           00855         BRA     _70203_DS_
                      00856 ; removed redundant BANKSEL
000028 2B??           00857         INCF    (_eeaddress + 1), F, B
00002A                00858 _70203_DS_:
00002A 50??           00859         MOVF    r0x00, W
00002C 6EE5           00860         MOVWF   POSTDEC1
00002E 50??           00861         MOVF    r0x01, W
000030 6EE5           00862         MOVWF   POSTDEC1
000032 EC?? F0??      00863         CALL    _eeWriteByte
000036 52E6           00864         MOVF    POSTINC1, F
000038 52E6           00865         MOVF    POSTINC1, F
00003A CFE4 F000      00866         MOVFF   PREINC1, r0x02
00003E CFE4 F000      00867         MOVFF   PREINC1, r0x01
000042 CFE4 F000      00868         MOVFF   PREINC1, r0x00
000046 CFE4 FFD9      00869         MOVFF   PREINC1, FSR2L
00004A 0012           00870         RETURN  
                      00871 
                      00872 ; ; Starting pCode block
                      00873 S_eeparams__EELoadLong  code
000000                00874 _EELoadLong:
                      00875 ;       .line   50; C:/Users/sarto/Documents/Pd/externals/Fraise/eeparams/eeparams.c    long EELoadLong(
                            ) //untested
000000 C??? F???      00876         MOVFF   r0x00, POSTDEC1
000004 C??? F???      00877         MOVFF   r0x01, POSTDEC1
gpasm-1.0.0 #932 (Jan 21 2013) firmware2-objs   4-9-2021  17:01:40          PAGE 18


LOC  OBJECT CODE     LINE SOURCE TEXT
  VALUE

000008 C??? F???      00878         MOVFF   r0x03, POSTDEC1
00000C C??? F???      00879         MOVFF   r0x04, POSTDEC1
000010 C??? F???      00880         MOVFF   r0x05, POSTDEC1
000014 C??? F???      00881         MOVFF   r0x06, POSTDEC1
000018 C??? F???      00882         MOVFF   r0x07, POSTDEC1
00001C C??? F???      00883         MOVFF   r0x08, POSTDEC1
000020 C??? F???      00884         MOVFF   r0x09, POSTDEC1
000024 C??? F???      00885         MOVFF   r0x0a, POSTDEC1
000028 C??? F???      00886         MOVFF   r0x0b, POSTDEC1
                      00887 ;       .line   52; C:/Users/sarto/Documents/Pd/externals/Fraise/eeparams/eeparams.c    return ((unsigne
                            d long)EE_READBYTE_NEXT()<<24)|((unsigned long)EE_READBYTE_NEXT()<<16)|(EE_READBYTE_NEXT()<<8)|EE_READBY
                            TE_NEXT();
00002C C??? F???      00888         MOVFF   _eeaddress, r0x00
000030 C??? F???      00889         MOVFF   (_eeaddress + 1), r0x01
000034 ????           00890         BANKSEL _eeaddress
000036 3F??           00891         INCFSZ  _eeaddress, F, B
000038 D???           00892         BRA     _80204_DS_
                      00893 ; removed redundant BANKSEL
00003A 2B??           00894         INCF    (_eeaddress + 1), F, B
00003C                00895 _80204_DS_:
00003C 50??           00896         MOVF    r0x00, W
00003E 6EE5           00897         MOVWF   POSTDEC1
000040 EC?? F0??      00898         CALL    _eeReadByte
000044 52E6           00899         MOVF    POSTINC1, F
000046 6E??           00900         MOVWF   r0x07
000048 6A??           00901         CLRF    r0x04
00004A 6A??           00902         CLRF    r0x05
00004C 6A??           00903         CLRF    r0x06
00004E C??? F???      00904         MOVFF   _eeaddress, r0x00
000052 C??? F???      00905         MOVFF   (_eeaddress + 1), r0x01
000056 ????           00906         BANKSEL _eeaddress
000058 3F??           00907         INCFSZ  _eeaddress, F, B
00005A D???           00908         BRA     _90205_DS_
                      00909 ; removed redundant BANKSEL
00005C 2B??           00910         INCF    (_eeaddress + 1), F, B
00005E                00911 _90205_DS_:
00005E 50??           00912         MOVF    r0x00, W
000060 6EE5           00913         MOVWF   POSTDEC1
000062 EC?? F0??      00914         CALL    _eeReadByte
000066 52E6           00915         MOVF    POSTINC1, F
000068 6A??           00916         CLRF    r0x0b
00006A 6E??           00917         MOVWF   r0x0a
00006C 6A??           00918         CLRF    r0x08
00006E 50??           00919         MOVF    r0x08, W
000070 12??           00920         IORWF   r0x04, F
000072 12??           00921         IORWF   r0x05, F
000074 50??           00922         MOVF    r0x0a, W
000076 12??           00923         IORWF   r0x06, F
000078 50??           00924         MOVF    r0x0b, W
00007A 12??           00925         IORWF   r0x07, F
00007C C??? F???      00926         MOVFF   _eeaddress, r0x00
000080 C??? F???      00927         MOVFF   (_eeaddress + 1), r0x01
000084 ????           00928         BANKSEL _eeaddress
gpasm-1.0.0 #932 (Jan 21 2013) firmware2-objs   4-9-2021  17:01:40          PAGE 19


LOC  OBJECT CODE     LINE SOURCE TEXT
  VALUE

000086 3F??           00929         INCFSZ  _eeaddress, F, B
000088 D???           00930         BRA     _100206_DS_
                      00931 ; removed redundant BANKSEL
00008A 2B??           00932         INCF    (_eeaddress + 1), F, B
00008C                00933 _100206_DS_:
00008C 50??           00934         MOVF    r0x00, W
00008E 6EE5           00935         MOVWF   POSTDEC1
000090 EC?? F0??      00936         CALL    _eeReadByte
000094 52E6           00937         MOVF    POSTINC1, F
000096 6E??           00938         MOVWF   r0x03
                      00939 ; =DF= MOVFF: replaced by CRLF/SETF
000098 6A??           00940         CLRF    r0x00
00009A C??? F???      00941         MOVFF   r0x03, r0x01
00009E 6AE8           00942         CLRF    WREG
0000A0 BE??           00943         BTFSC   r0x03, 7
0000A2 0EFF           00944         MOVLW   0xff
0000A4 6E??           00945         MOVWF   r0x08
0000A6 6E??           00946         MOVWF   r0x09
0000A8 50??           00947         MOVF    r0x00, W
0000AA 12??           00948         IORWF   r0x04, F
0000AC 50??           00949         MOVF    r0x01, W
0000AE 12??           00950         IORWF   r0x05, F
0000B0 50??           00951         MOVF    r0x08, W
0000B2 12??           00952         IORWF   r0x06, F
0000B4 50??           00953         MOVF    r0x09, W
0000B6 12??           00954         IORWF   r0x07, F
0000B8 C??? F???      00955         MOVFF   _eeaddress, r0x00
0000BC C??? F???      00956         MOVFF   (_eeaddress + 1), r0x01
0000C0 ????           00957         BANKSEL _eeaddress
0000C2 3F??           00958         INCFSZ  _eeaddress, F, B
0000C4 D???           00959         BRA     _110207_DS_
                      00960 ; removed redundant BANKSEL
0000C6 2B??           00961         INCF    (_eeaddress + 1), F, B
0000C8                00962 _110207_DS_:
0000C8 50??           00963         MOVF    r0x00, W
0000CA 6EE5           00964         MOVWF   POSTDEC1
0000CC EC?? F0??      00965         CALL    _eeReadByte
0000D0 52E6           00966         MOVF    POSTINC1, F
0000D2 6A??           00967         CLRF    r0x01
0000D4 12??           00968         IORWF   r0x04, F
0000D6 50??           00969         MOVF    r0x01, W
0000D8 12??           00970         IORWF   r0x05, F
0000DA 12??           00971         IORWF   r0x06, F
0000DC 12??           00972         IORWF   r0x07, F
0000DE C??? F???      00973         MOVFF   r0x07, FSR0L
0000E2 C??? F???      00974         MOVFF   r0x06, PRODH
0000E6 C??? F???      00975         MOVFF   r0x05, PRODL
0000EA 50??           00976         MOVF    r0x04, W
0000EC CFE4 F000      00977         MOVFF   PREINC1, r0x0b
0000F0 CFE4 F000      00978         MOVFF   PREINC1, r0x0a
0000F4 CFE4 F000      00979         MOVFF   PREINC1, r0x09
0000F8 CFE4 F000      00980         MOVFF   PREINC1, r0x08
0000FC CFE4 F000      00981         MOVFF   PREINC1, r0x07
gpasm-1.0.0 #932 (Jan 21 2013) firmware2-objs   4-9-2021  17:01:40          PAGE 20


LOC  OBJECT CODE     LINE SOURCE TEXT
  VALUE

000100 CFE4 F000      00982         MOVFF   PREINC1, r0x06
000104 CFE4 F000      00983         MOVFF   PREINC1, r0x05
000108 CFE4 F000      00984         MOVFF   PREINC1, r0x04
00010C CFE4 F000      00985         MOVFF   PREINC1, r0x03
000110 CFE4 F000      00986         MOVFF   PREINC1, r0x01
000114 CFE4 F000      00987         MOVFF   PREINC1, r0x00
000118 0012           00988         RETURN  
                      00989 
                      00990 ; ; Starting pCode block
                      00991 S_eeparams__EELoadInt   code
000000                00992 _EELoadInt:
                      00993 ;       .line   45; C:/Users/sarto/Documents/Pd/externals/Fraise/eeparams/eeparams.c    int EELoadInt()
000000 C??? F???      00994         MOVFF   r0x00, POSTDEC1
000004 C??? F???      00995         MOVFF   r0x01, POSTDEC1
000008 C??? F???      00996         MOVFF   r0x02, POSTDEC1
00000C C??? F???      00997         MOVFF   r0x03, POSTDEC1
                      00998 ;       .line   47; C:/Users/sarto/Documents/Pd/externals/Fraise/eeparams/eeparams.c    return (EE_READB
                            YTE_NEXT()<<8)|EE_READBYTE_NEXT();
000010 C??? F???      00999         MOVFF   _eeaddress, r0x00
000014 C??? F???      01000         MOVFF   (_eeaddress + 1), r0x01
000018 ????           01001         BANKSEL _eeaddress
00001A 3F??           01002         INCFSZ  _eeaddress, F, B
00001C D???           01003         BRA     _120208_DS_
                      01004 ; removed redundant BANKSEL
00001E 2B??           01005         INCF    (_eeaddress + 1), F, B
000020                01006 _120208_DS_:
000020 50??           01007         MOVF    r0x00, W
000022 6EE5           01008         MOVWF   POSTDEC1
000024 EC?? F0??      01009         CALL    _eeReadByte
000028 52E6           01010         MOVF    POSTINC1, F
00002A 6E??           01011         MOVWF   r0x03
00002C 6A??           01012         CLRF    r0x02
00002E C??? F???      01013         MOVFF   _eeaddress, r0x00
000032 C??? F???      01014         MOVFF   (_eeaddress + 1), r0x01
000036 ????           01015         BANKSEL _eeaddress
000038 3F??           01016         INCFSZ  _eeaddress, F, B
00003A D???           01017         BRA     _130209_DS_
                      01018 ; removed redundant BANKSEL
00003C 2B??           01019         INCF    (_eeaddress + 1), F, B
00003E                01020 _130209_DS_:
00003E 50??           01021         MOVF    r0x00, W
000040 6EE5           01022         MOVWF   POSTDEC1
000042 EC?? F0??      01023         CALL    _eeReadByte
000046 52E6           01024         MOVF    POSTINC1, F
000048 6A??           01025         CLRF    r0x01
00004A 12??           01026         IORWF   r0x02, F
00004C 50??           01027         MOVF    r0x01, W
00004E 12??           01028         IORWF   r0x03, F
000050 C??? F???      01029         MOVFF   r0x03, PRODL
000054 50??           01030         MOVF    r0x02, W
000056 CFE4 F000      01031         MOVFF   PREINC1, r0x03
00005A CFE4 F000      01032         MOVFF   PREINC1, r0x02
00005E CFE4 F000      01033         MOVFF   PREINC1, r0x01
gpasm-1.0.0 #932 (Jan 21 2013) firmware2-objs   4-9-2021  17:01:40          PAGE 21


LOC  OBJECT CODE     LINE SOURCE TEXT
  VALUE

000062 CFE4 F000      01034         MOVFF   PREINC1, r0x00
000066 0012           01035         RETURN  
                      01036 
                      01037 ; ; Starting pCode block
                      01038 S_eeparams__EELoadChar  code
000000                01039 _EELoadChar:
                      01040 ;       .line   40; C:/Users/sarto/Documents/Pd/externals/Fraise/eeparams/eeparams.c    char EELoadChar(
                            )
000000 C??? F???      01041         MOVFF   r0x00, POSTDEC1
000004 C??? F???      01042         MOVFF   r0x01, POSTDEC1
                      01043 ;       .line   42; C:/Users/sarto/Documents/Pd/externals/Fraise/eeparams/eeparams.c    return EE_READBY
                            TE_NEXT();
000008 C??? F???      01044         MOVFF   _eeaddress, r0x00
00000C C??? F???      01045         MOVFF   (_eeaddress + 1), r0x01
000010 ????           01046         BANKSEL _eeaddress
000012 3F??           01047         INCFSZ  _eeaddress, F, B
000014 D???           01048         BRA     _140210_DS_
                      01049 ; removed redundant BANKSEL
000016 2B??           01050         INCF    (_eeaddress + 1), F, B
000018                01051 _140210_DS_:
000018 50??           01052         MOVF    r0x00, W
00001A 6EE5           01053         MOVWF   POSTDEC1
00001C EC?? F0??      01054         CALL    _eeReadByte
000020 52E6           01055         MOVF    POSTINC1, F
000022 CFE4 F000      01056         MOVFF   PREINC1, r0x01
000026 CFE4 F000      01057         MOVFF   PREINC1, r0x00
00002A 0012           01058         RETURN  
                      01059 
                      01060 
                      01061 
                      01062 ; Statistics:
                      01063 ; code size:     1362 (0x0552) bytes ( 1.04%)
                      01064 ;                 681 (0x02a9) words
                      01065 ; udata size:       3 (0x0003) bytes ( 0.08%)
                      01066 ; access size:     12 (0x000c) bytes
                      01067 
                      01068 
                      01069         end
gpasm-1.0.0 #932 (Jan 21 2013) firmware2-objs   4-9-2021  17:01:40          PAGE 22


SYMBOL TABLE
  LABEL                             VALUE

FSR0L                             00000FE9
FSR1L                             00000FE1
FSR2L                             00000FD9
PLUSW2                            00000FDB
POSTDEC1                          00000FE5
POSTINC1                          00000FE6
PREINC1                           00000FE4
PRODH                             00000FF4
PRODL                             00000FF3
STATUS                            00000FD8
TBLPTRH                           00000FF7
TBLPTRL                           00000FF6
WREG                              00000FE8
_00138_DS_                        0000004A
_00140_DS_                        00000068
_00157_DS_                        00000056
_00159_DS_                        00000082
_00176_DS_                        0000006E
_00178_DS_                        000000AA
_100206_DS_                       0000008C
_10197_DS_                        00000048
_110207_DS_                       000000C8
_120208_DS_                       00000020
_130209_DS_                       0000003E
_140210_DS_                       00000018
_20198_DS_                        00000068
_30199_DS_                        0000008A
_40200_DS_                        000000AC
_50201_DS_                        00000034
_60202_DS_                        00000054
_70203_DS_                        0000002A
_80204_DS_                        0000003C
_90205_DS_                        0000005E
_ADCON0                           00000000
_ADCON0bits                       00000000
_ADCON1                           00000000
_ADCON1bits                       00000000
_ADCON2                           00000000
_ADCON2bits                       00000000
_ADRES                            00000000
_ADRESH                           00000000
_ADRESL                           00000000
_ANSELA                           00000000
_ANSELAbits                       00000000
_ANSELB                           00000000
_ANSELBbits                       00000000
_ANSELC                           00000000
_ANSELCbits                       00000000
_ANSELZ                           00000000
_ANSELZbits                       00000000
_BAUD1CON                         00000000
_BAUD1CONbits                     00000000
_BAUD2CON                         00000000
gpasm-1.0.0 #932 (Jan 21 2013) firmware2-objs   4-9-2021  17:01:40          PAGE 23


SYMBOL TABLE
  LABEL                             VALUE 

_BAUD2CONbits                     00000000
_BAUDCON                          00000000
_BAUDCON1                         00000000
_BAUDCON1bits                     00000000
_BAUDCON2                         00000000
_BAUDCON2bits                     00000000
_BAUDCONbits                      00000000
_BAUDCTL                          00000000
_BAUDCTLbits                      00000000
_BSR                              00000000
_CCP1CON                          00000000
_CCP1CONbits                      00000000
_CCP2AS                           00000000
_CCP2ASbits                       00000000
_CCP2CON                          00000000
_CCP2CONbits                      00000000
_CCP3AS                           00000000
_CCP3ASbits                       00000000
_CCP3CON                          00000000
_CCP3CONbits                      00000000
_CCP4CON                          00000000
_CCP4CONbits                      00000000
_CCP5CON                          00000000
_CCP5CONbits                      00000000
_CCPR1                            00000000
_CCPR1H                           00000000
_CCPR1L                           00000000
_CCPR2                            00000000
_CCPR2H                           00000000
_CCPR2L                           00000000
_CCPR3                            00000000
_CCPR3H                           00000000
_CCPR3L                           00000000
_CCPR4                            00000000
_CCPR4H                           00000000
_CCPR4L                           00000000
_CCPR5                            00000000
_CCPR5H                           00000000
_CCPR5L                           00000000
_CCPTMRS0                         00000000
_CCPTMRS0bits                     00000000
_CCPTMRS1                         00000000
_CCPTMRS1bits                     00000000
_CM12CON                          00000000
_CM12CONbits                      00000000
_CM1CON                           00000000
_CM1CON0                          00000000
_CM1CON0bits                      00000000
_CM1CONbits                       00000000
_CM2CON                           00000000
_CM2CON0                          00000000
_CM2CON0bits                      00000000
_CM2CON1                          00000000
gpasm-1.0.0 #932 (Jan 21 2013) firmware2-objs   4-9-2021  17:01:40          PAGE 24


SYMBOL TABLE
  LABEL                             VALUE 

_CM2CON1bits                      00000000
_CM2CONbits                       00000000
_CTMUCON0                         00000000
_CTMUCON0bits                     00000000
_CTMUCON1                         00000000
_CTMUCON1bits                     00000000
_CTMUCONH                         00000000
_CTMUCONHbits                     00000000
_CTMUCONL                         00000000
_CTMUCONLbits                     00000000
_CTMUICON                         00000000
_CTMUICONH                        00000000
_CTMUICONHbits                    00000000
_CTMUICONbits                     00000000
_DACCON0                          00000000
_DACCON0bits                      00000000
_DACCON1                          00000000
_DACCON1bits                      00000000
_DDRA                             00000000
_DDRAbits                         00000000
_DDRB                             00000000
_DDRBbits                         00000000
_DDRC                             00000000
_DDRCbits                         00000000
_ECCP1AS                          00000000
_ECCP1ASbits                      00000000
_ECCP2AS                          00000000
_ECCP2ASbits                      00000000
_ECCP3AS                          00000000
_ECCP3ASbits                      00000000
_ECCPAS                           00000000
_ECCPASbits                       00000000
_EEADR                            00000000
_EEADRH                           00000000
_EEADRHbits                       00000000
_EEADRbits                        00000000
_EECON1                           00000000
_EECON1bits                       00000000
_EECON2                           00000000
_EEDATA                           00000000
_EELoadChar                       00000000
_EELoadInt                        00000000
_EELoadLong                       00000000
_EESaveChar                       00000000
_EESaveInt                        00000000
_EESaveLong                       00000000
_EEdeclareChar                    00000000
_EEdeclareInt                     00000000
_EEdeclareLong                    00000000
_EEreadMain                       00000000
_EEwriteMain                      00000000
_FSR0H                            00000000
_FSR0L                            00000000
gpasm-1.0.0 #932 (Jan 21 2013) firmware2-objs   4-9-2021  17:01:40          PAGE 25


SYMBOL TABLE
  LABEL                             VALUE 

_FSR1H                            00000000
_FSR1L                            00000000
_FSR2H                            00000000
_FSR2L                            00000000
_FVRCON                           00000000
_FVRCONbits                       00000000
_HLVDCON                          00000000
_HLVDCONbits                      00000000
_INDF0                            00000000
_INDF1                            00000000
_INDF2                            00000000
_INTCON                           00000000
_INTCON2                          00000000
_INTCON2bits                      00000000
_INTCON3                          00000000
_INTCON3bits                      00000000
_INTCONbits                       00000000
_IOCB                             00000000
_IOCBbits                         00000000
_IPR1                             00000000
_IPR1bits                         00000000
_IPR2                             00000000
_IPR2bits                         00000000
_IPR3                             00000000
_IPR3bits                         00000000
_IPR4                             00000000
_IPR4bits                         00000000
_IPR5                             00000000
_IPR5bits                         00000000
_LATA                             00000000
_LATAbits                         00000000
_LATB                             00000000
_LATBbits                         00000000
_LATC                             00000000
_LATCbits                         00000000
_LATZ                             00000000
_LATZbits                         00000000
_LVDCON                           00000000
_LVDCONbits                       00000000
_Now                              00000000
_OSCCON                           00000000
_OSCCON2                          00000000
_OSCCON2bits                      00000000
_OSCCONbits                       00000000
_OSCTUNE                          00000000
_OSCTUNEbits                      00000000
_PC                               00000000
_PCL                              00000000
_PCLATH                           00000000
_PCLATU                           00000000
_PIE1                             00000000
_PIE1bits                         00000000
_PIE2                             00000000
gpasm-1.0.0 #932 (Jan 21 2013) firmware2-objs   4-9-2021  17:01:40          PAGE 26


SYMBOL TABLE
  LABEL                             VALUE 

_PIE2bits                         00000000
_PIE3                             00000000
_PIE3bits                         00000000
_PIE4                             00000000
_PIE4bits                         00000000
_PIE5                             00000000
_PIE5bits                         00000000
_PIR1                             00000000
_PIR1bits                         00000000
_PIR2                             00000000
_PIR2bits                         00000000
_PIR3                             00000000
_PIR3bits                         00000000
_PIR4                             00000000
_PIR4bits                         00000000
_PIR5                             00000000
_PIR5bits                         00000000
_PLUSW0                           00000000
_PLUSW1                           00000000
_PLUSW2                           00000000
_PMD0                             00000000
_PMD0bits                         00000000
_PMD1                             00000000
_PMD1bits                         00000000
_PMD2                             00000000
_PMD2bits                         00000000
_PORTA                            00000000
_PORTAbits                        00000000
_PORTB                            00000000
_PORTBbits                        00000000
_PORTC                            00000000
_PORTCbits                        00000000
_PORTE                            00000000
_PORTEbits                        00000000
_PORTZ                            00000000
_PORTZbits                        00000000
_POSTDEC0                         00000000
_POSTDEC1                         00000000
_POSTDEC2                         00000000
_POSTINC0                         00000000
_POSTINC1                         00000000
_POSTINC2                         00000000
_PR2                              00000000
_PR4                              00000000
_PR6                              00000000
_PREINC0                          00000000
_PREINC1                          00000000
_PREINC2                          00000000
_PROD                             00000000
_PRODH                            00000000
_PRODL                            00000000
_PSTR1CON                         00000000
_PSTR1CONbits                     00000000
gpasm-1.0.0 #932 (Jan 21 2013) firmware2-objs   4-9-2021  17:01:40          PAGE 27


SYMBOL TABLE
  LABEL                             VALUE 

_PSTR2CON                         00000000
_PSTR2CONbits                     00000000
_PSTR3CON                         00000000
_PSTR3CONbits                     00000000
_PSTRCON                          00000000
_PSTRCONbits                      00000000
_PWM1CON                          00000000
_PWM1CONbits                      00000000
_PWM2CON                          00000000
_PWM2CONbits                      00000000
_PWM3CON                          00000000
_PWM3CONbits                      00000000
_PWMCON                           00000000
_PWMCONbits                       00000000
_RC1REG                           00000000
_RC1STA                           00000000
_RC1STAbits                       00000000
_RC2REG                           00000000
_RC2STA                           00000000
_RC2STAbits                       00000000
_RCON                             00000000
_RCONbits                         00000000
_RCREG                            00000000
_RCREG1                           00000000
_RCREG2                           00000000
_RCSTA                            00000000
_RCSTA1                           00000000
_RCSTA1bits                       00000000
_RCSTA2                           00000000
_RCSTA2bits                       00000000
_RCSTAbits                        00000000
_SLRCON                           00000000
_SLRCONbits                       00000000
_SP1BRG                           00000000
_SP1BRGH                          00000000
_SP2BRG                           00000000
_SP2BRGH                          00000000
_SPBRG                            00000000
_SPBRG1                           00000000
_SPBRG2                           00000000
_SPBRGH                           00000000
_SPBRGH1                          00000000
_SPBRGH2                          00000000
_SRCON0                           00000000
_SRCON0bits                       00000000
_SRCON1                           00000000
_SRCON1bits                       00000000
_SSP1ADD                          00000000
_SSP1BUF                          00000000
_SSP1CON1                         00000000
_SSP1CON1bits                     00000000
_SSP1CON2                         00000000
_SSP1CON2bits                     00000000
gpasm-1.0.0 #932 (Jan 21 2013) firmware2-objs   4-9-2021  17:01:40          PAGE 28


SYMBOL TABLE
  LABEL                             VALUE 

_SSP1CON3                         00000000
_SSP1CON3bits                     00000000
_SSP1MSK                          00000000
_SSP1MSKbits                      00000000
_SSP1STAT                         00000000
_SSP1STATbits                     00000000
_SSP2ADD                          00000000
_SSP2BUF                          00000000
_SSP2CON1                         00000000
_SSP2CON1bits                     00000000
_SSP2CON2                         00000000
_SSP2CON2bits                     00000000
_SSP2CON3                         00000000
_SSP2CON3bits                     00000000
_SSP2MSK                          00000000
_SSP2MSKbits                      00000000
_SSP2STAT                         00000000
_SSP2STATbits                     00000000
_SSPADD                           00000000
_SSPBUF                           00000000
_SSPCON1                          00000000
_SSPCON1bits                      00000000
_SSPCON2                          00000000
_SSPCON2bits                      00000000
_SSPCON3                          00000000
_SSPCON3bits                      00000000
_SSPMSK                           00000000
_SSPMSKbits                       00000000
_SSPSTAT                          00000000
_SSPSTATbits                      00000000
_STATUS                           00000000
_STATUSbits                       00000000
_STKPTR                           00000000
_STKPTRbits                       00000000
_T0CON                            00000000
_T0CONbits                        00000000
_T1CON                            00000000
_T1CONbits                        00000000
_T1GCON                           00000000
_T1GCONbits                       00000000
_T2CON                            00000000
_T2CONbits                        00000000
_T3CON                            00000000
_T3CONbits                        00000000
_T3GCON                           00000000
_T3GCONbits                       00000000
_T4CON                            00000000
_T4CONbits                        00000000
_T5CON                            00000000
_T5CONbits                        00000000
_T5GCON                           00000000
_T5GCONbits                       00000000
_T6CON                            00000000
gpasm-1.0.0 #932 (Jan 21 2013) firmware2-objs   4-9-2021  17:01:40          PAGE 29


SYMBOL TABLE
  LABEL                             VALUE 

_T6CONbits                        00000000
_TABLAT                           00000000
_TBLPTR                           00000000
_TBLPTRH                          00000000
_TBLPTRL                          00000000
_TBLPTRU                          00000000
_TMR0                             00000000
_TMR0H                            00000000
_TMR0L                            00000000
_TMR1                             00000000
_TMR1H                            00000000
_TMR1L                            00000000
_TMR2                             00000000
_TMR3                             00000000
_TMR3H                            00000000
_TMR3L                            00000000
_TMR4                             00000000
_TMR5                             00000000
_TMR5H                            00000000
_TMR5L                            00000000
_TMR6                             00000000
_TOS                              00000000
_TOSH                             00000000
_TOSL                             00000000
_TOSU                             00000000
_TRICZ                            00000000
_TRISA                            00000000
_TRISAbits                        00000000
_TRISB                            00000000
_TRISBbits                        00000000
_TRISC                            00000000
_TRISCbits                        00000000
_TRISE                            00000000
_TRISEbits                        00000000
_TRISZbits                        00000000
_TX1REG                           00000000
_TX1STA                           00000000
_TX1STAbits                       00000000
_TX2REG                           00000000
_TX2STA                           00000000
_TX2STAbits                       00000000
_TXREG                            00000000
_TXREG1                           00000000
_TXREG2                           00000000
_TXSTA                            00000000
_TXSTA1                           00000000
_TXSTA1bits                       00000000
_TXSTA2                           00000000
_TXSTA2bits                       00000000
_TXSTAbits                        00000000
_VREFCON0                         00000000
_VREFCON0bits                     00000000
_VREFCON1                         00000000
gpasm-1.0.0 #932 (Jan 21 2013) firmware2-objs   4-9-2021  17:01:40          PAGE 30


SYMBOL TABLE
  LABEL                             VALUE 

_VREFCON1bits                     00000000
_VREFCON2                         00000000
_VREFCON2bits                     00000000
_WDTCON                           00000000
_WDTCONbits                       00000000
_WPUB                             00000000
_WPUBbits                         00000000
_WREG                             00000000
__18F26K22                        00000001
__gptrget1                        00000000
__gptrget2                        00000000
__gptrget4                        00000000
__gptrput1                        00000000
__gptrput2                        00000000
__gptrput4                        00000000
_eeReadByte                       00000000
_eeWriteByte                      00000000
_eeaddress                        00000000
_eeoperation                      00000000
_stdin                            00000000
_stdout                           00000000
r0x00                             00000000
r0x01                             00000001
r0x02                             00000002
r0x03                             00000003
r0x04                             00000004
r0x05                             00000005
r0x06                             00000006
r0x07                             00000007
r0x08                             00000008
r0x09                             00000009
r0x0a                             0000000A
r0x0b                             0000000B

Errors   :     0
Warnings :     0 reported,     0 suppressed
Messages :     0 reported,     0 suppressed

