gpasm-1.0.0 #932 (Jan 21 2013) firmware2-objs   4-9-2021  17:01:41          PAGE  1


LOC  OBJECT CODE     LINE SOURCE TEXT
  VALUE

                      00001 ;--------------------------------------------------------
                      00002 ; File Created by SDCC : free open source ANSI-C Compiler
                      00003 ; Version 3.6.5 #9830 (MINGW32)
                      00004 ;--------------------------------------------------------
                      00005 ; PIC16 port for the Microchip 16-bit core micros
                      00006 ;--------------------------------------------------------
                      00007         list    p=18f26k22
                      00008         radix   dec
                      00009 
                      00010 
                      00011 ;--------------------------------------------------------
                      00012 ; public variables in this module
                      00013 ;--------------------------------------------------------
  0000                00014         global  _switchInit
  0000                00015         global  _switchSelectHW
  0000                00016         global  _switchDeselect
  0000                00017         global  _switchService
  0000                00018         global  _switchSend
  0000                00019         global  _switchGet
                      00020 
                      00021 ;--------------------------------------------------------
                      00022 ; extern variables in this module
                      00023 ;--------------------------------------------------------
  0000                00024         extern  _ANSELAbits
  0000                00025         extern  _ANSELBbits
  0000                00026         extern  _ANSELCbits
  0000                00027         extern  _PMD2bits
  0000                00028         extern  _PMD1bits
  0000                00029         extern  _PMD0bits
  0000                00030         extern  _DACCON1bits
  0000                00031         extern  _VREFCON2bits
  0000                00032         extern  _DACCON0bits
  0000                00033         extern  _VREFCON1bits
  0000                00034         extern  _FVRCONbits
  0000                00035         extern  _VREFCON0bits
  0000                00036         extern  _CTMUICONbits
  0000                00037         extern  _CTMUICONHbits
  0000                00038         extern  _CTMUCON1bits
  0000                00039         extern  _CTMUCONLbits
  0000                00040         extern  _CTMUCON0bits
  0000                00041         extern  _CTMUCONHbits
  0000                00042         extern  _SRCON1bits
  0000                00043         extern  _SRCON0bits
  0000                00044         extern  _CCPTMRS1bits
  0000                00045         extern  _CCPTMRS0bits
  0000                00046         extern  _T6CONbits
  0000                00047         extern  _T5GCONbits
  0000                00048         extern  _T5CONbits
  0000                00049         extern  _T4CONbits
  0000                00050         extern  _CCP5CONbits
  0000                00051         extern  _CCP4CONbits
  0000                00052         extern  _PSTR3CONbits
  0000                00053         extern  _CCP3ASbits
gpasm-1.0.0 #932 (Jan 21 2013) firmware2-objs   4-9-2021  17:01:41          PAGE  2


LOC  OBJECT CODE     LINE SOURCE TEXT
  VALUE

  0000                00054         extern  _ECCP3ASbits
  0000                00055         extern  _PWM3CONbits
  0000                00056         extern  _CCP3CONbits
  0000                00057         extern  _SLRCONbits
  0000                00058         extern  _WPUBbits
  0000                00059         extern  _IOCBbits
  0000                00060         extern  _PSTR2CONbits
  0000                00061         extern  _CCP2ASbits
  0000                00062         extern  _ECCP2ASbits
  0000                00063         extern  _PWM2CONbits
  0000                00064         extern  _CCP2CONbits
  0000                00065         extern  _SSP2CON3bits
  0000                00066         extern  _SSP2MSKbits
  0000                00067         extern  _SSP2CON2bits
  0000                00068         extern  _SSP2CON1bits
  0000                00069         extern  _SSP2STATbits
  0000                00070         extern  _BAUD2CONbits
  0000                00071         extern  _BAUDCON2bits
  0000                00072         extern  _RC2STAbits
  0000                00073         extern  _RCSTA2bits
  0000                00074         extern  _TX2STAbits
  0000                00075         extern  _TXSTA2bits
  0000                00076         extern  _CM12CONbits
  0000                00077         extern  _CM2CON1bits
  0000                00078         extern  _CM2CONbits
  0000                00079         extern  _CM2CON0bits
  0000                00080         extern  _CM1CONbits
  0000                00081         extern  _CM1CON0bits
  0000                00082         extern  _PIE4bits
  0000                00083         extern  _PIR4bits
  0000                00084         extern  _IPR4bits
  0000                00085         extern  _PIE5bits
  0000                00086         extern  _PIR5bits
  0000                00087         extern  _IPR5bits
  0000                00088         extern  _PORTAbits
  0000                00089         extern  _PORTBbits
  0000                00090         extern  _PORTCbits
  0000                00091         extern  _PORTEbits
  0000                00092         extern  _LATAbits
  0000                00093         extern  _LATBbits
  0000                00094         extern  _LATCbits
  0000                00095         extern  _DDRAbits
  0000                00096         extern  _TRISAbits
  0000                00097         extern  _DDRBbits
  0000                00098         extern  _TRISBbits
  0000                00099         extern  _DDRCbits
  0000                00100         extern  _TRISCbits
  0000                00101         extern  _TRISEbits
  0000                00102         extern  _OSCTUNEbits
  0000                00103         extern  _HLVDCONbits
  0000                00104         extern  _LVDCONbits
  0000                00105         extern  _PIE1bits
  0000                00106         extern  _PIR1bits
gpasm-1.0.0 #932 (Jan 21 2013) firmware2-objs   4-9-2021  17:01:41          PAGE  3


LOC  OBJECT CODE     LINE SOURCE TEXT
  VALUE

  0000                00107         extern  _IPR1bits
  0000                00108         extern  _PIE2bits
  0000                00109         extern  _PIR2bits
  0000                00110         extern  _IPR2bits
  0000                00111         extern  _PIE3bits
  0000                00112         extern  _PIR3bits
  0000                00113         extern  _IPR3bits
  0000                00114         extern  _EECON1bits
  0000                00115         extern  _EEADRbits
  0000                00116         extern  _EEADRHbits
  0000                00117         extern  _RC1STAbits
  0000                00118         extern  _RCSTAbits
  0000                00119         extern  _RCSTA1bits
  0000                00120         extern  _TX1STAbits
  0000                00121         extern  _TXSTAbits
  0000                00122         extern  _TXSTA1bits
  0000                00123         extern  _T3CONbits
  0000                00124         extern  _T3GCONbits
  0000                00125         extern  _ECCP1ASbits
  0000                00126         extern  _ECCPASbits
  0000                00127         extern  _PWM1CONbits
  0000                00128         extern  _PWMCONbits
  0000                00129         extern  _BAUD1CONbits
  0000                00130         extern  _BAUDCONbits
  0000                00131         extern  _BAUDCON1bits
  0000                00132         extern  _BAUDCTLbits
  0000                00133         extern  _PSTR1CONbits
  0000                00134         extern  _PSTRCONbits
  0000                00135         extern  _T2CONbits
  0000                00136         extern  _CCP1CONbits
  0000                00137         extern  _ADCON2bits
  0000                00138         extern  _ADCON1bits
  0000                00139         extern  _ADCON0bits
  0000                00140         extern  _SSP1CON2bits
  0000                00141         extern  _SSPCON2bits
  0000                00142         extern  _SSP1CON1bits
  0000                00143         extern  _SSPCON1bits
  0000                00144         extern  _SSP1STATbits
  0000                00145         extern  _SSPSTATbits
  0000                00146         extern  _SSP1MSKbits
  0000                00147         extern  _SSPMSKbits
  0000                00148         extern  _SSP1CON3bits
  0000                00149         extern  _SSPCON3bits
  0000                00150         extern  _T1GCONbits
  0000                00151         extern  _T1CONbits
  0000                00152         extern  _RCONbits
  0000                00153         extern  _WDTCONbits
  0000                00154         extern  _OSCCON2bits
  0000                00155         extern  _OSCCONbits
  0000                00156         extern  _T0CONbits
  0000                00157         extern  _STATUSbits
  0000                00158         extern  _INTCON3bits
  0000                00159         extern  _INTCON2bits
gpasm-1.0.0 #932 (Jan 21 2013) firmware2-objs   4-9-2021  17:01:41          PAGE  4


LOC  OBJECT CODE     LINE SOURCE TEXT
  VALUE

  0000                00160         extern  _INTCONbits
  0000                00161         extern  _STKPTRbits
  0000                00162         extern  _stdin
  0000                00163         extern  _stdout
  0000                00164         extern  _Now
  0000                00165         extern  _PORTZ
  0000                00166         extern  _PORTZbits
  0000                00167         extern  _LATZ
  0000                00168         extern  _LATZbits
  0000                00169         extern  _TRICZ
  0000                00170         extern  _TRISZbits
  0000                00171         extern  _ANSELZ
  0000                00172         extern  _ANSELZbits
  0000                00173         extern  _ANSELA
  0000                00174         extern  _ANSELB
  0000                00175         extern  _ANSELC
  0000                00176         extern  _PMD2
  0000                00177         extern  _PMD1
  0000                00178         extern  _PMD0
  0000                00179         extern  _DACCON1
  0000                00180         extern  _VREFCON2
  0000                00181         extern  _DACCON0
  0000                00182         extern  _VREFCON1
  0000                00183         extern  _FVRCON
  0000                00184         extern  _VREFCON0
  0000                00185         extern  _CTMUICON
  0000                00186         extern  _CTMUICONH
  0000                00187         extern  _CTMUCON1
  0000                00188         extern  _CTMUCONL
  0000                00189         extern  _CTMUCON0
  0000                00190         extern  _CTMUCONH
  0000                00191         extern  _SRCON1
  0000                00192         extern  _SRCON0
  0000                00193         extern  _CCPTMRS1
  0000                00194         extern  _CCPTMRS0
  0000                00195         extern  _T6CON
  0000                00196         extern  _PR6
  0000                00197         extern  _TMR6
  0000                00198         extern  _T5GCON
  0000                00199         extern  _T5CON
  0000                00200         extern  _TMR5
  0000                00201         extern  _TMR5L
  0000                00202         extern  _TMR5H
  0000                00203         extern  _T4CON
  0000                00204         extern  _PR4
  0000                00205         extern  _TMR4
  0000                00206         extern  _CCP5CON
  0000                00207         extern  _CCPR5
  0000                00208         extern  _CCPR5L
  0000                00209         extern  _CCPR5H
  0000                00210         extern  _CCP4CON
  0000                00211         extern  _CCPR4
  0000                00212         extern  _CCPR4L
gpasm-1.0.0 #932 (Jan 21 2013) firmware2-objs   4-9-2021  17:01:41          PAGE  5


LOC  OBJECT CODE     LINE SOURCE TEXT
  VALUE

  0000                00213         extern  _CCPR4H
  0000                00214         extern  _PSTR3CON
  0000                00215         extern  _CCP3AS
  0000                00216         extern  _ECCP3AS
  0000                00217         extern  _PWM3CON
  0000                00218         extern  _CCP3CON
  0000                00219         extern  _CCPR3
  0000                00220         extern  _CCPR3L
  0000                00221         extern  _CCPR3H
  0000                00222         extern  _SLRCON
  0000                00223         extern  _WPUB
  0000                00224         extern  _IOCB
  0000                00225         extern  _PSTR2CON
  0000                00226         extern  _CCP2AS
  0000                00227         extern  _ECCP2AS
  0000                00228         extern  _PWM2CON
  0000                00229         extern  _CCP2CON
  0000                00230         extern  _CCPR2
  0000                00231         extern  _CCPR2L
  0000                00232         extern  _CCPR2H
  0000                00233         extern  _SSP2CON3
  0000                00234         extern  _SSP2MSK
  0000                00235         extern  _SSP2CON2
  0000                00236         extern  _SSP2CON1
  0000                00237         extern  _SSP2STAT
  0000                00238         extern  _SSP2ADD
  0000                00239         extern  _SSP2BUF
  0000                00240         extern  _BAUD2CON
  0000                00241         extern  _BAUDCON2
  0000                00242         extern  _RC2STA
  0000                00243         extern  _RCSTA2
  0000                00244         extern  _TX2STA
  0000                00245         extern  _TXSTA2
  0000                00246         extern  _TX2REG
  0000                00247         extern  _TXREG2
  0000                00248         extern  _RC2REG
  0000                00249         extern  _RCREG2
  0000                00250         extern  _SP2BRG
  0000                00251         extern  _SPBRG2
  0000                00252         extern  _SP2BRGH
  0000                00253         extern  _SPBRGH2
  0000                00254         extern  _CM12CON
  0000                00255         extern  _CM2CON1
  0000                00256         extern  _CM2CON
  0000                00257         extern  _CM2CON0
  0000                00258         extern  _CM1CON
  0000                00259         extern  _CM1CON0
  0000                00260         extern  _PIE4
  0000                00261         extern  _PIR4
  0000                00262         extern  _IPR4
  0000                00263         extern  _PIE5
  0000                00264         extern  _PIR5
  0000                00265         extern  _IPR5
gpasm-1.0.0 #932 (Jan 21 2013) firmware2-objs   4-9-2021  17:01:41          PAGE  6


LOC  OBJECT CODE     LINE SOURCE TEXT
  VALUE

  0000                00266         extern  _PORTA
  0000                00267         extern  _PORTB
  0000                00268         extern  _PORTC
  0000                00269         extern  _PORTE
  0000                00270         extern  _LATA
  0000                00271         extern  _LATB
  0000                00272         extern  _LATC
  0000                00273         extern  _DDRA
  0000                00274         extern  _TRISA
  0000                00275         extern  _DDRB
  0000                00276         extern  _TRISB
  0000                00277         extern  _DDRC
  0000                00278         extern  _TRISC
  0000                00279         extern  _TRISE
  0000                00280         extern  _OSCTUNE
  0000                00281         extern  _HLVDCON
  0000                00282         extern  _LVDCON
  0000                00283         extern  _PIE1
  0000                00284         extern  _PIR1
  0000                00285         extern  _IPR1
  0000                00286         extern  _PIE2
  0000                00287         extern  _PIR2
  0000                00288         extern  _IPR2
  0000                00289         extern  _PIE3
  0000                00290         extern  _PIR3
  0000                00291         extern  _IPR3
  0000                00292         extern  _EECON1
  0000                00293         extern  _EECON2
  0000                00294         extern  _EEDATA
  0000                00295         extern  _EEADR
  0000                00296         extern  _EEADRH
  0000                00297         extern  _RC1STA
  0000                00298         extern  _RCSTA
  0000                00299         extern  _RCSTA1
  0000                00300         extern  _TX1STA
  0000                00301         extern  _TXSTA
  0000                00302         extern  _TXSTA1
  0000                00303         extern  _TX1REG
  0000                00304         extern  _TXREG
  0000                00305         extern  _TXREG1
  0000                00306         extern  _RC1REG
  0000                00307         extern  _RCREG
  0000                00308         extern  _RCREG1
  0000                00309         extern  _SP1BRG
  0000                00310         extern  _SPBRG
  0000                00311         extern  _SPBRG1
  0000                00312         extern  _SP1BRGH
  0000                00313         extern  _SPBRGH
  0000                00314         extern  _SPBRGH1
  0000                00315         extern  _T3CON
  0000                00316         extern  _TMR3
  0000                00317         extern  _TMR3L
  0000                00318         extern  _TMR3H
gpasm-1.0.0 #932 (Jan 21 2013) firmware2-objs   4-9-2021  17:01:41          PAGE  7


LOC  OBJECT CODE     LINE SOURCE TEXT
  VALUE

  0000                00319         extern  _T3GCON
  0000                00320         extern  _ECCP1AS
  0000                00321         extern  _ECCPAS
  0000                00322         extern  _PWM1CON
  0000                00323         extern  _PWMCON
  0000                00324         extern  _BAUD1CON
  0000                00325         extern  _BAUDCON
  0000                00326         extern  _BAUDCON1
  0000                00327         extern  _BAUDCTL
  0000                00328         extern  _PSTR1CON
  0000                00329         extern  _PSTRCON
  0000                00330         extern  _T2CON
  0000                00331         extern  _PR2
  0000                00332         extern  _TMR2
  0000                00333         extern  _CCP1CON
  0000                00334         extern  _CCPR1
  0000                00335         extern  _CCPR1L
  0000                00336         extern  _CCPR1H
  0000                00337         extern  _ADCON2
  0000                00338         extern  _ADCON1
  0000                00339         extern  _ADCON0
  0000                00340         extern  _ADRES
  0000                00341         extern  _ADRESL
  0000                00342         extern  _ADRESH
  0000                00343         extern  _SSP1CON2
  0000                00344         extern  _SSPCON2
  0000                00345         extern  _SSP1CON1
  0000                00346         extern  _SSPCON1
  0000                00347         extern  _SSP1STAT
  0000                00348         extern  _SSPSTAT
  0000                00349         extern  _SSP1ADD
  0000                00350         extern  _SSPADD
  0000                00351         extern  _SSP1BUF
  0000                00352         extern  _SSPBUF
  0000                00353         extern  _SSP1MSK
  0000                00354         extern  _SSPMSK
  0000                00355         extern  _SSP1CON3
  0000                00356         extern  _SSPCON3
  0000                00357         extern  _T1GCON
  0000                00358         extern  _T1CON
  0000                00359         extern  _TMR1
  0000                00360         extern  _TMR1L
  0000                00361         extern  _TMR1H
  0000                00362         extern  _RCON
  0000                00363         extern  _WDTCON
  0000                00364         extern  _OSCCON2
  0000                00365         extern  _OSCCON
  0000                00366         extern  _T0CON
  0000                00367         extern  _TMR0
  0000                00368         extern  _TMR0L
  0000                00369         extern  _TMR0H
  0000                00370         extern  _STATUS
  0000                00371         extern  _FSR2L
gpasm-1.0.0 #932 (Jan 21 2013) firmware2-objs   4-9-2021  17:01:41          PAGE  8


LOC  OBJECT CODE     LINE SOURCE TEXT
  VALUE

  0000                00372         extern  _FSR2H
  0000                00373         extern  _PLUSW2
  0000                00374         extern  _PREINC2
  0000                00375         extern  _POSTDEC2
  0000                00376         extern  _POSTINC2
  0000                00377         extern  _INDF2
  0000                00378         extern  _BSR
  0000                00379         extern  _FSR1L
  0000                00380         extern  _FSR1H
  0000                00381         extern  _PLUSW1
  0000                00382         extern  _PREINC1
  0000                00383         extern  _POSTDEC1
  0000                00384         extern  _POSTINC1
  0000                00385         extern  _INDF1
  0000                00386         extern  _WREG
  0000                00387         extern  _FSR0L
  0000                00388         extern  _FSR0H
  0000                00389         extern  _PLUSW0
  0000                00390         extern  _PREINC0
  0000                00391         extern  _POSTDEC0
  0000                00392         extern  _POSTINC0
  0000                00393         extern  _INDF0
  0000                00394         extern  _INTCON3
  0000                00395         extern  _INTCON2
  0000                00396         extern  _INTCON
  0000                00397         extern  _PROD
  0000                00398         extern  _PRODL
  0000                00399         extern  _PRODH
  0000                00400         extern  _TABLAT
  0000                00401         extern  _TBLPTR
  0000                00402         extern  _TBLPTRL
  0000                00403         extern  _TBLPTRH
  0000                00404         extern  _TBLPTRU
  0000                00405         extern  _PC
  0000                00406         extern  _PCL
  0000                00407         extern  _PCLATH
  0000                00408         extern  _PCLATU
  0000                00409         extern  _STKPTR
  0000                00410         extern  _TOS
  0000                00411         extern  _TOSL
  0000                00412         extern  _TOSH
  0000                00413         extern  _TOSU
  0000                00414         extern  _printf
                      00415 
                      00416 ;--------------------------------------------------------
                      00417 ;       Equates to used internal registers
                      00418 ;--------------------------------------------------------
  00000FD8            00419 STATUS  equ     0xfd8
  00000FE8            00420 WREG    equ     0xfe8
  00000FE9            00421 FSR0L   equ     0xfe9
  00000FEA            00422 FSR0H   equ     0xfea
  00000FE1            00423 FSR1L   equ     0xfe1
  00000FD9            00424 FSR2L   equ     0xfd9
gpasm-1.0.0 #932 (Jan 21 2013) firmware2-objs   4-9-2021  17:01:41          PAGE  9


LOC  OBJECT CODE     LINE SOURCE TEXT
  VALUE

  00000FEF            00425 INDF0   equ     0xfef
  00000FE5            00426 POSTDEC1        equ     0xfe5
  00000FE4            00427 PREINC1 equ     0xfe4
  00000FDB            00428 PLUSW2  equ     0xfdb
                      00429 
                      00430 
                      00431         idata
000000 00             00432 _switchSend_chan_1_94   db      0x00
                      00433 
                      00434 
                      00435 ; Internal registers
                      00436 .registers      udata_ovr       0x0000
000000                00437 r0x00   res     1
000001                00438 r0x01   res     1
000002                00439 r0x02   res     1
000003                00440 r0x03   res     1
000004                00441 r0x04   res     1
000005                00442 r0x05   res     1
000006                00443 r0x06   res     1
000007                00444 r0x07   res     1
000008                00445 r0x08   res     1
000009                00446 r0x09   res     1
00000A                00447 r0x0a   res     1
                      00448 
                      00449 udata_switch_0  udata
000000                00450 _oldStates      res     2
                      00451 
                      00452 udata_switch_1  udata
000000                00453 _States res     2
                      00454 
                      00455 udata_switch_2  udata
000000                00456 _Pins   res     16
                      00457 
                      00458 ;--------------------------------------------------------
                      00459 ; global & static initialisations
                      00460 ;--------------------------------------------------------
                      00461 ; I code from now on!
                      00462 ; ; Starting pCode block
                      00463 S_switch__switchGet     code
000000                00464 _switchGet:
                      00465 ;       .line   108; C:/Users/sarto/Documents/Pd/externals/Fraise/switch/switch.c       char switchGet(u
                            nsigned char chan)
000000 CFD9 FFE5      00466         MOVFF   FSR2L, POSTDEC1
000004 CFE1 FFD9      00467         MOVFF   FSR1L, FSR2L
000008 C??? F???      00468         MOVFF   r0x00, POSTDEC1
00000C C??? F???      00469         MOVFF   r0x01, POSTDEC1
000010 C??? F???      00470         MOVFF   r0x02, POSTDEC1
000014 C??? F???      00471         MOVFF   r0x03, POSTDEC1
000018 C??? F???      00472         MOVFF   r0x04, POSTDEC1
00001C 0E02           00473         MOVLW   0x02
00001E CFDB F000      00474         MOVFF   PLUSW2, r0x00
                      00475 ;       .line   110; C:/Users/sarto/Documents/Pd/externals/Fraise/switch/switch.c       return CHANISSET
                            (chan);
gpasm-1.0.0 #932 (Jan 21 2013) firmware2-objs   4-9-2021  17:01:41          PAGE 10


LOC  OBJECT CODE     LINE SOURCE TEXT
  VALUE

000022 38??           00476         SWAPF   r0x00, W
000024 44E8           00477         RLNCF   WREG, W
000026 0B1F           00478         ANDLW   0x1f
000028 6E??           00479         MOVWF   r0x01
00002A 6A??           00480         CLRF    r0x02
00002C 0E??           00481         MOVLW   LOW(_States)
00002E 26??           00482         ADDWF   r0x01, F
000030 0E??           00483         MOVLW   HIGH(_States)
000032 22??           00484         ADDWFC  r0x02, F
000034 C??? F???      00485         MOVFF   r0x01, FSR0L
000038 C??? F???      00486         MOVFF   r0x02, FSR0H
00003C CFEF F000      00487         MOVFF   INDF0, r0x01
000040 0E07           00488         MOVLW   0x07
000042 16??           00489         ANDWF   r0x00, F
000044 0E01           00490         MOVLW   0x01
000046 6E??           00491         MOVWF   r0x02
000048 0E00           00492         MOVLW   0x00
00004A 6E??           00493         MOVWF   r0x03
00004C 50??           00494         MOVF    r0x00, W
00004E E0??           00495         BZ      _00237_DS_
000050 6CE8           00496         NEGF    WREG
000052 90D8           00497         BCF     STATUS, 0
000054                00498 _00238_DS_:
000054 36??           00499         RLCF    r0x02, F
000056 36??           00500         RLCF    r0x03, F
000058 0F01           00501         ADDLW   0x01
00005A E3??           00502         BNC     _00238_DS_
00005C                00503 _00237_DS_:
00005C 6A??           00504         CLRF    r0x04
00005E 50??           00505         MOVF    r0x01, W
000060 16??           00506         ANDWF   r0x02, F
000062 50??           00507         MOVF    r0x04, W
000064 16??           00508         ANDWF   r0x03, F
000066 50??           00509         MOVF    r0x02, W
000068 10??           00510         IORWF   r0x03, W
00006A 80D8           00511         BSF     STATUS, 0
00006C 66E8           00512         TSTFSZ  WREG
00006E 90D8           00513         BCF     STATUS, 0
000070 6A??           00514         CLRF    r0x02
000072 36??           00515         RLCF    r0x02, F
000074 50??           00516         MOVF    r0x02, W
000076 80D8           00517         BSF     STATUS, 0
000078 66E8           00518         TSTFSZ  WREG
00007A 90D8           00519         BCF     STATUS, 0
00007C 6A??           00520         CLRF    r0x02
00007E 36??           00521         RLCF    r0x02, F
000080 50??           00522         MOVF    r0x02, W
000082 CFE4 F000      00523         MOVFF   PREINC1, r0x04
000086 CFE4 F000      00524         MOVFF   PREINC1, r0x03
00008A CFE4 F000      00525         MOVFF   PREINC1, r0x02
00008E CFE4 F000      00526         MOVFF   PREINC1, r0x01
000092 CFE4 F000      00527         MOVFF   PREINC1, r0x00
000096 CFE4 FFD9      00528         MOVFF   PREINC1, FSR2L
gpasm-1.0.0 #932 (Jan 21 2013) firmware2-objs   4-9-2021  17:01:41          PAGE 11


LOC  OBJECT CODE     LINE SOURCE TEXT
  VALUE

00009A 0012           00529         RETURN  
                      00530 
                      00531 ; ; Starting pCode block
                      00532 S_switch__switchSend    code
000000                00533 _switchSend:
                      00534 ;       .line   83; C:/Users/sarto/Documents/Pd/externals/Fraise/switch/switch.c        char switchSend(
                            void)
000000 C??? F???      00535         MOVFF   r0x00, POSTDEC1
000004 C??? F???      00536         MOVFF   r0x01, POSTDEC1
000008 C??? F???      00537         MOVFF   r0x02, POSTDEC1
00000C C??? F???      00538         MOVFF   r0x03, POSTDEC1
000010 C??? F???      00539         MOVFF   r0x04, POSTDEC1
000014 C??? F???      00540         MOVFF   r0x05, POSTDEC1
000018 C??? F???      00541         MOVFF   r0x06, POSTDEC1
00001C C??? F???      00542         MOVFF   r0x07, POSTDEC1
000020 C??? F???      00543         MOVFF   r0x08, POSTDEC1
000024 C??? F???      00544         MOVFF   r0x09, POSTDEC1
000028 C??? F???      00545         MOVFF   r0x0a, POSTDEC1
                      00546 ;       .line   86; C:/Users/sarto/Documents/Pd/externals/Fraise/switch/switch.c        unsigned char co
                            unt=0,pin,set;
00002C 6A??           00547         CLRF    r0x00
                      00548 ;       .line   88; C:/Users/sarto/Documents/Pd/externals/Fraise/switch/switch.c        while(count<4) {
00002E 6A??           00549         CLRF    r0x01
000030                00550 _00188_DS_:
000030 0E04           00551         MOVLW   0x04
000032 5C??           00552         SUBWF   r0x01, W
000034 B0D8           00553         BTFSC   STATUS, 0
000036 D???           00554         BRA     _00190_DS_
                      00555 ;       .line   89; C:/Users/sarto/Documents/Pd/externals/Fraise/switch/switch.c        pin=Pins[chan];
000038 0E??           00556         MOVLW   LOW(_Pins)
00003A ????           00557         BANKSEL _switchSend_chan_1_94
00003C 25??           00558         ADDWF   _switchSend_chan_1_94, W, B
00003E 6E??           00559         MOVWF   r0x02
000040 6A??           00560         CLRF    r0x03
000042 0E??           00561         MOVLW   HIGH(_Pins)
000044 22??           00562         ADDWFC  r0x03, F
000046 C??? F???      00563         MOVFF   r0x02, FSR0L
00004A C??? F???      00564         MOVFF   r0x03, FSR0H
00004E CFEF F000      00565         MOVFF   INDF0, r0x02
                      00566 ;       .line   90; C:/Users/sarto/Documents/Pd/externals/Fraise/switch/switch.c        if(pin != 255) {
000052 50??           00567         MOVF    r0x02, W
000054 0AFF           00568         XORLW   0xff
000056 E1??           00569         BNZ     _00213_DS_
000058 D???           00570         BRA     _00185_DS_
00005A                00571 _00213_DS_:
00005A ????           00572         BANKSEL _switchSend_chan_1_94
                      00573 ;       .line   91; C:/Users/sarto/Documents/Pd/externals/Fraise/switch/switch.c        set=CHANISSET(ch
                            an);
00005C 39??           00574         SWAPF   _switchSend_chan_1_94, W, B
00005E 44E8           00575         RLNCF   WREG, W
000060 0B1F           00576         ANDLW   0x1f
000062 6E??           00577         MOVWF   r0x02
000064 0E??           00578         MOVLW   LOW(_States)
gpasm-1.0.0 #932 (Jan 21 2013) firmware2-objs   4-9-2021  17:01:41          PAGE 12


LOC  OBJECT CODE     LINE SOURCE TEXT
  VALUE

000066 24??           00579         ADDWF   r0x02, W
000068 6E??           00580         MOVWF   r0x03
00006A 6A??           00581         CLRF    r0x04
00006C 0E??           00582         MOVLW   HIGH(_States)
00006E 22??           00583         ADDWFC  r0x04, F
000070 C??? F???      00584         MOVFF   r0x03, FSR0L
000074 C??? F???      00585         MOVFF   r0x04, FSR0H
000078 CFEF F000      00586         MOVFF   INDF0, r0x03
00007C 0E07           00587         MOVLW   0x07
                      00588 ; removed redundant BANKSEL
00007E 15??           00589         ANDWF   _switchSend_chan_1_94, W, B
000080 6E??           00590         MOVWF   r0x04
000082 0E01           00591         MOVLW   0x01
000084 6E??           00592         MOVWF   r0x05
000086 0E00           00593         MOVLW   0x00
000088 6E??           00594         MOVWF   r0x06
00008A 50??           00595         MOVF    r0x04, W
00008C E0??           00596         BZ      _00215_DS_
00008E 6CE8           00597         NEGF    WREG
000090 90D8           00598         BCF     STATUS, 0
000092                00599 _00216_DS_:
000092 36??           00600         RLCF    r0x05, F
000094 36??           00601         RLCF    r0x06, F
000096 0F01           00602         ADDLW   0x01
000098 E3??           00603         BNC     _00216_DS_
00009A                00604 _00215_DS_:
00009A 6A??           00605         CLRF    r0x07
00009C 50??           00606         MOVF    r0x05, W
00009E 16??           00607         ANDWF   r0x03, F
0000A0 50??           00608         MOVF    r0x06, W
0000A2 16??           00609         ANDWF   r0x07, F
0000A4 50??           00610         MOVF    r0x03, W
0000A6 10??           00611         IORWF   r0x07, W
0000A8 80D8           00612         BSF     STATUS, 0
0000AA 66E8           00613         TSTFSZ  WREG
0000AC 90D8           00614         BCF     STATUS, 0
0000AE 6A??           00615         CLRF    r0x03
0000B0 36??           00616         RLCF    r0x03, F
0000B2 50??           00617         MOVF    r0x03, W
0000B4 80D8           00618         BSF     STATUS, 0
0000B6 66E8           00619         TSTFSZ  WREG
0000B8 90D8           00620         BCF     STATUS, 0
0000BA 6A??           00621         CLRF    r0x03
0000BC 36??           00622         RLCF    r0x03, F
                      00623 ;       .line   92; C:/Users/sarto/Documents/Pd/externals/Fraise/switch/switch.c        if(set!=OLDCHANI
                            SSET(chan)) {
0000BE 6A??           00624         CLRF    r0x07
0000C0 0E??           00625         MOVLW   LOW(_oldStates)
0000C2 26??           00626         ADDWF   r0x02, F
0000C4 0E??           00627         MOVLW   HIGH(_oldStates)
0000C6 22??           00628         ADDWFC  r0x07, F
0000C8 C??? F???      00629         MOVFF   r0x02, FSR0L
0000CC C??? F???      00630         MOVFF   r0x07, FSR0H
gpasm-1.0.0 #932 (Jan 21 2013) firmware2-objs   4-9-2021  17:01:41          PAGE 13


LOC  OBJECT CODE     LINE SOURCE TEXT
  VALUE

0000D0 CFEF F000      00631         MOVFF   INDF0, r0x08
0000D4 C??? F???      00632         MOVFF   r0x08, r0x09
0000D8 6A??           00633         CLRF    r0x0a
0000DA 50??           00634         MOVF    r0x09, W
0000DC 16??           00635         ANDWF   r0x05, F
0000DE 50??           00636         MOVF    r0x0a, W
0000E0 16??           00637         ANDWF   r0x06, F
0000E2 50??           00638         MOVF    r0x05, W
0000E4 10??           00639         IORWF   r0x06, W
0000E6 80D8           00640         BSF     STATUS, 0
0000E8 66E8           00641         TSTFSZ  WREG
0000EA 90D8           00642         BCF     STATUS, 0
0000EC 6A??           00643         CLRF    r0x05
0000EE 36??           00644         RLCF    r0x05, F
0000F0 50??           00645         MOVF    r0x05, W
0000F2 80D8           00646         BSF     STATUS, 0
0000F4 66E8           00647         TSTFSZ  WREG
0000F6 90D8           00648         BCF     STATUS, 0
0000F8 6A??           00649         CLRF    r0x05
0000FA 36??           00650         RLCF    r0x05, F
0000FC 50??           00651         MOVF    r0x03, W
0000FE 18??           00652         XORWF   r0x05, W
000100 E1??           00653         BNZ     _00220_DS_
000102 D???           00654         BRA     _00185_DS_
000104                00655 _00220_DS_:
                      00656 ;       .line   93; C:/Users/sarto/Documents/Pd/externals/Fraise/switch/switch.c        if(set) OLDCHANS
                            ET(chan);
000104 50??           00657         MOVF    r0x03, W
000106 E0??           00658         BZ      _00180_DS_
000108 0E01           00659         MOVLW   0x01
00010A 6E??           00660         MOVWF   r0x05
00010C 50??           00661         MOVF    r0x04, W
00010E E0??           00662         BZ      _00221_DS_
000110 6CE8           00663         NEGF    WREG
000112 90D8           00664         BCF     STATUS, 0
000114                00665 _00222_DS_:
000114 36??           00666         RLCF    r0x05, F
000116 0F01           00667         ADDLW   0x01
000118 E3??           00668         BNC     _00222_DS_
00011A                00669 _00221_DS_:
00011A 50??           00670         MOVF    r0x05, W
00011C 12??           00671         IORWF   r0x08, F
00011E C??? F???      00672         MOVFF   r0x02, FSR0L
000122 C??? F???      00673         MOVFF   r0x07, FSR0H
000126 C??? F???      00674         MOVFF   r0x08, INDF0
00012A D???           00675         BRA     _00181_DS_
00012C                00676 _00180_DS_:
                      00677 ;       .line   94; C:/Users/sarto/Documents/Pd/externals/Fraise/switch/switch.c        else OLDCHANCLR(
                            chan);
00012C C??? F???      00678         MOVFF   r0x02, FSR0L
000130 C??? F???      00679         MOVFF   r0x07, FSR0H
000134 CFEF F000      00680         MOVFF   INDF0, r0x05
000138 0E01           00681         MOVLW   0x01
gpasm-1.0.0 #932 (Jan 21 2013) firmware2-objs   4-9-2021  17:01:41          PAGE 14


LOC  OBJECT CODE     LINE SOURCE TEXT
  VALUE

00013A 6E??           00682         MOVWF   r0x06
00013C 50??           00683         MOVF    r0x04, W
00013E E0??           00684         BZ      _00224_DS_
000140 6CE8           00685         NEGF    WREG
000142 90D8           00686         BCF     STATUS, 0
000144                00687 _00225_DS_:
000144 36??           00688         RLCF    r0x06, F
000146 0F01           00689         ADDLW   0x01
000148 E3??           00690         BNC     _00225_DS_
00014A                00691 _00224_DS_:
00014A 1C??           00692         COMF    r0x06, W
                      00693 ; #     MOVWF   r0x04
                      00694 ; #     MOVF    r0x04, W
00014C 16??           00695         ANDWF   r0x05, F
00014E C??? F???      00696         MOVFF   r0x02, FSR0L
000152 C??? F???      00697         MOVFF   r0x07, FSR0H
000156 C??? F???      00698         MOVFF   r0x05, INDF0
00015A                00699 _00181_DS_:
                      00700 ;       .line   95; C:/Users/sarto/Documents/Pd/externals/Fraise/switch/switch.c        printf("C s %d %
                            d\n",chan,set==0);
00015A 50??           00701         MOVF    r0x03, W
00015C E1??           00702         BNZ     _00227_DS_
00015E 6A??           00703         CLRF    r0x03
000160 2A??           00704         INCF    r0x03, F
000162 D???           00705         BRA     _00228_DS_
000164                00706 _00227_DS_:
000164 6A??           00707         CLRF    r0x03
000166                00708 _00228_DS_:
000166 C??? F???      00709         MOVFF   _switchSend_chan_1_94, r0x04
00016A 6AE5           00710         CLRF    POSTDEC1
00016C 50??           00711         MOVF    r0x03, W
00016E 6EE5           00712         MOVWF   POSTDEC1
000170 6AE5           00713         CLRF    POSTDEC1
000172 50??           00714         MOVF    r0x04, W
000174 6EE5           00715         MOVWF   POSTDEC1
000176 0E??           00716         MOVLW   UPPER(___str_0)
000178 6EE5           00717         MOVWF   POSTDEC1
00017A 0E??           00718         MOVLW   HIGH(___str_0)
00017C 6EE5           00719         MOVWF   POSTDEC1
00017E 0E??           00720         MOVLW   LOW(___str_0)
000180 6EE5           00721         MOVWF   POSTDEC1
000182 EC?? F0??      00722         CALL    _printf
000186 0E07           00723         MOVLW   0x07
000188 26E1           00724         ADDWF   FSR1L, F
                      00725 ;       .line   96; C:/Users/sarto/Documents/Pd/externals/Fraise/switch/switch.c        count++;
00018A 2A??           00726         INCF    r0x01, F
00018C C??? F???      00727         MOVFF   r0x01, r0x00
000190                00728 _00185_DS_:
000190 ????           00729         BANKSEL _switchSend_chan_1_94
                      00730 ;       .line   99; C:/Users/sarto/Documents/Pd/externals/Fraise/switch/switch.c        chan++;
000192 2B??           00731         INCF    _switchSend_chan_1_94, F, B
                      00732 ;       .line   100; C:/Users/sarto/Documents/Pd/externals/Fraise/switch/switch.c       if(chan>=MAX_CHA
                            NNELS) {
gpasm-1.0.0 #932 (Jan 21 2013) firmware2-objs   4-9-2021  17:01:41          PAGE 15


LOC  OBJECT CODE     LINE SOURCE TEXT
  VALUE

000194 0E10           00733         MOVLW   0x10
                      00734 ; removed redundant BANKSEL
000196 5D??           00735         SUBWF   _switchSend_chan_1_94, W, B
000198 A0D8           00736         BTFSS   STATUS, 0
00019A D???           00737         BRA     _00188_DS_
                      00738 ; removed redundant BANKSEL
                      00739 ;       .line   101; C:/Users/sarto/Documents/Pd/externals/Fraise/switch/switch.c       chan=0;
00019C 6B??           00740         CLRF    _switchSend_chan_1_94, B
00019E                00741 _00190_DS_:
                      00742 ;       .line   105; C:/Users/sarto/Documents/Pd/externals/Fraise/switch/switch.c       return count;
00019E 50??           00743         MOVF    r0x00, W
0001A0 CFE4 F000      00744         MOVFF   PREINC1, r0x0a
0001A4 CFE4 F000      00745         MOVFF   PREINC1, r0x09
0001A8 CFE4 F000      00746         MOVFF   PREINC1, r0x08
0001AC CFE4 F000      00747         MOVFF   PREINC1, r0x07
0001B0 CFE4 F000      00748         MOVFF   PREINC1, r0x06
0001B4 CFE4 F000      00749         MOVFF   PREINC1, r0x05
0001B8 CFE4 F000      00750         MOVFF   PREINC1, r0x04
0001BC CFE4 F000      00751         MOVFF   PREINC1, r0x03
0001C0 CFE4 F000      00752         MOVFF   PREINC1, r0x02
0001C4 CFE4 F000      00753         MOVFF   PREINC1, r0x01
0001C8 CFE4 F000      00754         MOVFF   PREINC1, r0x00
0001CC 0012           00755         RETURN  
                      00756 
                      00757 ; ; Starting pCode block
                      00758 S_switch__switchService code
000000                00759 _switchService:
                      00760 ;       .line   70; C:/Users/sarto/Documents/Pd/externals/Fraise/switch/switch.c        void switchServi
                            ce(void)
000000 C??? F???      00761         MOVFF   r0x00, POSTDEC1
000004 C??? F???      00762         MOVFF   r0x01, POSTDEC1
000008 C??? F???      00763         MOVFF   r0x02, POSTDEC1
00000C C??? F???      00764         MOVFF   r0x03, POSTDEC1
000010 C??? F???      00765         MOVFF   r0x04, POSTDEC1
000014 C??? F???      00766         MOVFF   r0x05, POSTDEC1
                      00767 ;       .line   74; C:/Users/sarto/Documents/Pd/externals/Fraise/switch/switch.c        for(i=0;i<MAX_CH
                            ANNELS;i++) {
000018 6A??           00768         CLRF    r0x00
00001A                00769 _00146_DS_:
                      00770 ;       .line   75; C:/Users/sarto/Documents/Pd/externals/Fraise/switch/switch.c        pin=Pins[i];
00001A 0E??           00771         MOVLW   LOW(_Pins)
00001C 24??           00772         ADDWF   r0x00, W
00001E 6E??           00773         MOVWF   r0x01
000020 6A??           00774         CLRF    r0x02
000022 0E??           00775         MOVLW   HIGH(_Pins)
000024 22??           00776         ADDWFC  r0x02, F
000026 C??? F???      00777         MOVFF   r0x01, FSR0L
00002A C??? F???      00778         MOVFF   r0x02, FSR0H
00002E CFEF F000      00779         MOVFF   INDF0, r0x01
                      00780 ;       .line   76; C:/Users/sarto/Documents/Pd/externals/Fraise/switch/switch.c        if(pin != 255) {
000032 50??           00781         MOVF    r0x01, W
000034 0AFF           00782         XORLW   0xff
000036 E1??           00783         BNZ     _00161_DS_
gpasm-1.0.0 #932 (Jan 21 2013) firmware2-objs   4-9-2021  17:01:41          PAGE 16


LOC  OBJECT CODE     LINE SOURCE TEXT
  VALUE

000038 D???           00784         BRA     _00147_DS_
00003A                00785 _00161_DS_:
                      00786 ;       .line   77; C:/Users/sarto/Documents/Pd/externals/Fraise/switch/switch.c        if(bittst(*(&POR
                            TA+(pin>>4)),pin&7)) CHANSET(i);
00003A 38??           00787         SWAPF   r0x01, W
00003C 0B0F           00788         ANDLW   0x0f
00003E 6E??           00789         MOVWF   r0x02
000040 6A??           00790         CLRF    r0x03
000042 0E??           00791         MOVLW   LOW(_PORTA)
000044 26??           00792         ADDWF   r0x02, F
000046 0E??           00793         MOVLW   HIGH(_PORTA)
000048 22??           00794         ADDWFC  r0x03, F
00004A C??? F???      00795         MOVFF   r0x02, FSR0L
00004E C??? F???      00796         MOVFF   r0x03, FSR0H
000052 CFEF F000      00797         MOVFF   INDF0, r0x02
000056 0E07           00798         MOVLW   0x07
000058 16??           00799         ANDWF   r0x01, F
00005A 0E01           00800         MOVLW   0x01
00005C 6E??           00801         MOVWF   r0x03
00005E 0E00           00802         MOVLW   0x00
000060 6E??           00803         MOVWF   r0x04
000062 50??           00804         MOVF    r0x01, W
000064 E0??           00805         BZ      _00163_DS_
000066 6CE8           00806         NEGF    WREG
000068 90D8           00807         BCF     STATUS, 0
00006A                00808 _00164_DS_:
00006A 36??           00809         RLCF    r0x03, F
00006C 36??           00810         RLCF    r0x04, F
00006E 0F01           00811         ADDLW   0x01
000070 E3??           00812         BNC     _00164_DS_
000072                00813 _00163_DS_:
000072 6A??           00814         CLRF    r0x05
000074 50??           00815         MOVF    r0x02, W
000076 16??           00816         ANDWF   r0x03, F
000078 50??           00817         MOVF    r0x05, W
00007A 16??           00818         ANDWF   r0x04, F
00007C 50??           00819         MOVF    r0x03, W
00007E 10??           00820         IORWF   r0x04, W
000080 80D8           00821         BSF     STATUS, 0
000082 66E8           00822         TSTFSZ  WREG
000084 90D8           00823         BCF     STATUS, 0
000086 6A??           00824         CLRF    r0x03
000088 36??           00825         RLCF    r0x03, F
00008A 50??           00826         MOVF    r0x03, W
00008C E1??           00827         BNZ     _00141_DS_
00008E 38??           00828         SWAPF   r0x00, W
000090 44E8           00829         RLNCF   WREG, W
000092 0B1F           00830         ANDLW   0x1f
000094 6E??           00831         MOVWF   r0x01
000096 6A??           00832         CLRF    r0x02
000098 0E??           00833         MOVLW   LOW(_States)
00009A 26??           00834         ADDWF   r0x01, F
00009C 0E??           00835         MOVLW   HIGH(_States)
gpasm-1.0.0 #932 (Jan 21 2013) firmware2-objs   4-9-2021  17:01:41          PAGE 17


LOC  OBJECT CODE     LINE SOURCE TEXT
  VALUE

00009E 22??           00836         ADDWFC  r0x02, F
0000A0 C??? F???      00837         MOVFF   r0x01, FSR0L
0000A4 C??? F???      00838         MOVFF   r0x02, FSR0H
0000A8 CFEF F000      00839         MOVFF   INDF0, r0x03
0000AC 0E07           00840         MOVLW   0x07
0000AE 14??           00841         ANDWF   r0x00, W
0000B0 6E??           00842         MOVWF   r0x04
0000B2 0E01           00843         MOVLW   0x01
0000B4 6E??           00844         MOVWF   r0x05
0000B6 50??           00845         MOVF    r0x04, W
0000B8 E0??           00846         BZ      _00167_DS_
0000BA 6CE8           00847         NEGF    WREG
0000BC 90D8           00848         BCF     STATUS, 0
0000BE                00849 _00168_DS_:
0000BE 36??           00850         RLCF    r0x05, F
0000C0 0F01           00851         ADDLW   0x01
0000C2 E3??           00852         BNC     _00168_DS_
0000C4                00853 _00167_DS_:
0000C4 50??           00854         MOVF    r0x05, W
0000C6 12??           00855         IORWF   r0x03, F
0000C8 C??? F???      00856         MOVFF   r0x01, FSR0L
0000CC C??? F???      00857         MOVFF   r0x02, FSR0H
0000D0 C??? F???      00858         MOVFF   r0x03, INDF0
0000D4 D???           00859         BRA     _00147_DS_
0000D6                00860 _00141_DS_:
                      00861 ;       .line   78; C:/Users/sarto/Documents/Pd/externals/Fraise/switch/switch.c        else CHANCLR(i);
0000D6 38??           00862         SWAPF   r0x00, W
0000D8 44E8           00863         RLNCF   WREG, W
0000DA 0B1F           00864         ANDLW   0x1f
0000DC 6E??           00865         MOVWF   r0x01
0000DE 6A??           00866         CLRF    r0x02
0000E0 0E??           00867         MOVLW   LOW(_States)
0000E2 26??           00868         ADDWF   r0x01, F
0000E4 0E??           00869         MOVLW   HIGH(_States)
0000E6 22??           00870         ADDWFC  r0x02, F
0000E8 C??? F???      00871         MOVFF   r0x01, FSR0L
0000EC C??? F???      00872         MOVFF   r0x02, FSR0H
0000F0 CFEF F000      00873         MOVFF   INDF0, r0x03
0000F4 0E07           00874         MOVLW   0x07
0000F6 14??           00875         ANDWF   r0x00, W
0000F8 6E??           00876         MOVWF   r0x04
0000FA 0E01           00877         MOVLW   0x01
0000FC 6E??           00878         MOVWF   r0x05
0000FE 50??           00879         MOVF    r0x04, W
000100 E0??           00880         BZ      _00171_DS_
000102 6CE8           00881         NEGF    WREG
000104 90D8           00882         BCF     STATUS, 0
000106                00883 _00172_DS_:
000106 36??           00884         RLCF    r0x05, F
000108 0F01           00885         ADDLW   0x01
00010A E3??           00886         BNC     _00172_DS_
00010C                00887 _00171_DS_:
00010C 1C??           00888         COMF    r0x05, W
gpasm-1.0.0 #932 (Jan 21 2013) firmware2-objs   4-9-2021  17:01:41          PAGE 18


LOC  OBJECT CODE     LINE SOURCE TEXT
  VALUE

                      00889 ; #     MOVWF   r0x04
                      00890 ; #     MOVF    r0x04, W
00010E 16??           00891         ANDWF   r0x03, F
000110 C??? F???      00892         MOVFF   r0x01, FSR0L
000114 C??? F???      00893         MOVFF   r0x02, FSR0H
000118 C??? F???      00894         MOVFF   r0x03, INDF0
00011C                00895 _00147_DS_:
                      00896 ;       .line   74; C:/Users/sarto/Documents/Pd/externals/Fraise/switch/switch.c        for(i=0;i<MAX_CH
                            ANNELS;i++) {
00011C 2A??           00897         INCF    r0x00, F
00011E 0E10           00898         MOVLW   0x10
000120 5C??           00899         SUBWF   r0x00, W
000122 A0D8           00900         BTFSS   STATUS, 0
000124 D???           00901         BRA     _00146_DS_
000126 CFE4 F000      00902         MOVFF   PREINC1, r0x05
00012A CFE4 F000      00903         MOVFF   PREINC1, r0x04
00012E CFE4 F000      00904         MOVFF   PREINC1, r0x03
000132 CFE4 F000      00905         MOVFF   PREINC1, r0x02
000136 CFE4 F000      00906         MOVFF   PREINC1, r0x01
00013A CFE4 F000      00907         MOVFF   PREINC1, r0x00
00013E 0012           00908         RETURN  
                      00909 
                      00910 ; ; Starting pCode block
                      00911 S_switch__switchDeselect        code
000000                00912 _switchDeselect:
                      00913 ;       .line   65; C:/Users/sarto/Documents/Pd/externals/Fraise/switch/switch.c        void switchDesel
                            ect(unsigned char channel)
000000 CFD9 FFE5      00914         MOVFF   FSR2L, POSTDEC1
000004 CFE1 FFD9      00915         MOVFF   FSR1L, FSR2L
000008 C??? F???      00916         MOVFF   r0x00, POSTDEC1
00000C C??? F???      00917         MOVFF   r0x01, POSTDEC1
000010 0E02           00918         MOVLW   0x02
000012 CFDB F000      00919         MOVFF   PLUSW2, r0x00
                      00920 ;       .line   67; C:/Users/sarto/Documents/Pd/externals/Fraise/switch/switch.c        Pins[channel] = 
                            255;
000016 6A??           00921         CLRF    r0x01
000018 0E??           00922         MOVLW   LOW(_Pins)
00001A 26??           00923         ADDWF   r0x00, F
00001C 0E??           00924         MOVLW   HIGH(_Pins)
00001E 22??           00925         ADDWFC  r0x01, F
000020 C??? F???      00926         MOVFF   r0x00, FSR0L
000024 C??? F???      00927         MOVFF   r0x01, FSR0H
000028 0EFF           00928         MOVLW   0xff
00002A 68EF           00929         SETF    INDF0
00002C CFE4 F000      00930         MOVFF   PREINC1, r0x01
000030 CFE4 F000      00931         MOVFF   PREINC1, r0x00
000034 CFE4 FFD9      00932         MOVFF   PREINC1, FSR2L
000038 0012           00933         RETURN  
                      00934 
                      00935 ; ; Starting pCode block
                      00936 S_switch__switchSelectHW        code
000000                00937 _switchSelectHW:
                      00938 ;       .line   60; C:/Users/sarto/Documents/Pd/externals/Fraise/switch/switch.c        void switchSelec
gpasm-1.0.0 #932 (Jan 21 2013) firmware2-objs   4-9-2021  17:01:41          PAGE 19


LOC  OBJECT CODE     LINE SOURCE TEXT
  VALUE

                            tHW(unsigned char channel, unsigned char *port, unsigned char bit)
000000 CFD9 FFE5      00939         MOVFF   FSR2L, POSTDEC1
000004 CFE1 FFD9      00940         MOVFF   FSR1L, FSR2L
000008 C??? F???      00941         MOVFF   r0x00, POSTDEC1
00000C C??? F???      00942         MOVFF   r0x01, POSTDEC1
000010 C??? F???      00943         MOVFF   r0x02, POSTDEC1
000014 C??? F???      00944         MOVFF   r0x03, POSTDEC1
000018 C??? F???      00945         MOVFF   r0x04, POSTDEC1
00001C C??? F???      00946         MOVFF   r0x05, POSTDEC1
000020 0E02           00947         MOVLW   0x02
000022 CFDB F000      00948         MOVFF   PLUSW2, r0x00
000026 0E03           00949         MOVLW   0x03
000028 CFDB F000      00950         MOVFF   PLUSW2, r0x01
00002C 0E04           00951         MOVLW   0x04
00002E CFDB F000      00952         MOVFF   PLUSW2, r0x02
000032 0E05           00953         MOVLW   0x05
000034 CFDB F000      00954         MOVFF   PLUSW2, r0x03
000038 0E06           00955         MOVLW   0x06
00003A CFDB F000      00956         MOVFF   PLUSW2, r0x04
                      00957 ;       .line   62; C:/Users/sarto/Documents/Pd/externals/Fraise/switch/switch.c        Pins[channel] = 
                            (((unsigned int)(port-&PORTA)&7)<<4) + (bit&7);
00003E 6A??           00958         CLRF    r0x05
000040 0E??           00959         MOVLW   LOW(_Pins)
000042 26??           00960         ADDWF   r0x00, F
000044 0E??           00961         MOVLW   HIGH(_Pins)
000046 22??           00962         ADDWFC  r0x05, F
000048 0E??           00963         MOVLW   LOW(_PORTA)
00004A 5E??           00964         SUBWF   r0x01, F
00004C 0E07           00965         MOVLW   0x07
00004E 16??           00966         ANDWF   r0x01, F
000050 38??           00967         SWAPF   r0x01, W
000052 0BF0           00968         ANDLW   0xf0
000054 6E??           00969         MOVWF   r0x02
000056 0E07           00970         MOVLW   0x07
000058 16??           00971         ANDWF   r0x04, F
00005A 50??           00972         MOVF    r0x04, W
00005C 26??           00973         ADDWF   r0x02, F
00005E C??? F???      00974         MOVFF   r0x00, FSR0L
000062 C??? F???      00975         MOVFF   r0x05, FSR0H
000066 C??? F???      00976         MOVFF   r0x02, INDF0
00006A CFE4 F000      00977         MOVFF   PREINC1, r0x05
00006E CFE4 F000      00978         MOVFF   PREINC1, r0x04
000072 CFE4 F000      00979         MOVFF   PREINC1, r0x03
000076 CFE4 F000      00980         MOVFF   PREINC1, r0x02
00007A CFE4 F000      00981         MOVFF   PREINC1, r0x01
00007E CFE4 F000      00982         MOVFF   PREINC1, r0x00
000082 CFE4 FFD9      00983         MOVFF   PREINC1, FSR2L
000086 0012           00984         RETURN  
                      00985 
                      00986 ; ; Starting pCode block
                      00987 S_switch__switchInit    code
000000                00988 _switchInit:
                      00989 ;       .line   47; C:/Users/sarto/Documents/Pd/externals/Fraise/switch/switch.c        void switchInit(
gpasm-1.0.0 #932 (Jan 21 2013) firmware2-objs   4-9-2021  17:01:41          PAGE 20


LOC  OBJECT CODE     LINE SOURCE TEXT
  VALUE

                            )
000000 C??? F???      00990         MOVFF   r0x00, POSTDEC1
000004 C??? F???      00991         MOVFF   r0x01, POSTDEC1
000008 C??? F???      00992         MOVFF   r0x02, POSTDEC1
00000C C??? F???      00993         MOVFF   r0x03, POSTDEC1
000010 C??? F???      00994         MOVFF   r0x04, POSTDEC1
                      00995 ;       .line   51; C:/Users/sarto/Documents/Pd/externals/Fraise/switch/switch.c        for(i=0;i<CHANNE
                            LS_GROUPS;i++) {
000014 6A??           00996         CLRF    r0x00
000016                00997 _00107_DS_:
                      00998 ;       .line   52; C:/Users/sarto/Documents/Pd/externals/Fraise/switch/switch.c        oldStates[i] = S
                            tates[i] = 1;
000016 0E??           00999         MOVLW   LOW(_oldStates)
000018 24??           01000         ADDWF   r0x00, W
00001A 6E??           01001         MOVWF   r0x01
00001C 6A??           01002         CLRF    r0x02
00001E 0E??           01003         MOVLW   HIGH(_oldStates)
000020 22??           01004         ADDWFC  r0x02, F
000022 0E??           01005         MOVLW   LOW(_States)
000024 24??           01006         ADDWF   r0x00, W
000026 6E??           01007         MOVWF   r0x03
000028 6A??           01008         CLRF    r0x04
00002A 0E??           01009         MOVLW   HIGH(_States)
00002C 22??           01010         ADDWFC  r0x04, F
00002E C??? F???      01011         MOVFF   r0x03, FSR0L
000032 C??? F???      01012         MOVFF   r0x04, FSR0H
000036 0E01           01013         MOVLW   0x01
000038 6EEF           01014         MOVWF   INDF0
00003A C??? F???      01015         MOVFF   r0x01, FSR0L
00003E C??? F???      01016         MOVFF   r0x02, FSR0H
000042 6EEF           01017         MOVWF   INDF0
                      01018 ;       .line   51; C:/Users/sarto/Documents/Pd/externals/Fraise/switch/switch.c        for(i=0;i<CHANNE
                            LS_GROUPS;i++) {
000044 2A??           01019         INCF    r0x00, F
000046 0E02           01020         MOVLW   0x02
000048 5C??           01021         SUBWF   r0x00, W
00004A E3??           01022         BNC     _00107_DS_
                      01023 ;       .line   55; C:/Users/sarto/Documents/Pd/externals/Fraise/switch/switch.c        for(i=0;i<MAX_CH
                            ANNELS;i++) {
00004C 6A??           01024         CLRF    r0x00
00004E                01025 _00109_DS_:
                      01026 ;       .line   56; C:/Users/sarto/Documents/Pd/externals/Fraise/switch/switch.c        Pins[i] = 255;
00004E 0E??           01027         MOVLW   LOW(_Pins)
000050 24??           01028         ADDWF   r0x00, W
000052 6E??           01029         MOVWF   r0x01
000054 6A??           01030         CLRF    r0x02
000056 0E??           01031         MOVLW   HIGH(_Pins)
000058 22??           01032         ADDWFC  r0x02, F
00005A C??? F???      01033         MOVFF   r0x01, FSR0L
00005E C??? F???      01034         MOVFF   r0x02, FSR0H
000062 68EF           01035         SETF    INDF0
                      01036 ;       .line   55; C:/Users/sarto/Documents/Pd/externals/Fraise/switch/switch.c        for(i=0;i<MAX_CH
                            ANNELS;i++) {
gpasm-1.0.0 #932 (Jan 21 2013) firmware2-objs   4-9-2021  17:01:41          PAGE 21


LOC  OBJECT CODE     LINE SOURCE TEXT
  VALUE

000064 2A??           01037         INCF    r0x00, F
000066 0E10           01038         MOVLW   0x10
000068 5C??           01039         SUBWF   r0x00, W
00006A E3??           01040         BNC     _00109_DS_
00006C CFE4 F000      01041         MOVFF   PREINC1, r0x04
000070 CFE4 F000      01042         MOVFF   PREINC1, r0x03
000074 CFE4 F000      01043         MOVFF   PREINC1, r0x02
000078 CFE4 F000      01044         MOVFF   PREINC1, r0x01
00007C CFE4 F000      01045         MOVFF   PREINC1, r0x00
000080 0012           01046         RETURN  
                      01047 
                      01048 ; ; Starting pCode block
000082                01049 ___str_0:
000082 2043 2073 6425 01050         DB      0x43, 0x20, 0x73, 0x20, 0x25, 0x64, 0x20, 0x25, 0x64, 0x0a, 0x00
       2520 0A64 0000 
                      01051 
                      01052 
                      01053 ; Statistics:
                      01054 ; code size:     1264 (0x04f0) bytes ( 0.96%)
                      01055 ;                 632 (0x0278) words
                      01056 ; udata size:      20 (0x0014) bytes ( 0.54%)
                      01057 ; access size:     11 (0x000b) bytes
                      01058 
                      01059 
                      01060         end
gpasm-1.0.0 #932 (Jan 21 2013) firmware2-objs   4-9-2021  17:01:41          PAGE 22


SYMBOL TABLE
  LABEL                             VALUE

FSR0H                             00000FEA
FSR0L                             00000FE9
FSR1L                             00000FE1
FSR2L                             00000FD9
INDF0                             00000FEF
PLUSW2                            00000FDB
POSTDEC1                          00000FE5
PREINC1                           00000FE4
STATUS                            00000FD8
WREG                              00000FE8
_00107_DS_                        00000016
_00109_DS_                        0000004E
_00141_DS_                        000000D6
_00146_DS_                        0000001A
_00147_DS_                        0000011C
_00161_DS_                        0000003A
_00163_DS_                        00000072
_00164_DS_                        0000006A
_00167_DS_                        000000C4
_00168_DS_                        000000BE
_00171_DS_                        0000010C
_00172_DS_                        00000106
_00180_DS_                        0000012C
_00181_DS_                        0000015A
_00185_DS_                        00000190
_00188_DS_                        00000030
_00190_DS_                        0000019E
_00213_DS_                        0000005A
_00215_DS_                        0000009A
_00216_DS_                        00000092
_00220_DS_                        00000104
_00221_DS_                        0000011A
_00222_DS_                        00000114
_00224_DS_                        0000014A
_00225_DS_                        00000144
_00227_DS_                        00000164
_00228_DS_                        00000166
_00237_DS_                        0000005C
_00238_DS_                        00000054
_ADCON0                           00000000
_ADCON0bits                       00000000
_ADCON1                           00000000
_ADCON1bits                       00000000
_ADCON2                           00000000
_ADCON2bits                       00000000
_ADRES                            00000000
_ADRESH                           00000000
_ADRESL                           00000000
_ANSELA                           00000000
_ANSELAbits                       00000000
_ANSELB                           00000000
_ANSELBbits                       00000000
_ANSELC                           00000000
gpasm-1.0.0 #932 (Jan 21 2013) firmware2-objs   4-9-2021  17:01:41          PAGE 23


SYMBOL TABLE
  LABEL                             VALUE 

_ANSELCbits                       00000000
_ANSELZ                           00000000
_ANSELZbits                       00000000
_BAUD1CON                         00000000
_BAUD1CONbits                     00000000
_BAUD2CON                         00000000
_BAUD2CONbits                     00000000
_BAUDCON                          00000000
_BAUDCON1                         00000000
_BAUDCON1bits                     00000000
_BAUDCON2                         00000000
_BAUDCON2bits                     00000000
_BAUDCONbits                      00000000
_BAUDCTL                          00000000
_BAUDCTLbits                      00000000
_BSR                              00000000
_CCP1CON                          00000000
_CCP1CONbits                      00000000
_CCP2AS                           00000000
_CCP2ASbits                       00000000
_CCP2CON                          00000000
_CCP2CONbits                      00000000
_CCP3AS                           00000000
_CCP3ASbits                       00000000
_CCP3CON                          00000000
_CCP3CONbits                      00000000
_CCP4CON                          00000000
_CCP4CONbits                      00000000
_CCP5CON                          00000000
_CCP5CONbits                      00000000
_CCPR1                            00000000
_CCPR1H                           00000000
_CCPR1L                           00000000
_CCPR2                            00000000
_CCPR2H                           00000000
_CCPR2L                           00000000
_CCPR3                            00000000
_CCPR3H                           00000000
_CCPR3L                           00000000
_CCPR4                            00000000
_CCPR4H                           00000000
_CCPR4L                           00000000
_CCPR5                            00000000
_CCPR5H                           00000000
_CCPR5L                           00000000
_CCPTMRS0                         00000000
_CCPTMRS0bits                     00000000
_CCPTMRS1                         00000000
_CCPTMRS1bits                     00000000
_CM12CON                          00000000
_CM12CONbits                      00000000
_CM1CON                           00000000
_CM1CON0                          00000000
gpasm-1.0.0 #932 (Jan 21 2013) firmware2-objs   4-9-2021  17:01:41          PAGE 24


SYMBOL TABLE
  LABEL                             VALUE 

_CM1CON0bits                      00000000
_CM1CONbits                       00000000
_CM2CON                           00000000
_CM2CON0                          00000000
_CM2CON0bits                      00000000
_CM2CON1                          00000000
_CM2CON1bits                      00000000
_CM2CONbits                       00000000
_CTMUCON0                         00000000
_CTMUCON0bits                     00000000
_CTMUCON1                         00000000
_CTMUCON1bits                     00000000
_CTMUCONH                         00000000
_CTMUCONHbits                     00000000
_CTMUCONL                         00000000
_CTMUCONLbits                     00000000
_CTMUICON                         00000000
_CTMUICONH                        00000000
_CTMUICONHbits                    00000000
_CTMUICONbits                     00000000
_DACCON0                          00000000
_DACCON0bits                      00000000
_DACCON1                          00000000
_DACCON1bits                      00000000
_DDRA                             00000000
_DDRAbits                         00000000
_DDRB                             00000000
_DDRBbits                         00000000
_DDRC                             00000000
_DDRCbits                         00000000
_ECCP1AS                          00000000
_ECCP1ASbits                      00000000
_ECCP2AS                          00000000
_ECCP2ASbits                      00000000
_ECCP3AS                          00000000
_ECCP3ASbits                      00000000
_ECCPAS                           00000000
_ECCPASbits                       00000000
_EEADR                            00000000
_EEADRH                           00000000
_EEADRHbits                       00000000
_EEADRbits                        00000000
_EECON1                           00000000
_EECON1bits                       00000000
_EECON2                           00000000
_EEDATA                           00000000
_FSR0H                            00000000
_FSR0L                            00000000
_FSR1H                            00000000
_FSR1L                            00000000
_FSR2H                            00000000
_FSR2L                            00000000
_FVRCON                           00000000
gpasm-1.0.0 #932 (Jan 21 2013) firmware2-objs   4-9-2021  17:01:41          PAGE 25


SYMBOL TABLE
  LABEL                             VALUE 

_FVRCONbits                       00000000
_HLVDCON                          00000000
_HLVDCONbits                      00000000
_INDF0                            00000000
_INDF1                            00000000
_INDF2                            00000000
_INTCON                           00000000
_INTCON2                          00000000
_INTCON2bits                      00000000
_INTCON3                          00000000
_INTCON3bits                      00000000
_INTCONbits                       00000000
_IOCB                             00000000
_IOCBbits                         00000000
_IPR1                             00000000
_IPR1bits                         00000000
_IPR2                             00000000
_IPR2bits                         00000000
_IPR3                             00000000
_IPR3bits                         00000000
_IPR4                             00000000
_IPR4bits                         00000000
_IPR5                             00000000
_IPR5bits                         00000000
_LATA                             00000000
_LATAbits                         00000000
_LATB                             00000000
_LATBbits                         00000000
_LATC                             00000000
_LATCbits                         00000000
_LATZ                             00000000
_LATZbits                         00000000
_LVDCON                           00000000
_LVDCONbits                       00000000
_Now                              00000000
_OSCCON                           00000000
_OSCCON2                          00000000
_OSCCON2bits                      00000000
_OSCCONbits                       00000000
_OSCTUNE                          00000000
_OSCTUNEbits                      00000000
_PC                               00000000
_PCL                              00000000
_PCLATH                           00000000
_PCLATU                           00000000
_PIE1                             00000000
_PIE1bits                         00000000
_PIE2                             00000000
_PIE2bits                         00000000
_PIE3                             00000000
_PIE3bits                         00000000
_PIE4                             00000000
_PIE4bits                         00000000
gpasm-1.0.0 #932 (Jan 21 2013) firmware2-objs   4-9-2021  17:01:41          PAGE 26


SYMBOL TABLE
  LABEL                             VALUE 

_PIE5                             00000000
_PIE5bits                         00000000
_PIR1                             00000000
_PIR1bits                         00000000
_PIR2                             00000000
_PIR2bits                         00000000
_PIR3                             00000000
_PIR3bits                         00000000
_PIR4                             00000000
_PIR4bits                         00000000
_PIR5                             00000000
_PIR5bits                         00000000
_PLUSW0                           00000000
_PLUSW1                           00000000
_PLUSW2                           00000000
_PMD0                             00000000
_PMD0bits                         00000000
_PMD1                             00000000
_PMD1bits                         00000000
_PMD2                             00000000
_PMD2bits                         00000000
_PORTA                            00000000
_PORTAbits                        00000000
_PORTB                            00000000
_PORTBbits                        00000000
_PORTC                            00000000
_PORTCbits                        00000000
_PORTE                            00000000
_PORTEbits                        00000000
_PORTZ                            00000000
_PORTZbits                        00000000
_POSTDEC0                         00000000
_POSTDEC1                         00000000
_POSTDEC2                         00000000
_POSTINC0                         00000000
_POSTINC1                         00000000
_POSTINC2                         00000000
_PR2                              00000000
_PR4                              00000000
_PR6                              00000000
_PREINC0                          00000000
_PREINC1                          00000000
_PREINC2                          00000000
_PROD                             00000000
_PRODH                            00000000
_PRODL                            00000000
_PSTR1CON                         00000000
_PSTR1CONbits                     00000000
_PSTR2CON                         00000000
_PSTR2CONbits                     00000000
_PSTR3CON                         00000000
_PSTR3CONbits                     00000000
_PSTRCON                          00000000
gpasm-1.0.0 #932 (Jan 21 2013) firmware2-objs   4-9-2021  17:01:41          PAGE 27


SYMBOL TABLE
  LABEL                             VALUE 

_PSTRCONbits                      00000000
_PWM1CON                          00000000
_PWM1CONbits                      00000000
_PWM2CON                          00000000
_PWM2CONbits                      00000000
_PWM3CON                          00000000
_PWM3CONbits                      00000000
_PWMCON                           00000000
_PWMCONbits                       00000000
_Pins                             00000000
_RC1REG                           00000000
_RC1STA                           00000000
_RC1STAbits                       00000000
_RC2REG                           00000000
_RC2STA                           00000000
_RC2STAbits                       00000000
_RCON                             00000000
_RCONbits                         00000000
_RCREG                            00000000
_RCREG1                           00000000
_RCREG2                           00000000
_RCSTA                            00000000
_RCSTA1                           00000000
_RCSTA1bits                       00000000
_RCSTA2                           00000000
_RCSTA2bits                       00000000
_RCSTAbits                        00000000
_SLRCON                           00000000
_SLRCONbits                       00000000
_SP1BRG                           00000000
_SP1BRGH                          00000000
_SP2BRG                           00000000
_SP2BRGH                          00000000
_SPBRG                            00000000
_SPBRG1                           00000000
_SPBRG2                           00000000
_SPBRGH                           00000000
_SPBRGH1                          00000000
_SPBRGH2                          00000000
_SRCON0                           00000000
_SRCON0bits                       00000000
_SRCON1                           00000000
_SRCON1bits                       00000000
_SSP1ADD                          00000000
_SSP1BUF                          00000000
_SSP1CON1                         00000000
_SSP1CON1bits                     00000000
_SSP1CON2                         00000000
_SSP1CON2bits                     00000000
_SSP1CON3                         00000000
_SSP1CON3bits                     00000000
_SSP1MSK                          00000000
_SSP1MSKbits                      00000000
gpasm-1.0.0 #932 (Jan 21 2013) firmware2-objs   4-9-2021  17:01:41          PAGE 28


SYMBOL TABLE
  LABEL                             VALUE 

_SSP1STAT                         00000000
_SSP1STATbits                     00000000
_SSP2ADD                          00000000
_SSP2BUF                          00000000
_SSP2CON1                         00000000
_SSP2CON1bits                     00000000
_SSP2CON2                         00000000
_SSP2CON2bits                     00000000
_SSP2CON3                         00000000
_SSP2CON3bits                     00000000
_SSP2MSK                          00000000
_SSP2MSKbits                      00000000
_SSP2STAT                         00000000
_SSP2STATbits                     00000000
_SSPADD                           00000000
_SSPBUF                           00000000
_SSPCON1                          00000000
_SSPCON1bits                      00000000
_SSPCON2                          00000000
_SSPCON2bits                      00000000
_SSPCON3                          00000000
_SSPCON3bits                      00000000
_SSPMSK                           00000000
_SSPMSKbits                       00000000
_SSPSTAT                          00000000
_SSPSTATbits                      00000000
_STATUS                           00000000
_STATUSbits                       00000000
_STKPTR                           00000000
_STKPTRbits                       00000000
_States                           00000000
_T0CON                            00000000
_T0CONbits                        00000000
_T1CON                            00000000
_T1CONbits                        00000000
_T1GCON                           00000000
_T1GCONbits                       00000000
_T2CON                            00000000
_T2CONbits                        00000000
_T3CON                            00000000
_T3CONbits                        00000000
_T3GCON                           00000000
_T3GCONbits                       00000000
_T4CON                            00000000
_T4CONbits                        00000000
_T5CON                            00000000
_T5CONbits                        00000000
_T5GCON                           00000000
_T5GCONbits                       00000000
_T6CON                            00000000
_T6CONbits                        00000000
_TABLAT                           00000000
_TBLPTR                           00000000
gpasm-1.0.0 #932 (Jan 21 2013) firmware2-objs   4-9-2021  17:01:41          PAGE 29


SYMBOL TABLE
  LABEL                             VALUE 

_TBLPTRH                          00000000
_TBLPTRL                          00000000
_TBLPTRU                          00000000
_TMR0                             00000000
_TMR0H                            00000000
_TMR0L                            00000000
_TMR1                             00000000
_TMR1H                            00000000
_TMR1L                            00000000
_TMR2                             00000000
_TMR3                             00000000
_TMR3H                            00000000
_TMR3L                            00000000
_TMR4                             00000000
_TMR5                             00000000
_TMR5H                            00000000
_TMR5L                            00000000
_TMR6                             00000000
_TOS                              00000000
_TOSH                             00000000
_TOSL                             00000000
_TOSU                             00000000
_TRICZ                            00000000
_TRISA                            00000000
_TRISAbits                        00000000
_TRISB                            00000000
_TRISBbits                        00000000
_TRISC                            00000000
_TRISCbits                        00000000
_TRISE                            00000000
_TRISEbits                        00000000
_TRISZbits                        00000000
_TX1REG                           00000000
_TX1STA                           00000000
_TX1STAbits                       00000000
_TX2REG                           00000000
_TX2STA                           00000000
_TX2STAbits                       00000000
_TXREG                            00000000
_TXREG1                           00000000
_TXREG2                           00000000
_TXSTA                            00000000
_TXSTA1                           00000000
_TXSTA1bits                       00000000
_TXSTA2                           00000000
_TXSTA2bits                       00000000
_TXSTAbits                        00000000
_VREFCON0                         00000000
_VREFCON0bits                     00000000
_VREFCON1                         00000000
_VREFCON1bits                     00000000
_VREFCON2                         00000000
_VREFCON2bits                     00000000
gpasm-1.0.0 #932 (Jan 21 2013) firmware2-objs   4-9-2021  17:01:41          PAGE 30


SYMBOL TABLE
  LABEL                             VALUE 

_WDTCON                           00000000
_WDTCONbits                       00000000
_WPUB                             00000000
_WPUBbits                         00000000
_WREG                             00000000
__18F26K22                        00000001
___str_0                          00000082
_oldStates                        00000000
_printf                           00000000
_stdin                            00000000
_stdout                           00000000
_switchDeselect                   00000000
_switchGet                        00000000
_switchInit                       00000000
_switchSelectHW                   00000000
_switchSend                       00000000
_switchSend_chan_1_94             00000000
_switchService                    00000000
r0x00                             00000000
r0x01                             00000001
r0x02                             00000002
r0x03                             00000003
r0x04                             00000004
r0x05                             00000005
r0x06                             00000006
r0x07                             00000007
r0x08                             00000008
r0x09                             00000009
r0x0a                             0000000A

Errors   :     0
Warnings :     0 reported,     0 suppressed
Messages :     0 reported,     0 suppressed

