gpasm-1.0.0 #932 (Jan 21 2013) firmware1-objs   4-9-2021  14:35:04          PAGE  1


LOC  OBJECT CODE     LINE SOURCE TEXT
  VALUE

                      00001 ;--------------------------------------------------------
                      00002 ; File Created by SDCC : free open source ANSI-C Compiler
                      00003 ; Version 3.6.5 #9830 (MINGW32)
                      00004 ;--------------------------------------------------------
                      00005 ; PIC16 port for the Microchip 16-bit core micros
                      00006 ;--------------------------------------------------------
                      00007         list    p=18f26k22
                      00008         radix   dec
                      00009         CONFIG  XINST=OFF
                      00010 
                      00011 
                      00012 ;--------------------------------------------------------
                      00013 ; public variables in this module
                      00014 ;--------------------------------------------------------
  0000                00015         global  _eeWriteByte
  0000                00016         global  _eeReadByte
  0000                00017         global  _coreInit
  0000                00018         global  _time
  0000                00019         global  _TMR0U
  0000                00020         global  _Now
  0000                00021         global  _PORTZ
  0000                00022         global  _PORTZbits
  0000                00023         global  _LATZ
  0000                00024         global  _LATZbits
  0000                00025         global  _TRICZ
  0000                00026         global  _TRISZbits
  0000                00027         global  _ANSELZ
  0000                00028         global  _ANSELZbits
  0000                00029         global  _main
  0000                00030         global  _high_ISR
  0000                00031         global  _low_ISR
                      00032 
                      00033 ;--------------------------------------------------------
                      00034 ; extern variables in this module
                      00035 ;--------------------------------------------------------
  0000                00036         extern  _ANSELAbits
  0000                00037         extern  _ANSELBbits
  0000                00038         extern  _ANSELCbits
  0000                00039         extern  _PMD2bits
  0000                00040         extern  _PMD1bits
  0000                00041         extern  _PMD0bits
  0000                00042         extern  _DACCON1bits
  0000                00043         extern  _VREFCON2bits
  0000                00044         extern  _DACCON0bits
  0000                00045         extern  _VREFCON1bits
  0000                00046         extern  _FVRCONbits
  0000                00047         extern  _VREFCON0bits
  0000                00048         extern  _CTMUICONbits
  0000                00049         extern  _CTMUICONHbits
  0000                00050         extern  _CTMUCON1bits
  0000                00051         extern  _CTMUCONLbits
  0000                00052         extern  _CTMUCON0bits
  0000                00053         extern  _CTMUCONHbits
gpasm-1.0.0 #932 (Jan 21 2013) firmware1-objs   4-9-2021  14:35:04          PAGE  2


LOC  OBJECT CODE     LINE SOURCE TEXT
  VALUE

  0000                00054         extern  _SRCON1bits
  0000                00055         extern  _SRCON0bits
  0000                00056         extern  _CCPTMRS1bits
  0000                00057         extern  _CCPTMRS0bits
  0000                00058         extern  _T6CONbits
  0000                00059         extern  _T5GCONbits
  0000                00060         extern  _T5CONbits
  0000                00061         extern  _T4CONbits
  0000                00062         extern  _CCP5CONbits
  0000                00063         extern  _CCP4CONbits
  0000                00064         extern  _PSTR3CONbits
  0000                00065         extern  _CCP3ASbits
  0000                00066         extern  _ECCP3ASbits
  0000                00067         extern  _PWM3CONbits
  0000                00068         extern  _CCP3CONbits
  0000                00069         extern  _SLRCONbits
  0000                00070         extern  _WPUBbits
  0000                00071         extern  _IOCBbits
  0000                00072         extern  _PSTR2CONbits
  0000                00073         extern  _CCP2ASbits
  0000                00074         extern  _ECCP2ASbits
  0000                00075         extern  _PWM2CONbits
  0000                00076         extern  _CCP2CONbits
  0000                00077         extern  _SSP2CON3bits
  0000                00078         extern  _SSP2MSKbits
  0000                00079         extern  _SSP2CON2bits
  0000                00080         extern  _SSP2CON1bits
  0000                00081         extern  _SSP2STATbits
  0000                00082         extern  _BAUD2CONbits
  0000                00083         extern  _BAUDCON2bits
  0000                00084         extern  _RC2STAbits
  0000                00085         extern  _RCSTA2bits
  0000                00086         extern  _TX2STAbits
  0000                00087         extern  _TXSTA2bits
  0000                00088         extern  _CM12CONbits
  0000                00089         extern  _CM2CON1bits
  0000                00090         extern  _CM2CONbits
  0000                00091         extern  _CM2CON0bits
  0000                00092         extern  _CM1CONbits
  0000                00093         extern  _CM1CON0bits
  0000                00094         extern  _PIE4bits
  0000                00095         extern  _PIR4bits
  0000                00096         extern  _IPR4bits
  0000                00097         extern  _PIE5bits
  0000                00098         extern  _PIR5bits
  0000                00099         extern  _IPR5bits
  0000                00100         extern  _PORTAbits
  0000                00101         extern  _PORTBbits
  0000                00102         extern  _PORTCbits
  0000                00103         extern  _PORTEbits
  0000                00104         extern  _LATAbits
  0000                00105         extern  _LATBbits
  0000                00106         extern  _LATCbits
gpasm-1.0.0 #932 (Jan 21 2013) firmware1-objs   4-9-2021  14:35:04          PAGE  3


LOC  OBJECT CODE     LINE SOURCE TEXT
  VALUE

  0000                00107         extern  _DDRAbits
  0000                00108         extern  _TRISAbits
  0000                00109         extern  _DDRBbits
  0000                00110         extern  _TRISBbits
  0000                00111         extern  _DDRCbits
  0000                00112         extern  _TRISCbits
  0000                00113         extern  _TRISEbits
  0000                00114         extern  _OSCTUNEbits
  0000                00115         extern  _HLVDCONbits
  0000                00116         extern  _LVDCONbits
  0000                00117         extern  _PIE1bits
  0000                00118         extern  _PIR1bits
  0000                00119         extern  _IPR1bits
  0000                00120         extern  _PIE2bits
  0000                00121         extern  _PIR2bits
  0000                00122         extern  _IPR2bits
  0000                00123         extern  _PIE3bits
  0000                00124         extern  _PIR3bits
  0000                00125         extern  _IPR3bits
  0000                00126         extern  _EECON1bits
  0000                00127         extern  _EEADRbits
  0000                00128         extern  _EEADRHbits
  0000                00129         extern  _RC1STAbits
  0000                00130         extern  _RCSTAbits
  0000                00131         extern  _RCSTA1bits
  0000                00132         extern  _TX1STAbits
  0000                00133         extern  _TXSTAbits
  0000                00134         extern  _TXSTA1bits
  0000                00135         extern  _T3CONbits
  0000                00136         extern  _T3GCONbits
  0000                00137         extern  _ECCP1ASbits
  0000                00138         extern  _ECCPASbits
  0000                00139         extern  _PWM1CONbits
  0000                00140         extern  _PWMCONbits
  0000                00141         extern  _BAUD1CONbits
  0000                00142         extern  _BAUDCONbits
  0000                00143         extern  _BAUDCON1bits
  0000                00144         extern  _BAUDCTLbits
  0000                00145         extern  _PSTR1CONbits
  0000                00146         extern  _PSTRCONbits
  0000                00147         extern  _T2CONbits
  0000                00148         extern  _CCP1CONbits
  0000                00149         extern  _ADCON2bits
  0000                00150         extern  _ADCON1bits
  0000                00151         extern  _ADCON0bits
  0000                00152         extern  _SSP1CON2bits
  0000                00153         extern  _SSPCON2bits
  0000                00154         extern  _SSP1CON1bits
  0000                00155         extern  _SSPCON1bits
  0000                00156         extern  _SSP1STATbits
  0000                00157         extern  _SSPSTATbits
  0000                00158         extern  _SSP1MSKbits
  0000                00159         extern  _SSPMSKbits
gpasm-1.0.0 #932 (Jan 21 2013) firmware1-objs   4-9-2021  14:35:04          PAGE  4


LOC  OBJECT CODE     LINE SOURCE TEXT
  VALUE

  0000                00160         extern  _SSP1CON3bits
  0000                00161         extern  _SSPCON3bits
  0000                00162         extern  _T1GCONbits
  0000                00163         extern  _T1CONbits
  0000                00164         extern  _RCONbits
  0000                00165         extern  _WDTCONbits
  0000                00166         extern  _OSCCON2bits
  0000                00167         extern  _OSCCONbits
  0000                00168         extern  _T0CONbits
  0000                00169         extern  _STATUSbits
  0000                00170         extern  _INTCON3bits
  0000                00171         extern  _INTCON2bits
  0000                00172         extern  _INTCONbits
  0000                00173         extern  _STKPTRbits
  0000                00174         extern  _stdin
  0000                00175         extern  _stdout
  0000                00176         extern  _ANSELA
  0000                00177         extern  _ANSELB
  0000                00178         extern  _ANSELC
  0000                00179         extern  _PMD2
  0000                00180         extern  _PMD1
  0000                00181         extern  _PMD0
  0000                00182         extern  _DACCON1
  0000                00183         extern  _VREFCON2
  0000                00184         extern  _DACCON0
  0000                00185         extern  _VREFCON1
  0000                00186         extern  _FVRCON
  0000                00187         extern  _VREFCON0
  0000                00188         extern  _CTMUICON
  0000                00189         extern  _CTMUICONH
  0000                00190         extern  _CTMUCON1
  0000                00191         extern  _CTMUCONL
  0000                00192         extern  _CTMUCON0
  0000                00193         extern  _CTMUCONH
  0000                00194         extern  _SRCON1
  0000                00195         extern  _SRCON0
  0000                00196         extern  _CCPTMRS1
  0000                00197         extern  _CCPTMRS0
  0000                00198         extern  _T6CON
  0000                00199         extern  _PR6
  0000                00200         extern  _TMR6
  0000                00201         extern  _T5GCON
  0000                00202         extern  _T5CON
  0000                00203         extern  _TMR5
  0000                00204         extern  _TMR5L
  0000                00205         extern  _TMR5H
  0000                00206         extern  _T4CON
  0000                00207         extern  _PR4
  0000                00208         extern  _TMR4
  0000                00209         extern  _CCP5CON
  0000                00210         extern  _CCPR5
  0000                00211         extern  _CCPR5L
  0000                00212         extern  _CCPR5H
gpasm-1.0.0 #932 (Jan 21 2013) firmware1-objs   4-9-2021  14:35:04          PAGE  5


LOC  OBJECT CODE     LINE SOURCE TEXT
  VALUE

  0000                00213         extern  _CCP4CON
  0000                00214         extern  _CCPR4
  0000                00215         extern  _CCPR4L
  0000                00216         extern  _CCPR4H
  0000                00217         extern  _PSTR3CON
  0000                00218         extern  _CCP3AS
  0000                00219         extern  _ECCP3AS
  0000                00220         extern  _PWM3CON
  0000                00221         extern  _CCP3CON
  0000                00222         extern  _CCPR3
  0000                00223         extern  _CCPR3L
  0000                00224         extern  _CCPR3H
  0000                00225         extern  _SLRCON
  0000                00226         extern  _WPUB
  0000                00227         extern  _IOCB
  0000                00228         extern  _PSTR2CON
  0000                00229         extern  _CCP2AS
  0000                00230         extern  _ECCP2AS
  0000                00231         extern  _PWM2CON
  0000                00232         extern  _CCP2CON
  0000                00233         extern  _CCPR2
  0000                00234         extern  _CCPR2L
  0000                00235         extern  _CCPR2H
  0000                00236         extern  _SSP2CON3
  0000                00237         extern  _SSP2MSK
  0000                00238         extern  _SSP2CON2
  0000                00239         extern  _SSP2CON1
  0000                00240         extern  _SSP2STAT
  0000                00241         extern  _SSP2ADD
  0000                00242         extern  _SSP2BUF
  0000                00243         extern  _BAUD2CON
  0000                00244         extern  _BAUDCON2
  0000                00245         extern  _RC2STA
  0000                00246         extern  _RCSTA2
  0000                00247         extern  _TX2STA
  0000                00248         extern  _TXSTA2
  0000                00249         extern  _TX2REG
  0000                00250         extern  _TXREG2
  0000                00251         extern  _RC2REG
  0000                00252         extern  _RCREG2
  0000                00253         extern  _SP2BRG
  0000                00254         extern  _SPBRG2
  0000                00255         extern  _SP2BRGH
  0000                00256         extern  _SPBRGH2
  0000                00257         extern  _CM12CON
  0000                00258         extern  _CM2CON1
  0000                00259         extern  _CM2CON
  0000                00260         extern  _CM2CON0
  0000                00261         extern  _CM1CON
  0000                00262         extern  _CM1CON0
  0000                00263         extern  _PIE4
  0000                00264         extern  _PIR4
  0000                00265         extern  _IPR4
gpasm-1.0.0 #932 (Jan 21 2013) firmware1-objs   4-9-2021  14:35:04          PAGE  6


LOC  OBJECT CODE     LINE SOURCE TEXT
  VALUE

  0000                00266         extern  _PIE5
  0000                00267         extern  _PIR5
  0000                00268         extern  _IPR5
  0000                00269         extern  _PORTA
  0000                00270         extern  _PORTB
  0000                00271         extern  _PORTC
  0000                00272         extern  _PORTE
  0000                00273         extern  _LATA
  0000                00274         extern  _LATB
  0000                00275         extern  _LATC
  0000                00276         extern  _DDRA
  0000                00277         extern  _TRISA
  0000                00278         extern  _DDRB
  0000                00279         extern  _TRISB
  0000                00280         extern  _DDRC
  0000                00281         extern  _TRISC
  0000                00282         extern  _TRISE
  0000                00283         extern  _OSCTUNE
  0000                00284         extern  _HLVDCON
  0000                00285         extern  _LVDCON
  0000                00286         extern  _PIE1
  0000                00287         extern  _PIR1
  0000                00288         extern  _IPR1
  0000                00289         extern  _PIE2
  0000                00290         extern  _PIR2
  0000                00291         extern  _IPR2
  0000                00292         extern  _PIE3
  0000                00293         extern  _PIR3
  0000                00294         extern  _IPR3
  0000                00295         extern  _EECON1
  0000                00296         extern  _EECON2
  0000                00297         extern  _EEDATA
  0000                00298         extern  _EEADR
  0000                00299         extern  _EEADRH
  0000                00300         extern  _RC1STA
  0000                00301         extern  _RCSTA
  0000                00302         extern  _RCSTA1
  0000                00303         extern  _TX1STA
  0000                00304         extern  _TXSTA
  0000                00305         extern  _TXSTA1
  0000                00306         extern  _TX1REG
  0000                00307         extern  _TXREG
  0000                00308         extern  _TXREG1
  0000                00309         extern  _RC1REG
  0000                00310         extern  _RCREG
  0000                00311         extern  _RCREG1
  0000                00312         extern  _SP1BRG
  0000                00313         extern  _SPBRG
  0000                00314         extern  _SPBRG1
  0000                00315         extern  _SP1BRGH
  0000                00316         extern  _SPBRGH
  0000                00317         extern  _SPBRGH1
  0000                00318         extern  _T3CON
gpasm-1.0.0 #932 (Jan 21 2013) firmware1-objs   4-9-2021  14:35:04          PAGE  7


LOC  OBJECT CODE     LINE SOURCE TEXT
  VALUE

  0000                00319         extern  _TMR3
  0000                00320         extern  _TMR3L
  0000                00321         extern  _TMR3H
  0000                00322         extern  _T3GCON
  0000                00323         extern  _ECCP1AS
  0000                00324         extern  _ECCPAS
  0000                00325         extern  _PWM1CON
  0000                00326         extern  _PWMCON
  0000                00327         extern  _BAUD1CON
  0000                00328         extern  _BAUDCON
  0000                00329         extern  _BAUDCON1
  0000                00330         extern  _BAUDCTL
  0000                00331         extern  _PSTR1CON
  0000                00332         extern  _PSTRCON
  0000                00333         extern  _T2CON
  0000                00334         extern  _PR2
  0000                00335         extern  _TMR2
  0000                00336         extern  _CCP1CON
  0000                00337         extern  _CCPR1
  0000                00338         extern  _CCPR1L
  0000                00339         extern  _CCPR1H
  0000                00340         extern  _ADCON2
  0000                00341         extern  _ADCON1
  0000                00342         extern  _ADCON0
  0000                00343         extern  _ADRES
  0000                00344         extern  _ADRESL
  0000                00345         extern  _ADRESH
  0000                00346         extern  _SSP1CON2
  0000                00347         extern  _SSPCON2
  0000                00348         extern  _SSP1CON1
  0000                00349         extern  _SSPCON1
  0000                00350         extern  _SSP1STAT
  0000                00351         extern  _SSPSTAT
  0000                00352         extern  _SSP1ADD
  0000                00353         extern  _SSPADD
  0000                00354         extern  _SSP1BUF
  0000                00355         extern  _SSPBUF
  0000                00356         extern  _SSP1MSK
  0000                00357         extern  _SSPMSK
  0000                00358         extern  _SSP1CON3
  0000                00359         extern  _SSPCON3
  0000                00360         extern  _T1GCON
  0000                00361         extern  _T1CON
  0000                00362         extern  _TMR1
  0000                00363         extern  _TMR1L
  0000                00364         extern  _TMR1H
  0000                00365         extern  _RCON
  0000                00366         extern  _WDTCON
  0000                00367         extern  _OSCCON2
  0000                00368         extern  _OSCCON
  0000                00369         extern  _T0CON
  0000                00370         extern  _TMR0
  0000                00371         extern  _TMR0L
gpasm-1.0.0 #932 (Jan 21 2013) firmware1-objs   4-9-2021  14:35:04          PAGE  8


LOC  OBJECT CODE     LINE SOURCE TEXT
  VALUE

  0000                00372         extern  _TMR0H
  0000                00373         extern  _STATUS
  0000                00374         extern  _FSR2L
  0000                00375         extern  _FSR2H
  0000                00376         extern  _PLUSW2
  0000                00377         extern  _PREINC2
  0000                00378         extern  _POSTDEC2
  0000                00379         extern  _POSTINC2
  0000                00380         extern  _INDF2
  0000                00381         extern  _BSR
  0000                00382         extern  _FSR1L
  0000                00383         extern  _FSR1H
  0000                00384         extern  _PLUSW1
  0000                00385         extern  _PREINC1
  0000                00386         extern  _POSTDEC1
  0000                00387         extern  _POSTINC1
  0000                00388         extern  _INDF1
  0000                00389         extern  _WREG
  0000                00390         extern  _FSR0L
  0000                00391         extern  _FSR0H
  0000                00392         extern  _PLUSW0
  0000                00393         extern  _PREINC0
  0000                00394         extern  _POSTDEC0
  0000                00395         extern  _POSTINC0
  0000                00396         extern  _INDF0
  0000                00397         extern  _INTCON3
  0000                00398         extern  _INTCON2
  0000                00399         extern  _INTCON
  0000                00400         extern  _PROD
  0000                00401         extern  _PRODL
  0000                00402         extern  _PRODH
  0000                00403         extern  _TABLAT
  0000                00404         extern  _TBLPTR
  0000                00405         extern  _TBLPTRL
  0000                00406         extern  _TBLPTRH
  0000                00407         extern  _TBLPTRU
  0000                00408         extern  _PC
  0000                00409         extern  _PCL
  0000                00410         extern  _PCLATH
  0000                00411         extern  _PCLATU
  0000                00412         extern  _STKPTR
  0000                00413         extern  _TOS
  0000                00414         extern  _TOSL
  0000                00415         extern  _TOSH
  0000                00416         extern  _TOSU
  0000                00417         extern  _setup
  0000                00418         extern  _loop
  0000                00419         extern  _Setup
  0000                00420         extern  _fraiseISR
                      00421 
                      00422 ;--------------------------------------------------------
                      00423 ;       Equates to used internal registers
                      00424 ;--------------------------------------------------------
gpasm-1.0.0 #932 (Jan 21 2013) firmware1-objs   4-9-2021  14:35:04          PAGE  9


LOC  OBJECT CODE     LINE SOURCE TEXT
  VALUE

  00000FD8            00425 STATUS  equ     0xfd8
  00000FFA            00426 PCLATH  equ     0xffa
  00000FFB            00427 PCLATU  equ     0xffb
  00000FE8            00428 WREG    equ     0xfe8
  00000FE0            00429 BSR     equ     0xfe0
  00000FE9            00430 FSR0L   equ     0xfe9
  00000FEA            00431 FSR0H   equ     0xfea
  00000FE1            00432 FSR1L   equ     0xfe1
  00000FD9            00433 FSR2L   equ     0xfd9
  00000FE5            00434 POSTDEC1        equ     0xfe5
  00000FE4            00435 PREINC1 equ     0xfe4
  00000FDB            00436 PLUSW2  equ     0xfdb
  00000FF3            00437 PRODL   equ     0xff3
  00000FF4            00438 PRODH   equ     0xff4
                      00439 
                      00440 
                      00441         idata
000000 00 00          00442 _TMR0U  db      0x00, 0x00
                      00443 
                      00444 
                      00445 ; Internal registers
                      00446 .registers      udata_ovr       0x0000
000000                00447 r0x00   res     1
                      00448 
                      00449 udata_core_0    udata
000000                00450 _Now    res     4
                      00451 
                      00452 udata_core_1    udata
000000                00453 _time_now_1_76  res     4
                      00454 
                      00455 
                      00456 ustat_core_00   udata   0X0438
000438                00457 _ANSELZ        
000438                00458 _ANSELZbits     res     1
                      00459 
                      00460 
                      00461 ustat_core_01   udata   0X0480
000480                00462 _PORTZ         
000480                00463 _PORTZbits      res     1
                      00464 
                      00465 
                      00466 ustat_core_02   udata   0X0489
000489                00467 _LATZ          
000489                00468 _LATZbits       res     1
                      00469 
                      00470 
                      00471 ustat_core_03   udata   0X0492
000492                00472 _TRICZ         
000492                00473 _TRISZbits      res     1
                      00474 
                      00475 ;--------------------------------------------------------
                      00476 ; interrupt vector
                      00477 ;--------------------------------------------------------
gpasm-1.0.0 #932 (Jan 21 2013) firmware1-objs   4-9-2021  14:35:04          PAGE 10


LOC  OBJECT CODE     LINE SOURCE TEXT
  VALUE

                      00478 
                      00479 ;--------------------------------------------------------
                      00480 ; global & static initialisations
                      00481 ;--------------------------------------------------------
                      00482 ; ; Starting pCode block for absolute section
                      00483 ; ;-----------------------------------------
                      00484 S_core_ivec_0x1_high_ISR        code    0X000008
000008                00485 ivec_0x1_high_ISR:
000008 EF00 F000      00486         GOTO    _high_ISR
                      00487 
                      00488 ; ; Starting pCode block for absolute section
                      00489 ; ;-----------------------------------------
                      00490 S_core_ivec_0x2_low_ISR code    0X000018
000018                00491 ivec_0x2_low_ISR:
000018 EF00 F000      00492         GOTO    _low_ISR
                      00493 
                      00494 ; I code from now on!
                      00495 ; ; Starting pCode block
                      00496 S_core__main    code
000000                00497 _main:
                      00498 ;       .line   112; C:/Users/sarto/Documents/Pd/externals/Fraise/core/core.c   setup();
000000 EC?? F0??      00499         CALL    _setup
000004                00500 _00124_DS_:
                      00501 ;       .line   116; C:/Users/sarto/Documents/Pd/externals/Fraise/core/core.c   while(1) loop();
000004 EC?? F0??      00502         CALL    _loop
000008 D???           00503         BRA     _00124_DS_
00000A 0012           00504         RETURN  
                      00505 
                      00506 ; ; Starting pCode block
                      00507 S_core__time    code
000000                00508 _time:
000000 ????           00509         BANKSEL _TMR0U
                      00510 ;       .line   176; C:/Users/sarto/Documents/Pd/externals/Fraise/core/core.c   now.word1= TMR0U;
000002 51??           00511         MOVF    _TMR0U, W, B
000004 ????           00512         BANKSEL (_time_now_1_76 + 2)
000006 6F??           00513         MOVWF   (_time_now_1_76 + 2), B
000008 ????           00514         BANKSEL (_TMR0U + 1)
00000A 51??           00515         MOVF    (_TMR0U + 1), W, B
00000C ????           00516         BANKSEL (_time_now_1_76 + 3)
00000E 6F??           00517         MOVWF   (_time_now_1_76 + 3), B
                      00518 ;       .line   178; C:/Users/sarto/Documents/Pd/externals/Fraise/core/core.c   LOWER_LSB(now)=TMR0L;
000010 50??           00519         MOVF    _TMR0L, W
                      00520 ; removed redundant BANKSEL
000012 6F??           00521         MOVWF   _time_now_1_76, B
                      00522 ;       .line   179; C:/Users/sarto/Documents/Pd/externals/Fraise/core/core.c   LOWER_MSB(now)=TMR0H;
000014 50??           00523         MOVF    _TMR0H, W
                      00524 ; removed redundant BANKSEL
000016 6F??           00525         MOVWF   (_time_now_1_76 + 1), B
                      00526 ; removed redundant BANKSEL
                      00527 ;       .line   181; C:/Users/sarto/Documents/Pd/externals/Fraise/core/core.c   if(now.word1 != TMR0U) {
                             //a rollover occured : do read again
000018 51??           00528         MOVF    (_time_now_1_76 + 2), W, B
00001A ????           00529         BANKSEL _TMR0U
gpasm-1.0.0 #932 (Jan 21 2013) firmware1-objs   4-9-2021  14:35:04          PAGE 11


LOC  OBJECT CODE     LINE SOURCE TEXT
  VALUE

00001C 19??           00530         XORWF   _TMR0U, W, B
00001E E1??           00531         BNZ     _00151_DS_
000020 ????           00532         BANKSEL (_time_now_1_76 + 3)
000022 51??           00533         MOVF    (_time_now_1_76 + 3), W, B
000024 ????           00534         BANKSEL (_TMR0U + 1)
000026 19??           00535         XORWF   (_TMR0U + 1), W, B
000028 E0??           00536         BZ      _00144_DS_
00002A                00537 _00151_DS_:
00002A ????           00538         BANKSEL _TMR0U
                      00539 ;       .line   182; C:/Users/sarto/Documents/Pd/externals/Fraise/core/core.c   now.word1= TMR0U;
00002C 51??           00540         MOVF    _TMR0U, W, B
00002E ????           00541         BANKSEL (_time_now_1_76 + 2)
000030 6F??           00542         MOVWF   (_time_now_1_76 + 2), B
000032 ????           00543         BANKSEL (_TMR0U + 1)
000034 51??           00544         MOVF    (_TMR0U + 1), W, B
000036 ????           00545         BANKSEL (_time_now_1_76 + 3)
000038 6F??           00546         MOVWF   (_time_now_1_76 + 3), B
                      00547 ;       .line   183; C:/Users/sarto/Documents/Pd/externals/Fraise/core/core.c   LOWER_LSB(now)=TMR0L;
00003A 50??           00548         MOVF    _TMR0L, W
                      00549 ; removed redundant BANKSEL
00003C 6F??           00550         MOVWF   _time_now_1_76, B
                      00551 ;       .line   184; C:/Users/sarto/Documents/Pd/externals/Fraise/core/core.c   LOWER_MSB(now)=TMR0H;
00003E 50??           00552         MOVF    _TMR0H, W
                      00553 ; removed redundant BANKSEL
000040 6F??           00554         MOVWF   (_time_now_1_76 + 1), B
000042                00555 _00144_DS_:
                      00556 ;       .line   187; C:/Users/sarto/Documents/Pd/externals/Fraise/core/core.c   return now._dword;
000042 C??? F???      00557         MOVFF   (_time_now_1_76 + 3), FSR0L
000046 C??? F???      00558         MOVFF   (_time_now_1_76 + 2), PRODH
00004A C??? F???      00559         MOVFF   (_time_now_1_76 + 1), PRODL
00004E ????           00560         BANKSEL _time_now_1_76
000050 51??           00561         MOVF    _time_now_1_76, W, B
000052 0012           00562         RETURN  
                      00563 
                      00564 ; ; Starting pCode block
                      00565 S_core__low_ISR code
000000                00566 _low_ISR:
                      00567 ;       .line   155; C:/Users/sarto/Documents/Pd/externals/Fraise/core/core.c   void low_ISR(void) 
000000 CFD8 FFE5      00568         MOVFF   STATUS, POSTDEC1
000004 CFE0 FFE5      00569         MOVFF   BSR, POSTDEC1
000008 6EE5           00570         MOVWF   POSTDEC1
00000A CFF3 FFE5      00571         MOVFF   PRODL, POSTDEC1
00000E CFF4 FFE5      00572         MOVFF   PRODH, POSTDEC1
000012 CFE9 FFE5      00573         MOVFF   FSR0L, POSTDEC1
000016 CFEA FFE5      00574         MOVFF   FSR0H, POSTDEC1
00001A CFFA FFE5      00575         MOVFF   PCLATH, POSTDEC1
00001E CFFB FFE5      00576         MOVFF   PCLATU, POSTDEC1
                      00577 ;       .line   160; C:/Users/sarto/Documents/Pd/externals/Fraise/core/core.c   SAVETBLPRT();
000022 C??? F???      00578         MOVFF   _TBLPTR, _POSTDEC1
000026 C??? F???      00579         MOVFF   _TBLPTRL, _POSTDEC1
00002A C??? F???      00580         MOVFF   _TBLPTRH, _POSTDEC1
00002E C??? F???      00581         MOVFF   _TBLPTRU, _POSTDEC1
000032 C??? F???      00582         MOVFF   _TABLAT, _POSTDEC1
gpasm-1.0.0 #932 (Jan 21 2013) firmware1-objs   4-9-2021  14:35:04          PAGE 12


LOC  OBJECT CODE     LINE SOURCE TEXT
  VALUE

000036 C??? F???      00583         MOVFF   _FSR1L, _POSTDEC1
00003A C??? F???      00584         MOVFF   _FSR1H, _POSTDEC1
                      00585 ;       .line   161; C:/Users/sarto/Documents/Pd/externals/Fraise/core/core.c   fraiseISR();
00003E EC?? F0??      00586         CALL    _fraiseISR
                      00587 ;       .line   166; C:/Users/sarto/Documents/Pd/externals/Fraise/core/core.c   RESTORETBLPRT();
000042 C??? F???      00588         MOVFF   _PREINC1, _FSR1H
000046 C??? F???      00589         MOVFF   _PREINC1, _FSR1L
00004A C??? F???      00590         MOVFF   _PREINC1, _TABLAT
00004E C??? F???      00591         MOVFF   _PREINC1, _TBLPTRU
000052 C??? F???      00592         MOVFF   _PREINC1, _TBLPTRH
000056 C??? F???      00593         MOVFF   _PREINC1, _TBLPTRL
00005A C??? F???      00594         MOVFF   _PREINC1, _TBLPTR
00005E CFE4 FFFB      00595         MOVFF   PREINC1, PCLATU
000062 CFE4 FFFA      00596         MOVFF   PREINC1, PCLATH
000066 CFE4 FFEA      00597         MOVFF   PREINC1, FSR0H
00006A CFE4 FFE9      00598         MOVFF   PREINC1, FSR0L
00006E CFE4 FFF4      00599         MOVFF   PREINC1, PRODH
000072 CFE4 FFF3      00600         MOVFF   PREINC1, PRODL
000076 50E4           00601         MOVF    PREINC1, W
000078 CFE4 FFE0      00602         MOVFF   PREINC1, BSR
00007C CFE4 FFD8      00603         MOVFF   PREINC1, STATUS
000080 0010           00604         RETFIE  
                      00605 
                      00606 ; ; Starting pCode block
                      00607 S_core__high_ISR        code
000000                00608 _high_ISR:
                      00609 ;       .line   127; C:/Users/sarto/Documents/Pd/externals/Fraise/core/core.c   void high_ISR(void)
000000 CFD8 FFE5      00610         MOVFF   STATUS, POSTDEC1
000004 CFE0 FFE5      00611         MOVFF   BSR, POSTDEC1
000008 6EE5           00612         MOVWF   POSTDEC1
00000A CFF3 FFE5      00613         MOVFF   PRODL, POSTDEC1
00000E CFF4 FFE5      00614         MOVFF   PRODH, POSTDEC1
000012 CFE9 FFE5      00615         MOVFF   FSR0L, POSTDEC1
000016 CFEA FFE5      00616         MOVFF   FSR0H, POSTDEC1
00001A CFFA FFE5      00617         MOVFF   PCLATH, POSTDEC1
00001E CFFB FFE5      00618         MOVFF   PCLATU, POSTDEC1
                      00619 ;       .line   133; C:/Users/sarto/Documents/Pd/externals/Fraise/core/core.c   SAVETBLPRT();
000022 C??? F???      00620         MOVFF   _TBLPTR, _POSTDEC1
000026 C??? F???      00621         MOVFF   _TBLPTRL, _POSTDEC1
00002A C??? F???      00622         MOVFF   _TBLPTRH, _POSTDEC1
00002E C??? F???      00623         MOVFF   _TBLPTRU, _POSTDEC1
000032 C??? F???      00624         MOVFF   _TABLAT, _POSTDEC1
000036 C??? F???      00625         MOVFF   _FSR1L, _POSTDEC1
00003A C??? F???      00626         MOVFF   _FSR1H, _POSTDEC1
00003E ????           00627         BANKSEL _TMR0U
                      00628 ;       .line   135; C:/Users/sarto/Documents/Pd/externals/Fraise/core/core.c   Now.word1= TMR0U;
000040 51??           00629         MOVF    _TMR0U, W, B
000042 ????           00630         BANKSEL (_Now + 2)
000044 6F??           00631         MOVWF   (_Now + 2), B
000046 ????           00632         BANKSEL (_TMR0U + 1)
000048 51??           00633         MOVF    (_TMR0U + 1), W, B
00004A ????           00634         BANKSEL (_Now + 3)
00004C 6F??           00635         MOVWF   (_Now + 3), B
gpasm-1.0.0 #932 (Jan 21 2013) firmware1-objs   4-9-2021  14:35:04          PAGE 13


LOC  OBJECT CODE     LINE SOURCE TEXT
  VALUE

                      00636 ;       .line   136; C:/Users/sarto/Documents/Pd/externals/Fraise/core/core.c   LOWER_LSB(Now)=TMR0L;
00004E 50??           00637         MOVF    _TMR0L, W
                      00638 ; removed redundant BANKSEL
000050 6F??           00639         MOVWF   _Now, B
                      00640 ;       .line   137; C:/Users/sarto/Documents/Pd/externals/Fraise/core/core.c   LOWER_MSB(Now)=TMR0H;
000052 50??           00641         MOVF    _TMR0H, W
                      00642 ; removed redundant BANKSEL
000054 6F??           00643         MOVWF   (_Now + 1), B
                      00644 ;       .line   139; C:/Users/sarto/Documents/Pd/externals/Fraise/core/core.c   if(INTCONbits.TMR0IF) {
000056 A4??           00645         BTFSS   _INTCONbits, 2
000058 D???           00646         BRA     _00132_DS_
00005A ????           00647         BANKSEL _TMR0U
                      00648 ;       .line   140; C:/Users/sarto/Documents/Pd/externals/Fraise/core/core.c   TMR0U++;
00005C 3F??           00649         INCFSZ  _TMR0U, F, B
00005E D???           00650         BRA     _10143_DS_
                      00651 ; removed redundant BANKSEL
000060 2B??           00652         INCF    (_TMR0U + 1), F, B
000062                00653 _10143_DS_:
                      00654 ;       .line   141; C:/Users/sarto/Documents/Pd/externals/Fraise/core/core.c   INTCONbits.TMR0IF=0;
000062 94??           00655         BCF     _INTCONbits, 2
000064 ????           00656         BANKSEL _TMR0U
                      00657 ;       .line   142; C:/Users/sarto/Documents/Pd/externals/Fraise/core/core.c   Now.word1= TMR0U;
000066 51??           00658         MOVF    _TMR0U, W, B
000068 ????           00659         BANKSEL (_Now + 2)
00006A 6F??           00660         MOVWF   (_Now + 2), B
00006C ????           00661         BANKSEL (_TMR0U + 1)
00006E 51??           00662         MOVF    (_TMR0U + 1), W, B
000070 ????           00663         BANKSEL (_Now + 3)
000072 6F??           00664         MOVWF   (_Now + 3), B
                      00665 ;       .line   143; C:/Users/sarto/Documents/Pd/externals/Fraise/core/core.c   LOWER_LSB(Now)=TMR0L;
000074 50??           00666         MOVF    _TMR0L, W
                      00667 ; removed redundant BANKSEL
000076 6F??           00668         MOVWF   _Now, B
                      00669 ;       .line   144; C:/Users/sarto/Documents/Pd/externals/Fraise/core/core.c   LOWER_MSB(Now)=TMR0H;
000078 50??           00670         MOVF    _TMR0H, W
                      00671 ; removed redundant BANKSEL
00007A 6F??           00672         MOVWF   (_Now + 1), B
00007C                00673 _00132_DS_:
                      00674 ;       .line   150; C:/Users/sarto/Documents/Pd/externals/Fraise/core/core.c   RESTORETBLPRT();
00007C C??? F???      00675         MOVFF   _PREINC1, _FSR1H
000080 C??? F???      00676         MOVFF   _PREINC1, _FSR1L
000084 C??? F???      00677         MOVFF   _PREINC1, _TABLAT
000088 C??? F???      00678         MOVFF   _PREINC1, _TBLPTRU
00008C C??? F???      00679         MOVFF   _PREINC1, _TBLPTRH
000090 C??? F???      00680         MOVFF   _PREINC1, _TBLPTRL
000094 C??? F???      00681         MOVFF   _PREINC1, _TBLPTR
000098 CFE4 FFFB      00682         MOVFF   PREINC1, PCLATU
00009C CFE4 FFFA      00683         MOVFF   PREINC1, PCLATH
0000A0 CFE4 FFEA      00684         MOVFF   PREINC1, FSR0H
0000A4 CFE4 FFE9      00685         MOVFF   PREINC1, FSR0L
0000A8 CFE4 FFF4      00686         MOVFF   PREINC1, PRODH
0000AC CFE4 FFF3      00687         MOVFF   PREINC1, PRODL
0000B0 50E4           00688         MOVF    PREINC1, W
gpasm-1.0.0 #932 (Jan 21 2013) firmware1-objs   4-9-2021  14:35:04          PAGE 14


LOC  OBJECT CODE     LINE SOURCE TEXT
  VALUE

0000B2 CFE4 FFE0      00689         MOVFF   PREINC1, BSR
0000B6 CFE4 FFD8      00690         MOVFF   PREINC1, STATUS
0000BA 0010           00691         RETFIE  
                      00692 
                      00693 ; ; Starting pCode block
                      00694 S_core__coreInit        code
000000                00695 _coreInit:
                      00696 ;       .line   72; C:/Users/sarto/Documents/Pd/externals/Fraise/core/core.c    void coreInit(void)
000000 C??? F???      00697         MOVFF   r0x00, POSTDEC1
                      00698 ;       .line   75; C:/Users/sarto/Documents/Pd/externals/Fraise/core/core.c    Setup();
000004 EC?? F0??      00699         CALL    _Setup
000008 ????           00700         BANKSEL _LATZ
                      00701 ;       .line   79; C:/Users/sarto/Documents/Pd/externals/Fraise/core/core.c    PORTZ = LATZ = 0;
00000A 6B??           00702         CLRF    _LATZ, B
                      00703 ; removed redundant BANKSEL
00000C 6B??           00704         CLRF    _PORTZ, B
                      00705 ; removed redundant BANKSEL
                      00706 ;       .line   80; C:/Users/sarto/Documents/Pd/externals/Fraise/core/core.c    PORTZbits.RZ1 = LATZbits
                            .LATZ1 = 1;     
00000E 83??           00707         BSF     _LATZbits, 1, B
000010 6A??           00708         CLRF    r0x00
                      00709 ; removed redundant BANKSEL
000012 B3??           00710         BTFSC   _LATZbits, 1, B
000014 2A??           00711         INCF    r0x00, F
000016 50??           00712         MOVF    r0x00, W
000018 0B01           00713         ANDLW   0x01
00001A 44E8           00714         RLNCF   WREG, W
00001C 6EF4           00715         MOVWF   PRODH
                      00716 ; removed redundant BANKSEL
00001E 51??           00717         MOVF    _PORTZbits, W, B
000020 0BFD           00718         ANDLW   0xfd
000022 10F4           00719         IORWF   PRODH, W
                      00720 ; removed redundant BANKSEL
000024 6F??           00721         MOVWF   _PORTZbits, B
                      00722 ;       .line   83; C:/Users/sarto/Documents/Pd/externals/Fraise/core/core.c    T0CONbits.TMR0ON = 1;
000026 8E??           00723         BSF     _T0CONbits, 7
                      00724 ;       .line   84; C:/Users/sarto/Documents/Pd/externals/Fraise/core/core.c    T0CONbits.T08BIT = 0;   
                            // 16 bit timer
000028 9C??           00725         BCF     _T0CONbits, 6
                      00726 ;       .line   85; C:/Users/sarto/Documents/Pd/externals/Fraise/core/core.c    T0CONbits.T0CS = 0;     
                                    // Use internal clock
00002A 9A??           00727         BCF     _T0CONbits, 5
                      00728 ;       .line   86; C:/Users/sarto/Documents/Pd/externals/Fraise/core/core.c    T0CONbits.T0SE = 1;     
                                    // Hi to low
00002C 88??           00729         BSF     _T0CONbits, 4
                      00730 ;       .line   87; C:/Users/sarto/Documents/Pd/externals/Fraise/core/core.c    T0CONbits.PSA = 0;      
                                    // Use the prescaler
00002E 96??           00731         BCF     _T0CONbits, 3
                      00732 ;       .line   88; C:/Users/sarto/Documents/Pd/externals/Fraise/core/core.c    T0CONbits.T0PS2 = 0;    
                            // 
000030 94??           00733         BCF     _T0CONbits, 2
                      00734 ;       .line   89; C:/Users/sarto/Documents/Pd/externals/Fraise/core/core.c    T0CONbits.T0PS1 = 1;    
                            // 1/16 prescaler: 
gpasm-1.0.0 #932 (Jan 21 2013) firmware1-objs   4-9-2021  14:35:04          PAGE 15


LOC  OBJECT CODE     LINE SOURCE TEXT
  VALUE

000032 82??           00735         BSF     _T0CONbits, 1
                      00736 ;       .line   90; C:/Users/sarto/Documents/Pd/externals/Fraise/core/core.c    T0CONbits.T0PS0 = 1;    
                            // 
000034 80??           00737         BSF     _T0CONbits, 0
                      00738 ;       .line   91; C:/Users/sarto/Documents/Pd/externals/Fraise/core/core.c    INTCONbits.TMR0IE=1;    
                            // enable TMR0 interrupt
000036 8A??           00739         BSF     _INTCONbits, 5
                      00740 ;       .line   92; C:/Users/sarto/Documents/Pd/externals/Fraise/core/core.c    INTCON2bits.TMR0IP=1;   
                            // high priority
000038 84??           00741         BSF     _INTCON2bits, 2
                      00742 ;       .line   95; C:/Users/sarto/Documents/Pd/externals/Fraise/core/core.c    RCONbits.IPEN = 1;  // e
                            nable interrupts priority mode
00003A 8E??           00743         BSF     _RCONbits, 7
                      00744 ;       .line   97; C:/Users/sarto/Documents/Pd/externals/Fraise/core/core.c    INTCONbits.GIEH = 1;  //
                             enable interrupts
00003C 8E??           00745         BSF     _INTCONbits, 7
                      00746 ;       .line   98; C:/Users/sarto/Documents/Pd/externals/Fraise/core/core.c    INTCONbits.GIEL = 1;  //
                             enable interrupts
00003E 8C??           00747         BSF     _INTCONbits, 6
                      00748 ;       .line   103; C:/Users/sarto/Documents/Pd/externals/Fraise/core/core.c   T2CONbits.T2CKPS0=1; //p
                            rescaler 4
000040 80??           00749         BSF     _T2CONbits, 0
                      00750 ;       .line   104; C:/Users/sarto/Documents/Pd/externals/Fraise/core/core.c   PR2=255;
000042 0EFF           00751         MOVLW   0xff
000044 68??           00752         SETF    _PR2
                      00753 ;       .line   105; C:/Users/sarto/Documents/Pd/externals/Fraise/core/core.c   T2CONbits.TMR2ON=1;
000046 84??           00754         BSF     _T2CONbits, 2
000048 CFE4 F000      00755         MOVFF   PREINC1, r0x00
00004C 0012           00756         RETURN  
                      00757 
                      00758 ; ; Starting pCode block
                      00759 S_core__eeReadByte      code
000000                00760 _eeReadByte:
                      00761 ;       .line   56; C:/Users/sarto/Documents/Pd/externals/Fraise/core/core.c    unsigned char eeReadByte
                            (unsigned char address){
000000 CFD9 FFE5      00762         MOVFF   FSR2L, POSTDEC1
000004 CFE1 FFD9      00763         MOVFF   FSR1L, FSR2L
000008 0E02           00764         MOVLW   0x02
00000A CFDB F000      00765         MOVFF   PLUSW2, _EEADR
                      00766 ;       .line   58; C:/Users/sarto/Documents/Pd/externals/Fraise/core/core.c    EECON1bits.CFGS = 0;
00000E 9C??           00767         BCF     _EECON1bits, 6
                      00768 ;       .line   59; C:/Users/sarto/Documents/Pd/externals/Fraise/core/core.c    EECON1bits.EEPGD = 0;
000010 9E??           00769         BCF     _EECON1bits, 7
                      00770 ;       .line   60; C:/Users/sarto/Documents/Pd/externals/Fraise/core/core.c    EECON1bits.RD = 1;
000012 80??           00771         BSF     _EECON1bits, 0
                      00772 ;       .line   61; C:/Users/sarto/Documents/Pd/externals/Fraise/core/core.c    return EEDATA;
000014 50??           00773         MOVF    _EEDATA, W
000016 CFE4 FFD9      00774         MOVFF   PREINC1, FSR2L
00001A 0012           00775         RETURN  
                      00776 
                      00777 ; ; Starting pCode block
                      00778 S_core__eeWriteByte     code
000000                00779 _eeWriteByte:
gpasm-1.0.0 #932 (Jan 21 2013) firmware1-objs   4-9-2021  14:35:04          PAGE 16


LOC  OBJECT CODE     LINE SOURCE TEXT
  VALUE

                      00780 ;       .line   33; C:/Users/sarto/Documents/Pd/externals/Fraise/core/core.c    void eeWriteByte(unsigne
                            d char address, unsigned char value){
000000 CFD9 FFE5      00781         MOVFF   FSR2L, POSTDEC1
000004 CFE1 FFD9      00782         MOVFF   FSR1L, FSR2L
000008 C??? F???      00783         MOVFF   r0x00, POSTDEC1
00000C 0E02           00784         MOVLW   0x02
00000E CFDB F000      00785         MOVFF   PLUSW2, r0x00
000012 0E03           00786         MOVLW   0x03
000014 CFDB F000      00787         MOVFF   PLUSW2, _EEDATA
                      00788 ;       .line   36; C:/Users/sarto/Documents/Pd/externals/Fraise/core/core.c    EEADR = address;
000018 C??? F???      00789         MOVFF   r0x00, _EEADR
                      00790 ;       .line   38; C:/Users/sarto/Documents/Pd/externals/Fraise/core/core.c    EECON1bits.EEPGD = 0;
00001C 9E??           00791         BCF     _EECON1bits, 7
                      00792 ;       .line   39; C:/Users/sarto/Documents/Pd/externals/Fraise/core/core.c    EECON1bits.CFGS = 0;
00001E 9C??           00793         BCF     _EECON1bits, 6
                      00794 ;       .line   40; C:/Users/sarto/Documents/Pd/externals/Fraise/core/core.c    EECON1bits.WREN = 1; // 
                            enable writes to data EEPROM
000020 84??           00795         BSF     _EECON1bits, 2
                      00796 ;       .line   41; C:/Users/sarto/Documents/Pd/externals/Fraise/core/core.c    INTCONbits.GIEH = 0;  //
                             disable interrupts
000022 9E??           00797         BCF     _INTCONbits, 7
                      00798 ;       .line   42; C:/Users/sarto/Documents/Pd/externals/Fraise/core/core.c    INTCONbits.GIEL = 0;  //
                             disable interrupts
000024 9C??           00799         BCF     _INTCONbits, 6
                      00800 ;       .line   43; C:/Users/sarto/Documents/Pd/externals/Fraise/core/core.c    EECON2 = 0x55;
000026 0E55           00801         MOVLW   0x55
000028 6E??           00802         MOVWF   _EECON2
                      00803 ;       .line   44; C:/Users/sarto/Documents/Pd/externals/Fraise/core/core.c    EECON2 = 0x0AA;
00002A 0EAA           00804         MOVLW   0xaa
00002C 6E??           00805         MOVWF   _EECON2
                      00806 ;       .line   45; C:/Users/sarto/Documents/Pd/externals/Fraise/core/core.c    EECON1bits.WR = 1;   // 
                            start writing
00002E 82??           00807         BSF     _EECON1bits, 1
000030                00808 _00105_DS_:
                      00809 ;       .line   46; C:/Users/sarto/Documents/Pd/externals/Fraise/core/core.c    while(EECON1bits.WR){
000030 A2??           00810         BTFSS   _EECON1bits, 1
000032 D???           00811         BRA     _00107_DS_
000034 0000           00812         nop     
000036 D???           00813         BRA     _00105_DS_
000038                00814 _00107_DS_:
                      00815 ;       .line   51; C:/Users/sarto/Documents/Pd/externals/Fraise/core/core.c    EECON1bits.WREN = 0;
000038 94??           00816         BCF     _EECON1bits, 2
                      00817 ;       .line   52; C:/Users/sarto/Documents/Pd/externals/Fraise/core/core.c    INTCONbits.GIEH = 1;  //
                             enable interrupts
00003A 8E??           00818         BSF     _INTCONbits, 7
                      00819 ;       .line   53; C:/Users/sarto/Documents/Pd/externals/Fraise/core/core.c    INTCONbits.GIEL = 1;  //
                             enable interrupts
00003C 8C??           00820         BSF     _INTCONbits, 6
00003E CFE4 F000      00821         MOVFF   PREINC1, r0x00
000042 CFE4 FFD9      00822         MOVFF   PREINC1, FSR2L
000046 0012           00823         RETURN  
                      00824 
                      00825 
gpasm-1.0.0 #932 (Jan 21 2013) firmware1-objs   4-9-2021  14:35:04          PAGE 17


LOC  OBJECT CODE     LINE SOURCE TEXT
  VALUE

                      00826 
                      00827 ; Statistics:
                      00828 ; code size:      596 (0x0254) bytes ( 0.45%)
                      00829 ;                 298 (0x012a) words
                      00830 ; udata size:      12 (0x000c) bytes ( 0.33%)
                      00831 ; access size:      1 (0x0001) bytes
                      00832 
                      00833 
                      00834         end
gpasm-1.0.0 #932 (Jan 21 2013) firmware1-objs   4-9-2021  14:35:04          PAGE 18


SYMBOL TABLE
  LABEL                             VALUE

BSR                               00000FE0
FSR0H                             00000FEA
FSR0L                             00000FE9
FSR1L                             00000FE1
FSR2L                             00000FD9
PCLATH                            00000FFA
PCLATU                            00000FFB
PLUSW2                            00000FDB
POSTDEC1                          00000FE5
PREINC1                           00000FE4
PRODH                             00000FF4
PRODL                             00000FF3
STATUS                            00000FD8
WREG                              00000FE8
_00105_DS_                        00000030
_00107_DS_                        00000038
_00124_DS_                        00000004
_00132_DS_                        0000007C
_00144_DS_                        00000042
_00151_DS_                        0000002A
_10143_DS_                        00000062
_ADCON0                           00000000
_ADCON0bits                       00000000
_ADCON1                           00000000
_ADCON1bits                       00000000
_ADCON2                           00000000
_ADCON2bits                       00000000
_ADRES                            00000000
_ADRESH                           00000000
_ADRESL                           00000000
_ANSELA                           00000000
_ANSELAbits                       00000000
_ANSELB                           00000000
_ANSELBbits                       00000000
_ANSELC                           00000000
_ANSELCbits                       00000000
_ANSELZ                           00000438
_ANSELZbits                       00000438
_BAUD1CON                         00000000
_BAUD1CONbits                     00000000
_BAUD2CON                         00000000
_BAUD2CONbits                     00000000
_BAUDCON                          00000000
_BAUDCON1                         00000000
_BAUDCON1bits                     00000000
_BAUDCON2                         00000000
_BAUDCON2bits                     00000000
_BAUDCONbits                      00000000
_BAUDCTL                          00000000
_BAUDCTLbits                      00000000
_BSR                              00000000
_CCP1CON                          00000000
_CCP1CONbits                      00000000
gpasm-1.0.0 #932 (Jan 21 2013) firmware1-objs   4-9-2021  14:35:04          PAGE 19


SYMBOL TABLE
  LABEL                             VALUE 

_CCP2AS                           00000000
_CCP2ASbits                       00000000
_CCP2CON                          00000000
_CCP2CONbits                      00000000
_CCP3AS                           00000000
_CCP3ASbits                       00000000
_CCP3CON                          00000000
_CCP3CONbits                      00000000
_CCP4CON                          00000000
_CCP4CONbits                      00000000
_CCP5CON                          00000000
_CCP5CONbits                      00000000
_CCPR1                            00000000
_CCPR1H                           00000000
_CCPR1L                           00000000
_CCPR2                            00000000
_CCPR2H                           00000000
_CCPR2L                           00000000
_CCPR3                            00000000
_CCPR3H                           00000000
_CCPR3L                           00000000
_CCPR4                            00000000
_CCPR4H                           00000000
_CCPR4L                           00000000
_CCPR5                            00000000
_CCPR5H                           00000000
_CCPR5L                           00000000
_CCPTMRS0                         00000000
_CCPTMRS0bits                     00000000
_CCPTMRS1                         00000000
_CCPTMRS1bits                     00000000
_CM12CON                          00000000
_CM12CONbits                      00000000
_CM1CON                           00000000
_CM1CON0                          00000000
_CM1CON0bits                      00000000
_CM1CONbits                       00000000
_CM2CON                           00000000
_CM2CON0                          00000000
_CM2CON0bits                      00000000
_CM2CON1                          00000000
_CM2CON1bits                      00000000
_CM2CONbits                       00000000
_CTMUCON0                         00000000
_CTMUCON0bits                     00000000
_CTMUCON1                         00000000
_CTMUCON1bits                     00000000
_CTMUCONH                         00000000
_CTMUCONHbits                     00000000
_CTMUCONL                         00000000
_CTMUCONLbits                     00000000
_CTMUICON                         00000000
_CTMUICONH                        00000000
gpasm-1.0.0 #932 (Jan 21 2013) firmware1-objs   4-9-2021  14:35:04          PAGE 20


SYMBOL TABLE
  LABEL                             VALUE 

_CTMUICONHbits                    00000000
_CTMUICONbits                     00000000
_DACCON0                          00000000
_DACCON0bits                      00000000
_DACCON1                          00000000
_DACCON1bits                      00000000
_DDRA                             00000000
_DDRAbits                         00000000
_DDRB                             00000000
_DDRBbits                         00000000
_DDRC                             00000000
_DDRCbits                         00000000
_ECCP1AS                          00000000
_ECCP1ASbits                      00000000
_ECCP2AS                          00000000
_ECCP2ASbits                      00000000
_ECCP3AS                          00000000
_ECCP3ASbits                      00000000
_ECCPAS                           00000000
_ECCPASbits                       00000000
_EEADR                            00000000
_EEADRH                           00000000
_EEADRHbits                       00000000
_EEADRbits                        00000000
_EECON1                           00000000
_EECON1bits                       00000000
_EECON2                           00000000
_EEDATA                           00000000
_FSR0H                            00000000
_FSR0L                            00000000
_FSR1H                            00000000
_FSR1L                            00000000
_FSR2H                            00000000
_FSR2L                            00000000
_FVRCON                           00000000
_FVRCONbits                       00000000
_HLVDCON                          00000000
_HLVDCONbits                      00000000
_INDF0                            00000000
_INDF1                            00000000
_INDF2                            00000000
_INTCON                           00000000
_INTCON2                          00000000
_INTCON2bits                      00000000
_INTCON3                          00000000
_INTCON3bits                      00000000
_INTCONbits                       00000000
_IOCB                             00000000
_IOCBbits                         00000000
_IPR1                             00000000
_IPR1bits                         00000000
_IPR2                             00000000
_IPR2bits                         00000000
gpasm-1.0.0 #932 (Jan 21 2013) firmware1-objs   4-9-2021  14:35:04          PAGE 21


SYMBOL TABLE
  LABEL                             VALUE 

_IPR3                             00000000
_IPR3bits                         00000000
_IPR4                             00000000
_IPR4bits                         00000000
_IPR5                             00000000
_IPR5bits                         00000000
_LATA                             00000000
_LATAbits                         00000000
_LATB                             00000000
_LATBbits                         00000000
_LATC                             00000000
_LATCbits                         00000000
_LATZ                             00000489
_LATZbits                         00000489
_LVDCON                           00000000
_LVDCONbits                       00000000
_Now                              00000000
_OSCCON                           00000000
_OSCCON2                          00000000
_OSCCON2bits                      00000000
_OSCCONbits                       00000000
_OSCTUNE                          00000000
_OSCTUNEbits                      00000000
_PC                               00000000
_PCL                              00000000
_PCLATH                           00000000
_PCLATU                           00000000
_PIE1                             00000000
_PIE1bits                         00000000
_PIE2                             00000000
_PIE2bits                         00000000
_PIE3                             00000000
_PIE3bits                         00000000
_PIE4                             00000000
_PIE4bits                         00000000
_PIE5                             00000000
_PIE5bits                         00000000
_PIR1                             00000000
_PIR1bits                         00000000
_PIR2                             00000000
_PIR2bits                         00000000
_PIR3                             00000000
_PIR3bits                         00000000
_PIR4                             00000000
_PIR4bits                         00000000
_PIR5                             00000000
_PIR5bits                         00000000
_PLUSW0                           00000000
_PLUSW1                           00000000
_PLUSW2                           00000000
_PMD0                             00000000
_PMD0bits                         00000000
_PMD1                             00000000
gpasm-1.0.0 #932 (Jan 21 2013) firmware1-objs   4-9-2021  14:35:04          PAGE 22


SYMBOL TABLE
  LABEL                             VALUE 

_PMD1bits                         00000000
_PMD2                             00000000
_PMD2bits                         00000000
_PORTA                            00000000
_PORTAbits                        00000000
_PORTB                            00000000
_PORTBbits                        00000000
_PORTC                            00000000
_PORTCbits                        00000000
_PORTE                            00000000
_PORTEbits                        00000000
_PORTZ                            00000480
_PORTZbits                        00000480
_POSTDEC0                         00000000
_POSTDEC1                         00000000
_POSTDEC2                         00000000
_POSTINC0                         00000000
_POSTINC1                         00000000
_POSTINC2                         00000000
_PR2                              00000000
_PR4                              00000000
_PR6                              00000000
_PREINC0                          00000000
_PREINC1                          00000000
_PREINC2                          00000000
_PROD                             00000000
_PRODH                            00000000
_PRODL                            00000000
_PSTR1CON                         00000000
_PSTR1CONbits                     00000000
_PSTR2CON                         00000000
_PSTR2CONbits                     00000000
_PSTR3CON                         00000000
_PSTR3CONbits                     00000000
_PSTRCON                          00000000
_PSTRCONbits                      00000000
_PWM1CON                          00000000
_PWM1CONbits                      00000000
_PWM2CON                          00000000
_PWM2CONbits                      00000000
_PWM3CON                          00000000
_PWM3CONbits                      00000000
_PWMCON                           00000000
_PWMCONbits                       00000000
_RC1REG                           00000000
_RC1STA                           00000000
_RC1STAbits                       00000000
_RC2REG                           00000000
_RC2STA                           00000000
_RC2STAbits                       00000000
_RCON                             00000000
_RCONbits                         00000000
_RCREG                            00000000
gpasm-1.0.0 #932 (Jan 21 2013) firmware1-objs   4-9-2021  14:35:04          PAGE 23


SYMBOL TABLE
  LABEL                             VALUE 

_RCREG1                           00000000
_RCREG2                           00000000
_RCSTA                            00000000
_RCSTA1                           00000000
_RCSTA1bits                       00000000
_RCSTA2                           00000000
_RCSTA2bits                       00000000
_RCSTAbits                        00000000
_SLRCON                           00000000
_SLRCONbits                       00000000
_SP1BRG                           00000000
_SP1BRGH                          00000000
_SP2BRG                           00000000
_SP2BRGH                          00000000
_SPBRG                            00000000
_SPBRG1                           00000000
_SPBRG2                           00000000
_SPBRGH                           00000000
_SPBRGH1                          00000000
_SPBRGH2                          00000000
_SRCON0                           00000000
_SRCON0bits                       00000000
_SRCON1                           00000000
_SRCON1bits                       00000000
_SSP1ADD                          00000000
_SSP1BUF                          00000000
_SSP1CON1                         00000000
_SSP1CON1bits                     00000000
_SSP1CON2                         00000000
_SSP1CON2bits                     00000000
_SSP1CON3                         00000000
_SSP1CON3bits                     00000000
_SSP1MSK                          00000000
_SSP1MSKbits                      00000000
_SSP1STAT                         00000000
_SSP1STATbits                     00000000
_SSP2ADD                          00000000
_SSP2BUF                          00000000
_SSP2CON1                         00000000
_SSP2CON1bits                     00000000
_SSP2CON2                         00000000
_SSP2CON2bits                     00000000
_SSP2CON3                         00000000
_SSP2CON3bits                     00000000
_SSP2MSK                          00000000
_SSP2MSKbits                      00000000
_SSP2STAT                         00000000
_SSP2STATbits                     00000000
_SSPADD                           00000000
_SSPBUF                           00000000
_SSPCON1                          00000000
_SSPCON1bits                      00000000
_SSPCON2                          00000000
gpasm-1.0.0 #932 (Jan 21 2013) firmware1-objs   4-9-2021  14:35:04          PAGE 24


SYMBOL TABLE
  LABEL                             VALUE 

_SSPCON2bits                      00000000
_SSPCON3                          00000000
_SSPCON3bits                      00000000
_SSPMSK                           00000000
_SSPMSKbits                       00000000
_SSPSTAT                          00000000
_SSPSTATbits                      00000000
_STATUS                           00000000
_STATUSbits                       00000000
_STKPTR                           00000000
_STKPTRbits                       00000000
_Setup                            00000000
_T0CON                            00000000
_T0CONbits                        00000000
_T1CON                            00000000
_T1CONbits                        00000000
_T1GCON                           00000000
_T1GCONbits                       00000000
_T2CON                            00000000
_T2CONbits                        00000000
_T3CON                            00000000
_T3CONbits                        00000000
_T3GCON                           00000000
_T3GCONbits                       00000000
_T4CON                            00000000
_T4CONbits                        00000000
_T5CON                            00000000
_T5CONbits                        00000000
_T5GCON                           00000000
_T5GCONbits                       00000000
_T6CON                            00000000
_T6CONbits                        00000000
_TABLAT                           00000000
_TBLPTR                           00000000
_TBLPTRH                          00000000
_TBLPTRL                          00000000
_TBLPTRU                          00000000
_TMR0                             00000000
_TMR0H                            00000000
_TMR0L                            00000000
_TMR0U                            00000000
_TMR1                             00000000
_TMR1H                            00000000
_TMR1L                            00000000
_TMR2                             00000000
_TMR3                             00000000
_TMR3H                            00000000
_TMR3L                            00000000
_TMR4                             00000000
_TMR5                             00000000
_TMR5H                            00000000
_TMR5L                            00000000
_TMR6                             00000000
gpasm-1.0.0 #932 (Jan 21 2013) firmware1-objs   4-9-2021  14:35:04          PAGE 25


SYMBOL TABLE
  LABEL                             VALUE 

_TOS                              00000000
_TOSH                             00000000
_TOSL                             00000000
_TOSU                             00000000
_TRICZ                            00000492
_TRISA                            00000000
_TRISAbits                        00000000
_TRISB                            00000000
_TRISBbits                        00000000
_TRISC                            00000000
_TRISCbits                        00000000
_TRISE                            00000000
_TRISEbits                        00000000
_TRISZbits                        00000492
_TX1REG                           00000000
_TX1STA                           00000000
_TX1STAbits                       00000000
_TX2REG                           00000000
_TX2STA                           00000000
_TX2STAbits                       00000000
_TXREG                            00000000
_TXREG1                           00000000
_TXREG2                           00000000
_TXSTA                            00000000
_TXSTA1                           00000000
_TXSTA1bits                       00000000
_TXSTA2                           00000000
_TXSTA2bits                       00000000
_TXSTAbits                        00000000
_VREFCON0                         00000000
_VREFCON0bits                     00000000
_VREFCON1                         00000000
_VREFCON1bits                     00000000
_VREFCON2                         00000000
_VREFCON2bits                     00000000
_WDTCON                           00000000
_WDTCONbits                       00000000
_WPUB                             00000000
_WPUBbits                         00000000
_WREG                             00000000
__18F26K22                        00000001
_coreInit                         00000000
_eeReadByte                       00000000
_eeWriteByte                      00000000
_fraiseISR                        00000000
_high_ISR                         00000000
_loop                             00000000
_low_ISR                          00000000
_main                             00000000
_setup                            00000000
_stdin                            00000000
_stdout                           00000000
_time                             00000000
gpasm-1.0.0 #932 (Jan 21 2013) firmware1-objs   4-9-2021  14:35:04          PAGE 26


SYMBOL TABLE
  LABEL                             VALUE 

_time_now_1_76                    00000000
ivec_0x1_high_ISR                 00000008
ivec_0x2_low_ISR                  00000018
r0x00                             00000000

Errors   :     0
Warnings :     0 reported,     0 suppressed
Messages :     0 reported,     0 suppressed

