In file included from C:/Users/sarto/Documents/Pd/externals/Fraise/core/core.h:30,
                 from C:/Users/sarto/Documents/Pd/externals/Fraise/fraisedevice/fraisedevice.h:29,
                 from C:/Users/sarto/Documents/Pd/externals/Fraise/fruit/fruit.h:39,
                 from C:/Users/sarto/Documents/Travail/M1/M&T/GAYA_SARTORIUS_cheap-SERUM/firmware2/main.c:8:
./config.h:15:1: error: unterminated comment
./config.h:1:1: error: unterminated #ifndef
In file included from C:/Users/sarto/Documents/Pd/externals/Fraise/core/core.h:30,
                 from C:/Users/sarto/Documents/Pd/externals/Fraise/fraisedevice/fraisedevice.h:29,
                 from C:/Users/sarto/Documents/Pd/externals/Fraise/fruit/fruit.h:39,
                 from C:/Users/sarto/Documents/Travail/M1/M&T/GAYA_SARTORIUS_cheap-SERUM/firmware2/main.c:8:
./config.h:15:1: error: unterminated comment
./config.h:1:1: error: unterminated #ifndef
In file included from C:/Users/sarto/Documents/Pd/externals/Fraise/core/core.h:30,
                 from C:/Users/sarto/Documents/Pd/externals/Fraise/fraisedevice/fraisedevice.h:29,
                 from C:/Users/sarto/Documents/Pd/externals/Fraise/fruit/fruit.h:39,
                 from C:/Users/sarto/Documents/Travail/M1/M&T/GAYA_SARTORIUS_cheap-SERUM/firmware2/main.c:8:
./config.h:1:1: error: unterminated #ifndef
C:/Users/sarto/Documents/Pd/externals/Fraise/eeparams/eeparams.c(118) : error 4: 'fopen' failed on file 'firmware2-objs/eeparams/eeparams.asm'
firmware2-objs/fruit/fruit.o: No such file or directory
C:/Users/sarto/Documents/Pd/externals/Fraise/eeparams/eeparams.c(118) : error 4: 'fopen' failed on file 'firmware2-objs/eeparams/eeparams.asm'
firmware2-objs/fruit/fruit.o: No such file or directory
C:/Users/sarto/Documents/Pd/externals/Fraise/eeparams/eeparams.c(118) : error 4: 'fopen' failed on file 'firmware2-objs/eeparams/eeparams.asm'
firmware2-objs/fruit/fruit.o: No such file or directory
C:/Users/sarto/Documents/Pd/externals/Fraise/eeparams/eeparams.c(118) : error 4: 'fopen' failed on file 'firmware2-objs/eeparams/eeparams.asm'
firmware2-objs/fruit/fruit.o: No such file or directory
