gpasm-1.0.0 #932 (Jan 21 2013) firmware1-objs   4-9-2021  14:35:04          PAGE  1


LOC  OBJECT CODE     LINE SOURCE TEXT
  VALUE

                      00001 ;--------------------------------------------------------
                      00002 ; File Created by SDCC : free open source ANSI-C Compiler
                      00003 ; Version 3.6.5 #9830 (MINGW32)
                      00004 ;--------------------------------------------------------
                      00005 ; PIC16 port for the Microchip 16-bit core micros
                      00006 ;--------------------------------------------------------
                      00007         list    p=18f26k22
                      00008         radix   dec
                      00009 
                      00010 
                      00011 ;--------------------------------------------------------
                      00012 ; public variables in this module
                      00013 ;--------------------------------------------------------
  0000                00014         global  _fruitInit
                      00015 
                      00016 ;--------------------------------------------------------
                      00017 ; extern variables in this module
                      00018 ;--------------------------------------------------------
  0000                00019         extern  _ANSELAbits
  0000                00020         extern  _ANSELBbits
  0000                00021         extern  _ANSELCbits
  0000                00022         extern  _PMD2bits
  0000                00023         extern  _PMD1bits
  0000                00024         extern  _PMD0bits
  0000                00025         extern  _DACCON1bits
  0000                00026         extern  _VREFCON2bits
  0000                00027         extern  _DACCON0bits
  0000                00028         extern  _VREFCON1bits
  0000                00029         extern  _FVRCONbits
  0000                00030         extern  _VREFCON0bits
  0000                00031         extern  _CTMUICONbits
  0000                00032         extern  _CTMUICONHbits
  0000                00033         extern  _CTMUCON1bits
  0000                00034         extern  _CTMUCONLbits
  0000                00035         extern  _CTMUCON0bits
  0000                00036         extern  _CTMUCONHbits
  0000                00037         extern  _SRCON1bits
  0000                00038         extern  _SRCON0bits
  0000                00039         extern  _CCPTMRS1bits
  0000                00040         extern  _CCPTMRS0bits
  0000                00041         extern  _T6CONbits
  0000                00042         extern  _T5GCONbits
  0000                00043         extern  _T5CONbits
  0000                00044         extern  _T4CONbits
  0000                00045         extern  _CCP5CONbits
  0000                00046         extern  _CCP4CONbits
  0000                00047         extern  _PSTR3CONbits
  0000                00048         extern  _CCP3ASbits
  0000                00049         extern  _ECCP3ASbits
  0000                00050         extern  _PWM3CONbits
  0000                00051         extern  _CCP3CONbits
  0000                00052         extern  _SLRCONbits
  0000                00053         extern  _WPUBbits
gpasm-1.0.0 #932 (Jan 21 2013) firmware1-objs   4-9-2021  14:35:04          PAGE  2


LOC  OBJECT CODE     LINE SOURCE TEXT
  VALUE

  0000                00054         extern  _IOCBbits
  0000                00055         extern  _PSTR2CONbits
  0000                00056         extern  _CCP2ASbits
  0000                00057         extern  _ECCP2ASbits
  0000                00058         extern  _PWM2CONbits
  0000                00059         extern  _CCP2CONbits
  0000                00060         extern  _SSP2CON3bits
  0000                00061         extern  _SSP2MSKbits
  0000                00062         extern  _SSP2CON2bits
  0000                00063         extern  _SSP2CON1bits
  0000                00064         extern  _SSP2STATbits
  0000                00065         extern  _BAUD2CONbits
  0000                00066         extern  _BAUDCON2bits
  0000                00067         extern  _RC2STAbits
  0000                00068         extern  _RCSTA2bits
  0000                00069         extern  _TX2STAbits
  0000                00070         extern  _TXSTA2bits
  0000                00071         extern  _CM12CONbits
  0000                00072         extern  _CM2CON1bits
  0000                00073         extern  _CM2CONbits
  0000                00074         extern  _CM2CON0bits
  0000                00075         extern  _CM1CONbits
  0000                00076         extern  _CM1CON0bits
  0000                00077         extern  _PIE4bits
  0000                00078         extern  _PIR4bits
  0000                00079         extern  _IPR4bits
  0000                00080         extern  _PIE5bits
  0000                00081         extern  _PIR5bits
  0000                00082         extern  _IPR5bits
  0000                00083         extern  _PORTAbits
  0000                00084         extern  _PORTBbits
  0000                00085         extern  _PORTCbits
  0000                00086         extern  _PORTEbits
  0000                00087         extern  _LATAbits
  0000                00088         extern  _LATBbits
  0000                00089         extern  _LATCbits
  0000                00090         extern  _DDRAbits
  0000                00091         extern  _TRISAbits
  0000                00092         extern  _DDRBbits
  0000                00093         extern  _TRISBbits
  0000                00094         extern  _DDRCbits
  0000                00095         extern  _TRISCbits
  0000                00096         extern  _TRISEbits
  0000                00097         extern  _OSCTUNEbits
  0000                00098         extern  _HLVDCONbits
  0000                00099         extern  _LVDCONbits
  0000                00100         extern  _PIE1bits
  0000                00101         extern  _PIR1bits
  0000                00102         extern  _IPR1bits
  0000                00103         extern  _PIE2bits
  0000                00104         extern  _PIR2bits
  0000                00105         extern  _IPR2bits
  0000                00106         extern  _PIE3bits
gpasm-1.0.0 #932 (Jan 21 2013) firmware1-objs   4-9-2021  14:35:04          PAGE  3


LOC  OBJECT CODE     LINE SOURCE TEXT
  VALUE

  0000                00107         extern  _PIR3bits
  0000                00108         extern  _IPR3bits
  0000                00109         extern  _EECON1bits
  0000                00110         extern  _EEADRbits
  0000                00111         extern  _EEADRHbits
  0000                00112         extern  _RC1STAbits
  0000                00113         extern  _RCSTAbits
  0000                00114         extern  _RCSTA1bits
  0000                00115         extern  _TX1STAbits
  0000                00116         extern  _TXSTAbits
  0000                00117         extern  _TXSTA1bits
  0000                00118         extern  _T3CONbits
  0000                00119         extern  _T3GCONbits
  0000                00120         extern  _ECCP1ASbits
  0000                00121         extern  _ECCPASbits
  0000                00122         extern  _PWM1CONbits
  0000                00123         extern  _PWMCONbits
  0000                00124         extern  _BAUD1CONbits
  0000                00125         extern  _BAUDCONbits
  0000                00126         extern  _BAUDCON1bits
  0000                00127         extern  _BAUDCTLbits
  0000                00128         extern  _PSTR1CONbits
  0000                00129         extern  _PSTRCONbits
  0000                00130         extern  _T2CONbits
  0000                00131         extern  _CCP1CONbits
  0000                00132         extern  _ADCON2bits
  0000                00133         extern  _ADCON1bits
  0000                00134         extern  _ADCON0bits
  0000                00135         extern  _SSP1CON2bits
  0000                00136         extern  _SSPCON2bits
  0000                00137         extern  _SSP1CON1bits
  0000                00138         extern  _SSPCON1bits
  0000                00139         extern  _SSP1STATbits
  0000                00140         extern  _SSPSTATbits
  0000                00141         extern  _SSP1MSKbits
  0000                00142         extern  _SSPMSKbits
  0000                00143         extern  _SSP1CON3bits
  0000                00144         extern  _SSPCON3bits
  0000                00145         extern  _T1GCONbits
  0000                00146         extern  _T1CONbits
  0000                00147         extern  _RCONbits
  0000                00148         extern  _WDTCONbits
  0000                00149         extern  _OSCCON2bits
  0000                00150         extern  _OSCCONbits
  0000                00151         extern  _T0CONbits
  0000                00152         extern  _STATUSbits
  0000                00153         extern  _INTCON3bits
  0000                00154         extern  _INTCON2bits
  0000                00155         extern  _INTCONbits
  0000                00156         extern  _STKPTRbits
  0000                00157         extern  _stdin
  0000                00158         extern  _stdout
  0000                00159         extern  _Now
gpasm-1.0.0 #932 (Jan 21 2013) firmware1-objs   4-9-2021  14:35:04          PAGE  4


LOC  OBJECT CODE     LINE SOURCE TEXT
  VALUE

  0000                00160         extern  _PORTZ
  0000                00161         extern  _PORTZbits
  0000                00162         extern  _LATZ
  0000                00163         extern  _LATZbits
  0000                00164         extern  _TRICZ
  0000                00165         extern  _TRISZbits
  0000                00166         extern  _ANSELZ
  0000                00167         extern  _ANSELZbits
  0000                00168         extern  _ANSELA
  0000                00169         extern  _ANSELB
  0000                00170         extern  _ANSELC
  0000                00171         extern  _PMD2
  0000                00172         extern  _PMD1
  0000                00173         extern  _PMD0
  0000                00174         extern  _DACCON1
  0000                00175         extern  _VREFCON2
  0000                00176         extern  _DACCON0
  0000                00177         extern  _VREFCON1
  0000                00178         extern  _FVRCON
  0000                00179         extern  _VREFCON0
  0000                00180         extern  _CTMUICON
  0000                00181         extern  _CTMUICONH
  0000                00182         extern  _CTMUCON1
  0000                00183         extern  _CTMUCONL
  0000                00184         extern  _CTMUCON0
  0000                00185         extern  _CTMUCONH
  0000                00186         extern  _SRCON1
  0000                00187         extern  _SRCON0
  0000                00188         extern  _CCPTMRS1
  0000                00189         extern  _CCPTMRS0
  0000                00190         extern  _T6CON
  0000                00191         extern  _PR6
  0000                00192         extern  _TMR6
  0000                00193         extern  _T5GCON
  0000                00194         extern  _T5CON
  0000                00195         extern  _TMR5
  0000                00196         extern  _TMR5L
  0000                00197         extern  _TMR5H
  0000                00198         extern  _T4CON
  0000                00199         extern  _PR4
  0000                00200         extern  _TMR4
  0000                00201         extern  _CCP5CON
  0000                00202         extern  _CCPR5
  0000                00203         extern  _CCPR5L
  0000                00204         extern  _CCPR5H
  0000                00205         extern  _CCP4CON
  0000                00206         extern  _CCPR4
  0000                00207         extern  _CCPR4L
  0000                00208         extern  _CCPR4H
  0000                00209         extern  _PSTR3CON
  0000                00210         extern  _CCP3AS
  0000                00211         extern  _ECCP3AS
  0000                00212         extern  _PWM3CON
gpasm-1.0.0 #932 (Jan 21 2013) firmware1-objs   4-9-2021  14:35:04          PAGE  5


LOC  OBJECT CODE     LINE SOURCE TEXT
  VALUE

  0000                00213         extern  _CCP3CON
  0000                00214         extern  _CCPR3
  0000                00215         extern  _CCPR3L
  0000                00216         extern  _CCPR3H
  0000                00217         extern  _SLRCON
  0000                00218         extern  _WPUB
  0000                00219         extern  _IOCB
  0000                00220         extern  _PSTR2CON
  0000                00221         extern  _CCP2AS
  0000                00222         extern  _ECCP2AS
  0000                00223         extern  _PWM2CON
  0000                00224         extern  _CCP2CON
  0000                00225         extern  _CCPR2
  0000                00226         extern  _CCPR2L
  0000                00227         extern  _CCPR2H
  0000                00228         extern  _SSP2CON3
  0000                00229         extern  _SSP2MSK
  0000                00230         extern  _SSP2CON2
  0000                00231         extern  _SSP2CON1
  0000                00232         extern  _SSP2STAT
  0000                00233         extern  _SSP2ADD
  0000                00234         extern  _SSP2BUF
  0000                00235         extern  _BAUD2CON
  0000                00236         extern  _BAUDCON2
  0000                00237         extern  _RC2STA
  0000                00238         extern  _RCSTA2
  0000                00239         extern  _TX2STA
  0000                00240         extern  _TXSTA2
  0000                00241         extern  _TX2REG
  0000                00242         extern  _TXREG2
  0000                00243         extern  _RC2REG
  0000                00244         extern  _RCREG2
  0000                00245         extern  _SP2BRG
  0000                00246         extern  _SPBRG2
  0000                00247         extern  _SP2BRGH
  0000                00248         extern  _SPBRGH2
  0000                00249         extern  _CM12CON
  0000                00250         extern  _CM2CON1
  0000                00251         extern  _CM2CON
  0000                00252         extern  _CM2CON0
  0000                00253         extern  _CM1CON
  0000                00254         extern  _CM1CON0
  0000                00255         extern  _PIE4
  0000                00256         extern  _PIR4
  0000                00257         extern  _IPR4
  0000                00258         extern  _PIE5
  0000                00259         extern  _PIR5
  0000                00260         extern  _IPR5
  0000                00261         extern  _PORTA
  0000                00262         extern  _PORTB
  0000                00263         extern  _PORTC
  0000                00264         extern  _PORTE
  0000                00265         extern  _LATA
gpasm-1.0.0 #932 (Jan 21 2013) firmware1-objs   4-9-2021  14:35:04          PAGE  6


LOC  OBJECT CODE     LINE SOURCE TEXT
  VALUE

  0000                00266         extern  _LATB
  0000                00267         extern  _LATC
  0000                00268         extern  _DDRA
  0000                00269         extern  _TRISA
  0000                00270         extern  _DDRB
  0000                00271         extern  _TRISB
  0000                00272         extern  _DDRC
  0000                00273         extern  _TRISC
  0000                00274         extern  _TRISE
  0000                00275         extern  _OSCTUNE
  0000                00276         extern  _HLVDCON
  0000                00277         extern  _LVDCON
  0000                00278         extern  _PIE1
  0000                00279         extern  _PIR1
  0000                00280         extern  _IPR1
  0000                00281         extern  _PIE2
  0000                00282         extern  _PIR2
  0000                00283         extern  _IPR2
  0000                00284         extern  _PIE3
  0000                00285         extern  _PIR3
  0000                00286         extern  _IPR3
  0000                00287         extern  _EECON1
  0000                00288         extern  _EECON2
  0000                00289         extern  _EEDATA
  0000                00290         extern  _EEADR
  0000                00291         extern  _EEADRH
  0000                00292         extern  _RC1STA
  0000                00293         extern  _RCSTA
  0000                00294         extern  _RCSTA1
  0000                00295         extern  _TX1STA
  0000                00296         extern  _TXSTA
  0000                00297         extern  _TXSTA1
  0000                00298         extern  _TX1REG
  0000                00299         extern  _TXREG
  0000                00300         extern  _TXREG1
  0000                00301         extern  _RC1REG
  0000                00302         extern  _RCREG
  0000                00303         extern  _RCREG1
  0000                00304         extern  _SP1BRG
  0000                00305         extern  _SPBRG
  0000                00306         extern  _SPBRG1
  0000                00307         extern  _SP1BRGH
  0000                00308         extern  _SPBRGH
  0000                00309         extern  _SPBRGH1
  0000                00310         extern  _T3CON
  0000                00311         extern  _TMR3
  0000                00312         extern  _TMR3L
  0000                00313         extern  _TMR3H
  0000                00314         extern  _T3GCON
  0000                00315         extern  _ECCP1AS
  0000                00316         extern  _ECCPAS
  0000                00317         extern  _PWM1CON
  0000                00318         extern  _PWMCON
gpasm-1.0.0 #932 (Jan 21 2013) firmware1-objs   4-9-2021  14:35:04          PAGE  7


LOC  OBJECT CODE     LINE SOURCE TEXT
  VALUE

  0000                00319         extern  _BAUD1CON
  0000                00320         extern  _BAUDCON
  0000                00321         extern  _BAUDCON1
  0000                00322         extern  _BAUDCTL
  0000                00323         extern  _PSTR1CON
  0000                00324         extern  _PSTRCON
  0000                00325         extern  _T2CON
  0000                00326         extern  _PR2
  0000                00327         extern  _TMR2
  0000                00328         extern  _CCP1CON
  0000                00329         extern  _CCPR1
  0000                00330         extern  _CCPR1L
  0000                00331         extern  _CCPR1H
  0000                00332         extern  _ADCON2
  0000                00333         extern  _ADCON1
  0000                00334         extern  _ADCON0
  0000                00335         extern  _ADRES
  0000                00336         extern  _ADRESL
  0000                00337         extern  _ADRESH
  0000                00338         extern  _SSP1CON2
  0000                00339         extern  _SSPCON2
  0000                00340         extern  _SSP1CON1
  0000                00341         extern  _SSPCON1
  0000                00342         extern  _SSP1STAT
  0000                00343         extern  _SSPSTAT
  0000                00344         extern  _SSP1ADD
  0000                00345         extern  _SSPADD
  0000                00346         extern  _SSP1BUF
  0000                00347         extern  _SSPBUF
  0000                00348         extern  _SSP1MSK
  0000                00349         extern  _SSPMSK
  0000                00350         extern  _SSP1CON3
  0000                00351         extern  _SSPCON3
  0000                00352         extern  _T1GCON
  0000                00353         extern  _T1CON
  0000                00354         extern  _TMR1
  0000                00355         extern  _TMR1L
  0000                00356         extern  _TMR1H
  0000                00357         extern  _RCON
  0000                00358         extern  _WDTCON
  0000                00359         extern  _OSCCON2
  0000                00360         extern  _OSCCON
  0000                00361         extern  _T0CON
  0000                00362         extern  _TMR0
  0000                00363         extern  _TMR0L
  0000                00364         extern  _TMR0H
  0000                00365         extern  _STATUS
  0000                00366         extern  _FSR2L
  0000                00367         extern  _FSR2H
  0000                00368         extern  _PLUSW2
  0000                00369         extern  _PREINC2
  0000                00370         extern  _POSTDEC2
  0000                00371         extern  _POSTINC2
gpasm-1.0.0 #932 (Jan 21 2013) firmware1-objs   4-9-2021  14:35:04          PAGE  8


LOC  OBJECT CODE     LINE SOURCE TEXT
  VALUE

  0000                00372         extern  _INDF2
  0000                00373         extern  _BSR
  0000                00374         extern  _FSR1L
  0000                00375         extern  _FSR1H
  0000                00376         extern  _PLUSW1
  0000                00377         extern  _PREINC1
  0000                00378         extern  _POSTDEC1
  0000                00379         extern  _POSTINC1
  0000                00380         extern  _INDF1
  0000                00381         extern  _WREG
  0000                00382         extern  _FSR0L
  0000                00383         extern  _FSR0H
  0000                00384         extern  _PLUSW0
  0000                00385         extern  _PREINC0
  0000                00386         extern  _POSTDEC0
  0000                00387         extern  _POSTINC0
  0000                00388         extern  _INDF0
  0000                00389         extern  _INTCON3
  0000                00390         extern  _INTCON2
  0000                00391         extern  _INTCON
  0000                00392         extern  _PROD
  0000                00393         extern  _PRODL
  0000                00394         extern  _PRODH
  0000                00395         extern  _TABLAT
  0000                00396         extern  _TBLPTR
  0000                00397         extern  _TBLPTRL
  0000                00398         extern  _TBLPTRH
  0000                00399         extern  _TBLPTRU
  0000                00400         extern  _PC
  0000                00401         extern  _PCL
  0000                00402         extern  _PCLATH
  0000                00403         extern  _PCLATU
  0000                00404         extern  _STKPTR
  0000                00405         extern  _TOS
  0000                00406         extern  _TOSL
  0000                00407         extern  _TOSH
  0000                00408         extern  _TOSU
  0000                00409         extern  _coreInit
  0000                00410         extern  _fraiseInit
                      00411 
                      00412 ;--------------------------------------------------------
                      00413 ; global & static initialisations
                      00414 ;--------------------------------------------------------
                      00415 ; I code from now on!
                      00416 ; ; Starting pCode block
                      00417 S_fruit__fruitInit      code
000000                00418 _fruitInit:
                      00419 ;       .line   29; C:/Users/sarto/Documents/Pd/externals/Fraise/fruit/fruit.c  coreInit();     
000000 EC?? F0??      00420         CALL    _coreInit
                      00421 ;       .line   30; C:/Users/sarto/Documents/Pd/externals/Fraise/fruit/fruit.c  fraiseInit();
000004 EC?? F0??      00422         CALL    _fraiseInit
000008 0012           00423         RETURN  
                      00424 
gpasm-1.0.0 #932 (Jan 21 2013) firmware1-objs   4-9-2021  14:35:04          PAGE  9


LOC  OBJECT CODE     LINE SOURCE TEXT
  VALUE

                      00425 
                      00426 
                      00427 ; Statistics:
                      00428 ; code size:       10 (0x000a) bytes ( 0.01%)
                      00429 ;                   5 (0x0005) words
                      00430 ; udata size:       0 (0x0000) bytes ( 0.00%)
                      00431 ; access size:      0 (0x0000) bytes
                      00432 
                      00433 
                      00434         end
gpasm-1.0.0 #932 (Jan 21 2013) firmware1-objs   4-9-2021  14:35:04          PAGE 10


SYMBOL TABLE
  LABEL                             VALUE

_ADCON0                           00000000
_ADCON0bits                       00000000
_ADCON1                           00000000
_ADCON1bits                       00000000
_ADCON2                           00000000
_ADCON2bits                       00000000
_ADRES                            00000000
_ADRESH                           00000000
_ADRESL                           00000000
_ANSELA                           00000000
_ANSELAbits                       00000000
_ANSELB                           00000000
_ANSELBbits                       00000000
_ANSELC                           00000000
_ANSELCbits                       00000000
_ANSELZ                           00000000
_ANSELZbits                       00000000
_BAUD1CON                         00000000
_BAUD1CONbits                     00000000
_BAUD2CON                         00000000
_BAUD2CONbits                     00000000
_BAUDCON                          00000000
_BAUDCON1                         00000000
_BAUDCON1bits                     00000000
_BAUDCON2                         00000000
_BAUDCON2bits                     00000000
_BAUDCONbits                      00000000
_BAUDCTL                          00000000
_BAUDCTLbits                      00000000
_BSR                              00000000
_CCP1CON                          00000000
_CCP1CONbits                      00000000
_CCP2AS                           00000000
_CCP2ASbits                       00000000
_CCP2CON                          00000000
_CCP2CONbits                      00000000
_CCP3AS                           00000000
_CCP3ASbits                       00000000
_CCP3CON                          00000000
_CCP3CONbits                      00000000
_CCP4CON                          00000000
_CCP4CONbits                      00000000
_CCP5CON                          00000000
_CCP5CONbits                      00000000
_CCPR1                            00000000
_CCPR1H                           00000000
_CCPR1L                           00000000
_CCPR2                            00000000
_CCPR2H                           00000000
_CCPR2L                           00000000
_CCPR3                            00000000
_CCPR3H                           00000000
_CCPR3L                           00000000
gpasm-1.0.0 #932 (Jan 21 2013) firmware1-objs   4-9-2021  14:35:04          PAGE 11


SYMBOL TABLE
  LABEL                             VALUE 

_CCPR4                            00000000
_CCPR4H                           00000000
_CCPR4L                           00000000
_CCPR5                            00000000
_CCPR5H                           00000000
_CCPR5L                           00000000
_CCPTMRS0                         00000000
_CCPTMRS0bits                     00000000
_CCPTMRS1                         00000000
_CCPTMRS1bits                     00000000
_CM12CON                          00000000
_CM12CONbits                      00000000
_CM1CON                           00000000
_CM1CON0                          00000000
_CM1CON0bits                      00000000
_CM1CONbits                       00000000
_CM2CON                           00000000
_CM2CON0                          00000000
_CM2CON0bits                      00000000
_CM2CON1                          00000000
_CM2CON1bits                      00000000
_CM2CONbits                       00000000
_CTMUCON0                         00000000
_CTMUCON0bits                     00000000
_CTMUCON1                         00000000
_CTMUCON1bits                     00000000
_CTMUCONH                         00000000
_CTMUCONHbits                     00000000
_CTMUCONL                         00000000
_CTMUCONLbits                     00000000
_CTMUICON                         00000000
_CTMUICONH                        00000000
_CTMUICONHbits                    00000000
_CTMUICONbits                     00000000
_DACCON0                          00000000
_DACCON0bits                      00000000
_DACCON1                          00000000
_DACCON1bits                      00000000
_DDRA                             00000000
_DDRAbits                         00000000
_DDRB                             00000000
_DDRBbits                         00000000
_DDRC                             00000000
_DDRCbits                         00000000
_ECCP1AS                          00000000
_ECCP1ASbits                      00000000
_ECCP2AS                          00000000
_ECCP2ASbits                      00000000
_ECCP3AS                          00000000
_ECCP3ASbits                      00000000
_ECCPAS                           00000000
_ECCPASbits                       00000000
_EEADR                            00000000
gpasm-1.0.0 #932 (Jan 21 2013) firmware1-objs   4-9-2021  14:35:04          PAGE 12


SYMBOL TABLE
  LABEL                             VALUE 

_EEADRH                           00000000
_EEADRHbits                       00000000
_EEADRbits                        00000000
_EECON1                           00000000
_EECON1bits                       00000000
_EECON2                           00000000
_EEDATA                           00000000
_FSR0H                            00000000
_FSR0L                            00000000
_FSR1H                            00000000
_FSR1L                            00000000
_FSR2H                            00000000
_FSR2L                            00000000
_FVRCON                           00000000
_FVRCONbits                       00000000
_HLVDCON                          00000000
_HLVDCONbits                      00000000
_INDF0                            00000000
_INDF1                            00000000
_INDF2                            00000000
_INTCON                           00000000
_INTCON2                          00000000
_INTCON2bits                      00000000
_INTCON3                          00000000
_INTCON3bits                      00000000
_INTCONbits                       00000000
_IOCB                             00000000
_IOCBbits                         00000000
_IPR1                             00000000
_IPR1bits                         00000000
_IPR2                             00000000
_IPR2bits                         00000000
_IPR3                             00000000
_IPR3bits                         00000000
_IPR4                             00000000
_IPR4bits                         00000000
_IPR5                             00000000
_IPR5bits                         00000000
_LATA                             00000000
_LATAbits                         00000000
_LATB                             00000000
_LATBbits                         00000000
_LATC                             00000000
_LATCbits                         00000000
_LATZ                             00000000
_LATZbits                         00000000
_LVDCON                           00000000
_LVDCONbits                       00000000
_Now                              00000000
_OSCCON                           00000000
_OSCCON2                          00000000
_OSCCON2bits                      00000000
_OSCCONbits                       00000000
gpasm-1.0.0 #932 (Jan 21 2013) firmware1-objs   4-9-2021  14:35:04          PAGE 13


SYMBOL TABLE
  LABEL                             VALUE 

_OSCTUNE                          00000000
_OSCTUNEbits                      00000000
_PC                               00000000
_PCL                              00000000
_PCLATH                           00000000
_PCLATU                           00000000
_PIE1                             00000000
_PIE1bits                         00000000
_PIE2                             00000000
_PIE2bits                         00000000
_PIE3                             00000000
_PIE3bits                         00000000
_PIE4                             00000000
_PIE4bits                         00000000
_PIE5                             00000000
_PIE5bits                         00000000
_PIR1                             00000000
_PIR1bits                         00000000
_PIR2                             00000000
_PIR2bits                         00000000
_PIR3                             00000000
_PIR3bits                         00000000
_PIR4                             00000000
_PIR4bits                         00000000
_PIR5                             00000000
_PIR5bits                         00000000
_PLUSW0                           00000000
_PLUSW1                           00000000
_PLUSW2                           00000000
_PMD0                             00000000
_PMD0bits                         00000000
_PMD1                             00000000
_PMD1bits                         00000000
_PMD2                             00000000
_PMD2bits                         00000000
_PORTA                            00000000
_PORTAbits                        00000000
_PORTB                            00000000
_PORTBbits                        00000000
_PORTC                            00000000
_PORTCbits                        00000000
_PORTE                            00000000
_PORTEbits                        00000000
_PORTZ                            00000000
_PORTZbits                        00000000
_POSTDEC0                         00000000
_POSTDEC1                         00000000
_POSTDEC2                         00000000
_POSTINC0                         00000000
_POSTINC1                         00000000
_POSTINC2                         00000000
_PR2                              00000000
_PR4                              00000000
gpasm-1.0.0 #932 (Jan 21 2013) firmware1-objs   4-9-2021  14:35:04          PAGE 14


SYMBOL TABLE
  LABEL                             VALUE 

_PR6                              00000000
_PREINC0                          00000000
_PREINC1                          00000000
_PREINC2                          00000000
_PROD                             00000000
_PRODH                            00000000
_PRODL                            00000000
_PSTR1CON                         00000000
_PSTR1CONbits                     00000000
_PSTR2CON                         00000000
_PSTR2CONbits                     00000000
_PSTR3CON                         00000000
_PSTR3CONbits                     00000000
_PSTRCON                          00000000
_PSTRCONbits                      00000000
_PWM1CON                          00000000
_PWM1CONbits                      00000000
_PWM2CON                          00000000
_PWM2CONbits                      00000000
_PWM3CON                          00000000
_PWM3CONbits                      00000000
_PWMCON                           00000000
_PWMCONbits                       00000000
_RC1REG                           00000000
_RC1STA                           00000000
_RC1STAbits                       00000000
_RC2REG                           00000000
_RC2STA                           00000000
_RC2STAbits                       00000000
_RCON                             00000000
_RCONbits                         00000000
_RCREG                            00000000
_RCREG1                           00000000
_RCREG2                           00000000
_RCSTA                            00000000
_RCSTA1                           00000000
_RCSTA1bits                       00000000
_RCSTA2                           00000000
_RCSTA2bits                       00000000
_RCSTAbits                        00000000
_SLRCON                           00000000
_SLRCONbits                       00000000
_SP1BRG                           00000000
_SP1BRGH                          00000000
_SP2BRG                           00000000
_SP2BRGH                          00000000
_SPBRG                            00000000
_SPBRG1                           00000000
_SPBRG2                           00000000
_SPBRGH                           00000000
_SPBRGH1                          00000000
_SPBRGH2                          00000000
_SRCON0                           00000000
gpasm-1.0.0 #932 (Jan 21 2013) firmware1-objs   4-9-2021  14:35:04          PAGE 15


SYMBOL TABLE
  LABEL                             VALUE 

_SRCON0bits                       00000000
_SRCON1                           00000000
_SRCON1bits                       00000000
_SSP1ADD                          00000000
_SSP1BUF                          00000000
_SSP1CON1                         00000000
_SSP1CON1bits                     00000000
_SSP1CON2                         00000000
_SSP1CON2bits                     00000000
_SSP1CON3                         00000000
_SSP1CON3bits                     00000000
_SSP1MSK                          00000000
_SSP1MSKbits                      00000000
_SSP1STAT                         00000000
_SSP1STATbits                     00000000
_SSP2ADD                          00000000
_SSP2BUF                          00000000
_SSP2CON1                         00000000
_SSP2CON1bits                     00000000
_SSP2CON2                         00000000
_SSP2CON2bits                     00000000
_SSP2CON3                         00000000
_SSP2CON3bits                     00000000
_SSP2MSK                          00000000
_SSP2MSKbits                      00000000
_SSP2STAT                         00000000
_SSP2STATbits                     00000000
_SSPADD                           00000000
_SSPBUF                           00000000
_SSPCON1                          00000000
_SSPCON1bits                      00000000
_SSPCON2                          00000000
_SSPCON2bits                      00000000
_SSPCON3                          00000000
_SSPCON3bits                      00000000
_SSPMSK                           00000000
_SSPMSKbits                       00000000
_SSPSTAT                          00000000
_SSPSTATbits                      00000000
_STATUS                           00000000
_STATUSbits                       00000000
_STKPTR                           00000000
_STKPTRbits                       00000000
_T0CON                            00000000
_T0CONbits                        00000000
_T1CON                            00000000
_T1CONbits                        00000000
_T1GCON                           00000000
_T1GCONbits                       00000000
_T2CON                            00000000
_T2CONbits                        00000000
_T3CON                            00000000
_T3CONbits                        00000000
gpasm-1.0.0 #932 (Jan 21 2013) firmware1-objs   4-9-2021  14:35:04          PAGE 16


SYMBOL TABLE
  LABEL                             VALUE 

_T3GCON                           00000000
_T3GCONbits                       00000000
_T4CON                            00000000
_T4CONbits                        00000000
_T5CON                            00000000
_T5CONbits                        00000000
_T5GCON                           00000000
_T5GCONbits                       00000000
_T6CON                            00000000
_T6CONbits                        00000000
_TABLAT                           00000000
_TBLPTR                           00000000
_TBLPTRH                          00000000
_TBLPTRL                          00000000
_TBLPTRU                          00000000
_TMR0                             00000000
_TMR0H                            00000000
_TMR0L                            00000000
_TMR1                             00000000
_TMR1H                            00000000
_TMR1L                            00000000
_TMR2                             00000000
_TMR3                             00000000
_TMR3H                            00000000
_TMR3L                            00000000
_TMR4                             00000000
_TMR5                             00000000
_TMR5H                            00000000
_TMR5L                            00000000
_TMR6                             00000000
_TOS                              00000000
_TOSH                             00000000
_TOSL                             00000000
_TOSU                             00000000
_TRICZ                            00000000
_TRISA                            00000000
_TRISAbits                        00000000
_TRISB                            00000000
_TRISBbits                        00000000
_TRISC                            00000000
_TRISCbits                        00000000
_TRISE                            00000000
_TRISEbits                        00000000
_TRISZbits                        00000000
_TX1REG                           00000000
_TX1STA                           00000000
_TX1STAbits                       00000000
_TX2REG                           00000000
_TX2STA                           00000000
_TX2STAbits                       00000000
_TXREG                            00000000
_TXREG1                           00000000
_TXREG2                           00000000
gpasm-1.0.0 #932 (Jan 21 2013) firmware1-objs   4-9-2021  14:35:04          PAGE 17


SYMBOL TABLE
  LABEL                             VALUE 

_TXSTA                            00000000
_TXSTA1                           00000000
_TXSTA1bits                       00000000
_TXSTA2                           00000000
_TXSTA2bits                       00000000
_TXSTAbits                        00000000
_VREFCON0                         00000000
_VREFCON0bits                     00000000
_VREFCON1                         00000000
_VREFCON1bits                     00000000
_VREFCON2                         00000000
_VREFCON2bits                     00000000
_WDTCON                           00000000
_WDTCONbits                       00000000
_WPUB                             00000000
_WPUBbits                         00000000
_WREG                             00000000
__18F26K22                        00000001
_coreInit                         00000000
_fraiseInit                       00000000
_fruitInit                        00000000
_stdin                            00000000
_stdout                           00000000

Errors   :     0
Warnings :     0 reported,     0 suppressed
Messages :     0 reported,     0 suppressed

